
  .   ____          _            __ _ _
 /\\ / ___'_ __ _ _(_)_ __  __ _ \ \ \ \
( ( )\___ | '_ | '_| | '_ \/ _` | \ \ \ \
 \\/  ___)| |_)| | | | | || (_| |  ) ) ) )
  '  |____| .__|_| |_|_| |_\__, | / / / /
 =========|_|==============|___/=/_/_/_/
 :: Spring Boot ::                (v3.2.3)

2026-03-13T16:03:50.509+05:30  INFO 11936 --- [backend] [           main] c.ecommerce.backend.BackendApplication   : Starting BackendApplication v0.0.1-SNAPSHOT using Java 21.0.10 with PID 11936 (E:\E_Commerce\backend\target\backend-0.0.1-SNAPSHOT.jar started by mahar in E:\E_Commerce\backend)
2026-03-13T16:03:50.513+05:30 DEBUG 11936 --- [backend] [           main] c.ecommerce.backend.BackendApplication   : Running with Spring Boot v3.2.3, Spring v6.1.4
2026-03-13T16:03:50.514+05:30  INFO 11936 --- [backend] [           main] c.ecommerce.backend.BackendApplication   : No active profile set, falling back to 1 default profile: "default"
2026-03-13T16:03:52.368+05:30  INFO 11936 --- [backend] [           main] .s.d.r.c.RepositoryConfigurationDelegate : Bootstrapping Spring Data JPA repositories in DEFAULT mode.
2026-03-13T16:03:52.455+05:30  INFO 11936 --- [backend] [           main] .s.d.r.c.RepositoryConfigurationDelegate : Finished Spring Data repository scanning in 77 ms. Found 4 JPA repository interfaces.
2026-03-13T16:03:53.282+05:30  INFO 11936 --- [backend] [           main] o.s.b.w.embedded.tomcat.TomcatWebServer  : Tomcat initialized with port 8080 (http)
2026-03-13T16:03:53.295+05:30  INFO 11936 --- [backend] [           main] o.apache.catalina.core.StandardService   : Starting service [Tomcat]
2026-03-13T16:03:53.295+05:30  INFO 11936 --- [backend] [           main] o.apache.catalina.core.StandardEngine    : Starting Servlet engine: [Apache Tomcat/10.1.19]
2026-03-13T16:03:53.341+05:30  INFO 11936 --- [backend] [           main] o.a.c.c.C.[Tomcat].[localhost].[/]       : Initializing Spring embedded WebApplicationContext
2026-03-13T16:03:53.341+05:30  INFO 11936 --- [backend] [           main] w.s.c.ServletWebServerApplicationContext : Root WebApplicationContext: initialization completed in 2636 ms
2026-03-13T16:03:53.589+05:30  INFO 11936 --- [backend] [           main] o.hibernate.jpa.internal.util.LogHelper  : HHH000204: Processing PersistenceUnitInfo [name: default]
2026-03-13T16:03:53.703+05:30  INFO 11936 --- [backend] [           main] org.hibernate.Version                    : HHH000412: Hibernate ORM core version 6.4.4.Final
2026-03-13T16:03:53.768+05:30  INFO 11936 --- [backend] [           main] o.h.c.internal.RegionFactoryInitiator    : HHH000026: Second-level cache disabled
2026-03-13T16:03:54.189+05:30  INFO 11936 --- [backend] [           main] o.s.o.j.p.SpringPersistenceUnitInfo      : No LoadTimeWeaver setup: ignoring JPA class transformer
2026-03-13T16:03:54.230+05:30  INFO 11936 --- [backend] [           main] com.zaxxer.hikari.HikariDataSource       : HikariPool-1 - Starting...
2026-03-13T16:03:54.485+05:30  INFO 11936 --- [backend] [           main] com.zaxxer.hikari.pool.HikariPool        : HikariPool-1 - Added connection com.mysql.cj.jdbc.ConnectionImpl@1999149e
2026-03-13T16:03:54.491+05:30  INFO 11936 --- [backend] [           main] com.zaxxer.hikari.HikariDataSource       : HikariPool-1 - Start completed.
2026-03-13T16:03:54.553+05:30  WARN 11936 --- [backend] [           main] org.hibernate.orm.deprecation            : HHH90000025: MySQLDialect does not need to be specified explicitly using 'hibernate.dialect' (remove the property setting and it will be selected by default)
2026-03-13T16:03:55.712+05:30  INFO 11936 --- [backend] [           main] o.h.e.t.j.p.i.JtaPlatformInitiator       : HHH000489: No JTA platform available (set 'hibernate.transaction.jta.platform' to enable JTA platform integration)
2026-03-13T16:03:55.816+05:30  INFO 11936 --- [backend] [           main] j.LocalContainerEntityManagerFactoryBean : Initialized JPA EntityManagerFactory for persistence unit 'default'
2026-03-13T16:03:56.472+05:30  INFO 11936 --- [backend] [           main] o.s.d.j.r.query.QueryEnhancerFactory     : Hibernate is in classpath; If applicable, HQL parser will be used.
2026-03-13T16:03:57.437+05:30  WARN 11936 --- [backend] [           main] JpaBaseConfiguration$JpaWebConfiguration : spring.jpa.open-in-view is enabled by default. Therefore, database queries may be performed during view rendering. Explicitly configure spring.jpa.open-in-view to disable this warning
2026-03-13T16:03:58.276+05:30  INFO 11936 --- [backend] [           main] o.s.b.w.embedded.tomcat.TomcatWebServer  : Tomcat started on port 8080 (http) with context path ''
2026-03-13T16:03:58.296+05:30  INFO 11936 --- [backend] [           main] c.ecommerce.backend.BackendApplication   : Started BackendApplication in 8.43 seconds (process running for 9.21)
