
  .   ____          _            __ _ _
 /\\ / ___'_ __ _ _(_)_ __  __ _ \ \ \ \
( ( )\___ | '_ | '_| | '_ \/ _` | \ \ \ \
 \\/  ___)| |_)| | | | | || (_| |  ) ) ) )
  '  |____| .__|_| |_|_| |_\__, | / / / /
 =========|_|==============|___/=/_/_/_/
 :: Spring Boot ::                (v3.2.3)

2026-03-14T22:46:49.800+05:30  INFO 26644 --- [ecommerce-marketplace] [           main] c.ecommerce.backend.BackendApplication   : Starting BackendApplication v0.0.1-SNAPSHOT using Java 21.0.10 with PID 26644 (E:\E_Commerce\backend\target\backend-0.0.1-SNAPSHOT.jar started by mahar in E:\E_Commerce\backend)
2026-03-14T22:46:49.804+05:30 DEBUG 26644 --- [ecommerce-marketplace] [           main] c.ecommerce.backend.BackendApplication   : Running with Spring Boot v3.2.3, Spring v6.1.4
2026-03-14T22:46:49.804+05:30  INFO 26644 --- [ecommerce-marketplace] [           main] c.ecommerce.backend.BackendApplication   : No active profile set, falling back to 1 default profile: "default"
2026-03-14T22:46:51.576+05:30  INFO 26644 --- [ecommerce-marketplace] [           main] .s.d.r.c.RepositoryConfigurationDelegate : Bootstrapping Spring Data JPA repositories in DEFAULT mode.
2026-03-14T22:46:51.690+05:30  INFO 26644 --- [ecommerce-marketplace] [           main] .s.d.r.c.RepositoryConfigurationDelegate : Finished Spring Data repository scanning in 110 ms. Found 13 JPA repository interfaces.
2026-03-14T22:46:52.887+05:30  INFO 26644 --- [ecommerce-marketplace] [           main] o.s.b.w.embedded.tomcat.TomcatWebServer  : Tomcat initialized with port 8080 (http)
2026-03-14T22:46:52.906+05:30  INFO 26644 --- [ecommerce-marketplace] [           main] o.apache.catalina.core.StandardService   : Starting service [Tomcat]
2026-03-14T22:46:52.906+05:30  INFO 26644 --- [ecommerce-marketplace] [           main] o.apache.catalina.core.StandardEngine    : Starting Servlet engine: [Apache Tomcat/10.1.19]
2026-03-14T22:46:52.964+05:30  INFO 26644 --- [ecommerce-marketplace] [           main] o.a.c.c.C.[Tomcat].[localhost].[/]       : Initializing Spring embedded WebApplicationContext
2026-03-14T22:46:52.966+05:30  INFO 26644 --- [ecommerce-marketplace] [           main] w.s.c.ServletWebServerApplicationContext : Root WebApplicationContext: initialization completed in 3026 ms
2026-03-14T22:46:53.172+05:30  INFO 26644 --- [ecommerce-marketplace] [           main] o.hibernate.jpa.internal.util.LogHelper  : HHH000204: Processing PersistenceUnitInfo [name: default]
2026-03-14T22:46:53.274+05:30  INFO 26644 --- [ecommerce-marketplace] [           main] org.hibernate.Version                    : HHH000412: Hibernate ORM core version 6.4.4.Final
2026-03-14T22:46:53.348+05:30  INFO 26644 --- [ecommerce-marketplace] [           main] o.h.c.internal.RegionFactoryInitiator    : HHH000026: Second-level cache disabled
2026-03-14T22:46:53.746+05:30  INFO 26644 --- [ecommerce-marketplace] [           main] o.s.o.j.p.SpringPersistenceUnitInfo      : No LoadTimeWeaver setup: ignoring JPA class transformer
2026-03-14T22:46:53.786+05:30  INFO 26644 --- [ecommerce-marketplace] [           main] com.zaxxer.hikari.HikariDataSource       : HikariPool-1 - Starting...
2026-03-14T22:46:54.032+05:30  INFO 26644 --- [ecommerce-marketplace] [           main] com.zaxxer.hikari.pool.HikariPool        : HikariPool-1 - Added connection com.mysql.cj.jdbc.ConnectionImpl@6463da36
2026-03-14T22:46:54.038+05:30  INFO 26644 --- [ecommerce-marketplace] [           main] com.zaxxer.hikari.HikariDataSource       : HikariPool-1 - Start completed.
2026-03-14T22:46:54.111+05:30  WARN 26644 --- [ecommerce-marketplace] [           main] org.hibernate.orm.deprecation            : HHH90000025: MySQLDialect does not need to be specified explicitly using 'hibernate.dialect' (remove the property setting and it will be selected by default)
2026-03-14T22:46:55.801+05:30  INFO 26644 --- [ecommerce-marketplace] [           main] o.h.e.t.j.p.i.JtaPlatformInitiator       : HHH000489: No JTA platform available (set 'hibernate.transaction.jta.platform' to enable JTA platform integration)
2026-03-14T22:46:56.125+05:30  INFO 26644 --- [ecommerce-marketplace] [           main] j.LocalContainerEntityManagerFactoryBean : Initialized JPA EntityManagerFactory for persistence unit 'default'
2026-03-14T22:46:56.731+05:30 DEBUG 26644 --- [ecommerce-marketplace] [           main] c.e.b.security.JwtAuthenticationFilter   : Filter 'jwtAuthenticationFilter' configured for use
2026-03-14T22:46:56.890+05:30  INFO 26644 --- [ecommerce-marketplace] [           main] o.s.d.j.r.query.QueryEnhancerFactory     : Hibernate is in classpath; If applicable, HQL parser will be used.
2026-03-14T22:46:58.417+05:30  WARN 26644 --- [ecommerce-marketplace] [           main] JpaBaseConfiguration$JpaWebConfiguration : spring.jpa.open-in-view is enabled by default. Therefore, database queries may be performed during view rendering. Explicitly configure spring.jpa.open-in-view to disable this warning
2026-03-14T22:46:59.440+05:30  WARN 26644 --- [ecommerce-marketplace] [           main] ConfigServletWebServerApplicationContext : Exception encountered during context initialization - cancelling refresh attempt: org.springframework.context.ApplicationContextException: Failed to start bean 'webServerStartStop'
2026-03-14T22:46:59.445+05:30  INFO 26644 --- [ecommerce-marketplace] [           main] j.LocalContainerEntityManagerFactoryBean : Closing JPA EntityManagerFactory for persistence unit 'default'
2026-03-14T22:46:59.447+05:30  INFO 26644 --- [ecommerce-marketplace] [           main] com.zaxxer.hikari.HikariDataSource       : HikariPool-1 - Shutdown initiated...
2026-03-14T22:46:59.454+05:30  INFO 26644 --- [ecommerce-marketplace] [           main] com.zaxxer.hikari.HikariDataSource       : HikariPool-1 - Shutdown completed.
2026-03-14T22:46:59.472+05:30  INFO 26644 --- [ecommerce-marketplace] [           main] .s.b.a.l.ConditionEvaluationReportLogger : 

Error starting ApplicationContext. To display the condition evaluation report re-run your application with 'debug' enabled.
2026-03-14T22:46:59.504+05:30 ERROR 26644 --- [ecommerce-marketplace] [           main] o.s.b.d.LoggingFailureAnalysisReporter   : 

***************************
APPLICATION FAILED TO START
***************************

Description:

Web server failed to start. Port 8080 was already in use.

Action:

Identify and stop the process that's listening on port 8080 or configure this application to listen on another port.

