[INFO] Scanning for projects...
[INFO] 
[INFO] -----------------------< com.ecommerce:backend >------------------------
[INFO] Building backend 0.0.1-SNAPSHOT
[INFO]   from pom.xml
[INFO] --------------------------------[ jar ]---------------------------------
[INFO] 
[INFO] >>> spring-boot:3.2.3:run (default-cli) > test-compile @ backend >>>
[INFO] 
[INFO] --- resources:3.3.1:resources (default-resources) @ backend ---
[INFO] Copying 2 resources from src\main\resources to target\classes
[INFO] Copying 0 resource from src\main\resources to target\classes
[INFO] 
[INFO] --- compiler:3.11.0:compile (default-compile) @ backend ---
[INFO] Changes detected - recompiling the module! :source
[INFO] Compiling 101 source files with javac [debug release 21] to target\classes
[INFO] Annotation processing is enabled because one or more processors were found
  on the class path. A future release of javac may disable annotation processing
  unless at least one processor is specified by name (-processor), or a search
  path is specified (--processor-path, --processor-module-path), or annotation
  processing is enabled explicitly (-proc:only, -proc:full).
  Use -Xlint:-options to suppress this message.
  Use -proc:none to disable annotation processing.
[INFO] -------------------------------------------------------------
[ERROR] COMPILATION ERROR : 
[INFO] -------------------------------------------------------------
[ERROR] /E:/E_Commerce/backend/src/main/java/com/ecommerce/backend/Services/OrderStatusService.java:[8,36] cannot access com.ecommerce.backend.Entity.Order
  bad source file: E:\E_Commerce\backend\src\main\java\com\ecommerce\backend\Entity\Order.java
    file does not contain class com.ecommerce.backend.Entity.Order
    Please remove or make sure it appears in the correct subdirectory of the sourcepath.
[ERROR] /E:/E_Commerce/backend/src/main/java/com/ecommerce/backend/Services/OrderStatusService.java:[9,36] cannot access com.ecommerce.backend.Entity.OrderItem
  bad source file: E:\E_Commerce\backend\src\main\java\com\ecommerce\backend\Entity\OrderItem.java
    file does not contain class com.ecommerce.backend.Entity.OrderItem
    Please remove or make sure it appears in the correct subdirectory of the sourcepath.
[ERROR] /E:/E_Commerce/backend/src/main/java/com/ecommerce/backend/Services/OrderStatusService.java:[11,40] cannot access com.ecommerce.backend.Repository.OrderRepository
  bad source file: E:\E_Commerce\backend\src\main\java\com\ecommerce\backend\Repository\OrderRepository.java
    file does not contain class com.ecommerce.backend.Repository.OrderRepository
    Please remove or make sure it appears in the correct subdirectory of the sourcepath.
[ERROR] /E:/E_Commerce/backend/src/main/java/com/ecommerce/backend/Services/ProductService.java:[5,36] cannot access com.ecommerce.backend.Entity.Product
  bad source file: E:\E_Commerce\backend\src\main\java\com\ecommerce\backend\Entity\Product.java
    file does not contain class com.ecommerce.backend.Entity.Product
    Please remove or make sure it appears in the correct subdirectory of the sourcepath.
[ERROR] /E:/E_Commerce/backend/src/main/java/com/ecommerce/backend/Services/ProductService.java:[7,39] cannot access com.ecommerce.backend.Exception.ResourceNotFoundException
  bad source file: E:\E_Commerce\backend\src\main\java\com\ecommerce\backend\Exception\ResourceNotFoundException.java
    file does not contain class com.ecommerce.backend.Exception.ResourceNotFoundException
    Please remove or make sure it appears in the correct subdirectory of the sourcepath.
[ERROR] /E:/E_Commerce/backend/src/main/java/com/ecommerce/backend/Services/ProductService.java:[9,40] cannot access com.ecommerce.backend.Repository.ProductRepository
  bad source file: E:\E_Commerce\backend\src\main\java\com\ecommerce\backend\Repository\ProductRepository.java
    file does not contain class com.ecommerce.backend.Repository.ProductRepository
    Please remove or make sure it appears in the correct subdirectory of the sourcepath.
[ERROR] /E:/E_Commerce/backend/src/main/java/com/ecommerce/backend/Services/UserService.java:[10,39] cannot access com.ecommerce.backend.Exception.UserAlreadyExistsException
  bad source file: E:\E_Commerce\backend\src\main\java\com\ecommerce\backend\Exception\UserAlreadyExistsException.java
    file does not contain class com.ecommerce.backend.Exception.UserAlreadyExistsException
    Please remove or make sure it appears in the correct subdirectory of the sourcepath.
[ERROR] /E:/E_Commerce/backend/src/main/java/com/ecommerce/backend/Services/UserService.java:[11,36] cannot access com.ecommerce.backend.Entity.User
  bad source file: E:\E_Commerce\backend\src\main\java\com\ecommerce\backend\Entity\User.java
    file does not contain class com.ecommerce.backend.Entity.User
    Please remove or make sure it appears in the correct subdirectory of the sourcepath.
[ERROR] /E:/E_Commerce/backend/src/main/java/com/ecommerce/backend/Services/UserService.java:[13,40] cannot access com.ecommerce.backend.Repository.UserRepository
  bad source file: E:\E_Commerce\backend\src\main\java\com\ecommerce\backend\Repository\UserRepository.java
    file does not contain class com.ecommerce.backend.Repository.UserRepository
    Please remove or make sure it appears in the correct subdirectory of the sourcepath.
[ERROR] /E:/E_Commerce/backend/src/main/java/com/ecommerce/backend/Entity/Order.java:[18,8] duplicate class: com.ecommerce.backend.entity.Order
[ERROR] /E:/E_Commerce/backend/src/main/java/com/ecommerce/backend/Entity/OrderItem.java:[14,8] duplicate class: com.ecommerce.backend.entity.OrderItem
[ERROR] /E:/E_Commerce/backend/src/main/java/com/ecommerce/backend/Repository/OrderRepository.java:[17,8] duplicate class: com.ecommerce.backend.repository.OrderRepository
[ERROR] /E:/E_Commerce/backend/src/main/java/com/ecommerce/backend/Services/OrderStatusService.java:[21,19] cannot find symbol
  symbol:   class OrderRepository
  location: class com.ecommerce.backend.Services.OrderStatusService
[ERROR] /E:/E_Commerce/backend/src/main/java/com/ecommerce/backend/Entity/Product.java:[18,8] duplicate class: com.ecommerce.backend.entity.Product
[ERROR] /E:/E_Commerce/backend/src/main/java/com/ecommerce/backend/Exception/ResourceNotFoundException.java:[3,8] duplicate class: com.ecommerce.backend.exception.ResourceNotFoundException
[ERROR] /E:/E_Commerce/backend/src/main/java/com/ecommerce/backend/Repository/ProductRepository.java:[16,8] duplicate class: com.ecommerce.backend.repository.ProductRepository
[ERROR] /E:/E_Commerce/backend/src/main/java/com/ecommerce/backend/Services/OrderStatusService.java:[24,31] cannot find symbol
  symbol:   class OrderRepository
  location: class com.ecommerce.backend.Services.OrderStatusService
[ERROR] /E:/E_Commerce/backend/src/main/java/com/ecommerce/backend/Services/OrderStatusService.java:[88,43] cannot find symbol
  symbol:   class Order
  location: class com.ecommerce.backend.Services.OrderStatusService
[ERROR] /E:/E_Commerce/backend/src/main/java/com/ecommerce/backend/Services/ProductService.java:[22,19] cannot find symbol
  symbol:   class ProductRepository
  location: class com.ecommerce.backend.Services.ProductService
[ERROR] /E:/E_Commerce/backend/src/main/java/com/ecommerce/backend/Services/ProductService.java:[24,27] cannot find symbol
  symbol:   class ProductRepository
  location: class com.ecommerce.backend.Services.ProductService
[ERROR] /E:/E_Commerce/backend/src/main/java/com/ecommerce/backend/Services/ProductService.java:[111,12] cannot find symbol
  symbol:   class Product
  location: class com.ecommerce.backend.Services.ProductService
[ERROR] /E:/E_Commerce/backend/src/main/java/com/ecommerce/backend/Services/ProductService.java:[126,47] cannot find symbol
  symbol:   class Product
  location: class com.ecommerce.backend.Services.ProductService
[ERROR] /E:/E_Commerce/backend/src/main/java/com/ecommerce/backend/Exception/UserAlreadyExistsException.java:[3,8] duplicate class: com.ecommerce.backend.exception.UserAlreadyExistsException
[ERROR] /E:/E_Commerce/backend/src/main/java/com/ecommerce/backend/Entity/User.java:[17,8] duplicate class: com.ecommerce.backend.entity.User
[ERROR] /E:/E_Commerce/backend/src/main/java/com/ecommerce/backend/Repository/UserRepository.java:[12,8] duplicate class: com.ecommerce.backend.repository.UserRepository
[ERROR] /E:/E_Commerce/backend/src/main/java/com/ecommerce/backend/Services/UserService.java:[26,19] cannot find symbol
  symbol:   class UserRepository
  location: class com.ecommerce.backend.Services.UserService
[ERROR] /E:/E_Commerce/backend/src/main/java/com/ecommerce/backend/Services/UserService.java:[27,24] cannot find symbol
  symbol:   class UserRepository
  location: class com.ecommerce.backend.Services.UserService
[ERROR] /E:/E_Commerce/backend/src/main/java/com/ecommerce/backend/Services/UserService.java:[119,41] cannot find symbol
  symbol:   class User
  location: class com.ecommerce.backend.Services.UserService
[ERROR] /E:/E_Commerce/backend/src/main/java/com/ecommerce/backend/Interceptor/AuthInterceptor.java:[16,13] cannot find symbol
  symbol:   class UserRepository
  location: class com.ecommerce.backend.Interceptor.AuthInterceptor
[ERROR] /E:/E_Commerce/backend/src/main/java/com/ecommerce/backend/Services/OrderService.java:[29,19] cannot find symbol
  symbol:   class OrderRepository
  location: class com.ecommerce.backend.Services.OrderService
[ERROR] /E:/E_Commerce/backend/src/main/java/com/ecommerce/backend/Services/OrderService.java:[30,19] cannot find symbol
  symbol:   class UserRepository
  location: class com.ecommerce.backend.Services.OrderService
[ERROR] /E:/E_Commerce/backend/src/main/java/com/ecommerce/backend/Services/OrderService.java:[33,25] cannot find symbol
  symbol:   class OrderRepository
  location: class com.ecommerce.backend.Services.OrderService
[ERROR] /E:/E_Commerce/backend/src/main/java/com/ecommerce/backend/Services/OrderService.java:[33,58] cannot find symbol
  symbol:   class UserRepository
  location: class com.ecommerce.backend.Services.OrderService
[ERROR] /E:/E_Commerce/backend/src/main/java/com/ecommerce/backend/Services/OrderService.java:[122,43] cannot find symbol
  symbol:   class Order
  location: class com.ecommerce.backend.Services.OrderService
[ERROR] /E:/E_Commerce/backend/src/main/java/com/ecommerce/backend/Repository/OrderItemRepository.java:[12,60] cannot find symbol
  symbol: class OrderItem
[ERROR] /E:/E_Commerce/backend/src/main/java/com/ecommerce/backend/Repository/OrderItemRepository.java:[14,10] cannot find symbol
  symbol:   class OrderItem
  location: interface com.ecommerce.backend.Repository.OrderItemRepository
[ERROR] /E:/E_Commerce/backend/src/main/java/com/ecommerce/backend/service/CartService.java:[37,40] cannot find symbol
  symbol:   method builder()
  location: class com.ecommerce.backend.entity.Cart
[ERROR] /E:/E_Commerce/backend/src/main/java/com/ecommerce/backend/service/CartService.java:[44,47] cannot find symbol
  symbol:   method getItems()
  location: variable cart of type com.ecommerce.backend.entity.Cart
[ERROR] /E:/E_Commerce/backend/src/main/java/com/ecommerce/backend/service/CartService.java:[49,62] cannot find symbol
  symbol:   method getQuantity()
  location: class com.ecommerce.backend.entity.CartItem
[ERROR] /E:/E_Commerce/backend/src/main/java/com/ecommerce/backend/service/CartService.java:[51,37] cannot find symbol
  symbol:   method builder()
  location: class com.ecommerce.backend.entity.CartItem
[ERROR] /E:/E_Commerce/backend/src/main/java/com/ecommerce/backend/service/CartService.java:[56,17] cannot find symbol
  symbol:   method getItems()
  location: variable cart of type com.ecommerce.backend.entity.Cart
[ERROR] /E:/E_Commerce/backend/src/main/java/com/ecommerce/backend/service/CartService.java:[65,13] cannot find symbol
  symbol:   method getItems()
  location: variable cart of type com.ecommerce.backend.entity.Cart
[ERROR] /E:/E_Commerce/backend/src/main/java/com/ecommerce/backend/service/CartService.java:[75,13] cannot find symbol
  symbol:   method getItems()
  location: variable cart of type com.ecommerce.backend.entity.Cart
[ERROR] /E:/E_Commerce/backend/src/main/java/com/ecommerce/backend/service/CartService.java:[82,13] cannot find symbol
  symbol:   method getItems()
  location: variable cart of type com.ecommerce.backend.entity.Cart
[ERROR] /E:/E_Commerce/backend/src/main/java/com/ecommerce/backend/Services/OrderStatusService.java:[31,9] cannot find symbol
  symbol:   class Order
  location: class com.ecommerce.backend.Services.OrderStatusService
[ERROR] /E:/E_Commerce/backend/src/main/java/com/ecommerce/backend/Services/OrderStatusService.java:[40,14] cannot find symbol
  symbol:   class OrderItem
  location: class com.ecommerce.backend.Services.OrderStatusService
[ERROR] /E:/E_Commerce/backend/src/main/java/com/ecommerce/backend/Services/OrderStatusService.java:[45,9] cannot find symbol
  symbol:   class Order
  location: class com.ecommerce.backend.Services.OrderStatusService
[ERROR] /E:/E_Commerce/backend/src/main/java/com/ecommerce/backend/Services/OrderStatusService.java:[52,9] cannot find symbol
  symbol:   class Order
  location: class com.ecommerce.backend.Services.OrderStatusService
[ERROR] /E:/E_Commerce/backend/src/main/java/com/ecommerce/backend/Services/OrderStatusService.java:[61,9] cannot find symbol
  symbol:   class Order
  location: class com.ecommerce.backend.Services.OrderStatusService
[ERROR] /E:/E_Commerce/backend/src/main/java/com/ecommerce/backend/Services/OrderStatusService.java:[68,9] cannot find symbol
  symbol:   class Order
  location: class com.ecommerce.backend.Services.OrderStatusService
[ERROR] /E:/E_Commerce/backend/src/main/java/com/ecommerce/backend/Services/OrderStatusService.java:[77,9] cannot find symbol
  symbol:   class Order
  location: class com.ecommerce.backend.Services.OrderStatusService
[ERROR] /E:/E_Commerce/backend/src/main/java/com/ecommerce/backend/Services/OrderStatusService.java:[90,47] cannot find symbol
  symbol:   method builder()
  location: class com.ecommerce.backend.dto.response.OrderItemResponse
[ERROR] /E:/E_Commerce/backend/src/main/java/com/ecommerce/backend/Services/OrderStatusService.java:[101,29] cannot find symbol
  symbol:   method builder()
  location: class com.ecommerce.backend.dto.response.OrderResponse
[ERROR] /E:/E_Commerce/backend/src/main/java/com/ecommerce/backend/Services/ProductService.java:[30,9] cannot find symbol
  symbol:   class Product
  location: class com.ecommerce.backend.Services.ProductService
[ERROR] /E:/E_Commerce/backend/src/main/java/com/ecommerce/backend/Services/ProductService.java:[30,27] cannot find symbol
  symbol:   variable Product
  location: class com.ecommerce.backend.Services.ProductService
[ERROR] /E:/E_Commerce/backend/src/main/java/com/ecommerce/backend/Services/ProductService.java:[31,30] cannot find symbol
  symbol:   method getName()
  location: variable request of type com.ecommerce.backend.dto.request.ProductRequest
[ERROR] /E:/E_Commerce/backend/src/main/java/com/ecommerce/backend/Services/ProductService.java:[32,37] cannot find symbol
  symbol:   method getDescription()
  location: variable request of type com.ecommerce.backend.dto.request.ProductRequest
[ERROR] /E:/E_Commerce/backend/src/main/java/com/ecommerce/backend/Services/ProductService.java:[33,31] cannot find symbol
  symbol:   method getPrice()
  location: variable request of type com.ecommerce.backend.dto.request.ProductRequest
[ERROR] /E:/E_Commerce/backend/src/main/java/com/ecommerce/backend/Services/ProductService.java:[34,43] cannot find symbol
  symbol:   method getAvailableQuantity()
  location: variable request of type com.ecommerce.backend.dto.request.ProductRequest
[ERROR] /E:/E_Commerce/backend/src/main/java/com/ecommerce/backend/Services/ProductService.java:[37,9] cannot find symbol
  symbol:   class Product
  location: class com.ecommerce.backend.Services.ProductService
[ERROR] /E:/E_Commerce/backend/src/main/java/com/ecommerce/backend/Services/ProductService.java:[64,9] cannot find symbol
  symbol:   class Product
  location: class com.ecommerce.backend.Services.ProductService
[ERROR] /E:/E_Commerce/backend/src/main/java/com/ecommerce/backend/Services/ProductService.java:[65,40] cannot find symbol
  symbol:   class ResourceNotFoundException
  location: class com.ecommerce.backend.Services.ProductService
[ERROR] /E:/E_Commerce/backend/src/main/java/com/ecommerce/backend/Services/ProductService.java:[71,9] cannot find symbol
  symbol:   class Product
  location: class com.ecommerce.backend.Services.ProductService
[ERROR] /E:/E_Commerce/backend/src/main/java/com/ecommerce/backend/Services/ProductService.java:[72,40] cannot find symbol
  symbol:   class ResourceNotFoundException
  location: class com.ecommerce.backend.Services.ProductService
[ERROR] /E:/E_Commerce/backend/src/main/java/com/ecommerce/backend/Services/ProductService.java:[73,32] cannot find symbol
  symbol:   method getName()
  location: variable request of type com.ecommerce.backend.dto.request.ProductRequest
[ERROR] /E:/E_Commerce/backend/src/main/java/com/ecommerce/backend/Services/ProductService.java:[74,39] cannot find symbol
  symbol:   method getDescription()
  location: variable request of type com.ecommerce.backend.dto.request.ProductRequest
[ERROR] /E:/E_Commerce/backend/src/main/java/com/ecommerce/backend/Services/ProductService.java:[75,33] cannot find symbol
  symbol:   method getPrice()
  location: variable request of type com.ecommerce.backend.dto.request.ProductRequest
[ERROR] /E:/E_Commerce/backend/src/main/java/com/ecommerce/backend/Services/ProductService.java:[76,45] cannot find symbol
  symbol:   method getAvailableQuantity()
  location: variable request of type com.ecommerce.backend.dto.request.ProductRequest
[ERROR] /E:/E_Commerce/backend/src/main/java/com/ecommerce/backend/Services/ProductService.java:[77,9] cannot find symbol
  symbol:   class Product
  location: class com.ecommerce.backend.Services.ProductService
[ERROR] /E:/E_Commerce/backend/src/main/java/com/ecommerce/backend/Services/ProductService.java:[83,9] cannot find symbol
  symbol:   class Product
  location: class com.ecommerce.backend.Services.ProductService
[ERROR] /E:/E_Commerce/backend/src/main/java/com/ecommerce/backend/Services/ProductService.java:[84,40] cannot find symbol
  symbol:   class ResourceNotFoundException
  location: class com.ecommerce.backend.Services.ProductService
[ERROR] /E:/E_Commerce/backend/src/main/java/com/ecommerce/backend/Services/ProductService.java:[87,9] cannot find symbol
  symbol:   class Product
  location: class com.ecommerce.backend.Services.ProductService
[ERROR] /E:/E_Commerce/backend/src/main/java/com/ecommerce/backend/Services/ProductService.java:[93,9] cannot find symbol
  symbol:   class Product
  location: class com.ecommerce.backend.Services.ProductService
[ERROR] /E:/E_Commerce/backend/src/main/java/com/ecommerce/backend/Services/ProductService.java:[94,40] cannot find symbol
  symbol:   class ResourceNotFoundException
  location: class com.ecommerce.backend.Services.ProductService
[ERROR] /E:/E_Commerce/backend/src/main/java/com/ecommerce/backend/Services/ProductService.java:[100,9] cannot find symbol
  symbol:   class Product
  location: class com.ecommerce.backend.Services.ProductService
[ERROR] /E:/E_Commerce/backend/src/main/java/com/ecommerce/backend/Services/ProductService.java:[101,40] cannot find symbol
  symbol:   class ResourceNotFoundException
  location: class com.ecommerce.backend.Services.ProductService
[ERROR] /E:/E_Commerce/backend/src/main/java/com/ecommerce/backend/Services/ProductService.java:[112,9] cannot find symbol
  symbol:   class Product
  location: class com.ecommerce.backend.Services.ProductService
[ERROR] /E:/E_Commerce/backend/src/main/java/com/ecommerce/backend/Services/ProductService.java:[113,40] cannot find symbol
  symbol:   class ResourceNotFoundException
  location: class com.ecommerce.backend.Services.ProductService
[ERROR] /E:/E_Commerce/backend/src/main/java/com/ecommerce/backend/Services/ProductService.java:[127,31] cannot find symbol
  symbol:   method builder()
  location: class com.ecommerce.backend.dto.response.ProductResponse
[ERROR] /E:/E_Commerce/backend/src/main/java/com/ecommerce/backend/service/PaymentService.java:[45,35] cannot find symbol
  symbol:   method getTotalAmount()
  location: variable order of type com.ecommerce.backend.entity.Order
[ERROR] /E:/E_Commerce/backend/src/main/java/com/ecommerce/backend/service/PaymentService.java:[56,24] cannot find symbol
  symbol:   method builder()
  location: class com.ecommerce.backend.entity.Payment
[ERROR] /E:/E_Commerce/backend/src/main/java/com/ecommerce/backend/service/PaymentService.java:[58,16] cannot find symbol
  symbol:   method setPaymentMethod(com.ecommerce.backend.entity.enums.PaymentMethod)
  location: variable payment of type com.ecommerce.backend.entity.Payment
[ERROR] /E:/E_Commerce/backend/src/main/java/com/ecommerce/backend/service/PaymentService.java:[59,16] cannot find symbol
  symbol:   method setStripePaymentIntentId(java.lang.String)
  location: variable payment of type com.ecommerce.backend.entity.Payment
[ERROR] /E:/E_Commerce/backend/src/main/java/com/ecommerce/backend/service/PaymentService.java:[60,32] cannot find symbol
  symbol:   method getTotalAmount()
  location: variable order of type com.ecommerce.backend.entity.Order
[ERROR] /E:/E_Commerce/backend/src/main/java/com/ecommerce/backend/service/PaymentService.java:[61,16] cannot find symbol
  symbol:   method setCurrency(java.lang.String)
  location: variable payment of type com.ecommerce.backend.entity.Payment
[ERROR] /E:/E_Commerce/backend/src/main/java/com/ecommerce/backend/service/PaymentService.java:[62,16] cannot find symbol
  symbol:   method setStatus(com.ecommerce.backend.entity.enums.PaymentStatus)
  location: variable payment of type com.ecommerce.backend.entity.Payment
[ERROR] /E:/E_Commerce/backend/src/main/java/com/ecommerce/backend/service/PaymentService.java:[65,31] cannot find symbol
  symbol:   method builder()
  location: class com.ecommerce.backend.dto.response.PaymentResponse
[ERROR] /E:/E_Commerce/backend/src/main/java/com/ecommerce/backend/service/PaymentService.java:[67,30] cannot find symbol
  symbol:   method getTotalAmount()
  location: variable order of type com.ecommerce.backend.entity.Order
[ERROR] /E:/E_Commerce/backend/src/main/java/com/ecommerce/backend/service/PaymentService.java:[82,16] cannot find symbol
  symbol:   method setTransactionId(java.lang.String)
  location: variable payment of type com.ecommerce.backend.entity.Payment
[ERROR] /E:/E_Commerce/backend/src/main/java/com/ecommerce/backend/service/PaymentService.java:[83,16] cannot find symbol
  symbol:   method setStatus(com.ecommerce.backend.entity.enums.PaymentStatus)
  location: variable payment of type com.ecommerce.backend.entity.Payment
[ERROR] /E:/E_Commerce/backend/src/main/java/com/ecommerce/backend/service/PaymentService.java:[84,16] cannot find symbol
  symbol:   method setPaidAt(java.time.LocalDateTime)
  location: variable payment of type com.ecommerce.backend.entity.Payment
[ERROR] /E:/E_Commerce/backend/src/main/java/com/ecommerce/backend/service/PaymentService.java:[87,14] cannot find symbol
  symbol:   method setStatus(com.ecommerce.backend.entity.enums.OrderStatus)
  location: variable order of type com.ecommerce.backend.entity.Order
[ERROR] /E:/E_Commerce/backend/src/main/java/com/ecommerce/backend/service/PaymentService.java:[90,31] cannot find symbol
  symbol:   method builder()
  location: class com.ecommerce.backend.dto.response.PaymentResponse
[ERROR] /E:/E_Commerce/backend/src/main/java/com/ecommerce/backend/service/PaymentService.java:[91,35] cannot find symbol
  symbol:   method getPaymentId()
  location: variable payment of type com.ecommerce.backend.entity.Payment
[ERROR] /E:/E_Commerce/backend/src/main/java/com/ecommerce/backend/service/PaymentService.java:[94,32] cannot find symbol
  symbol:   method getAmount()
  location: variable payment of type com.ecommerce.backend.entity.Payment
[ERROR] /E:/E_Commerce/backend/src/main/java/com/ecommerce/backend/service/PaymentService.java:[95,34] cannot find symbol
  symbol:   method getCurrency()
  location: variable payment of type com.ecommerce.backend.entity.Payment
[ERROR] /E:/E_Commerce/backend/src/main/java/com/ecommerce/backend/service/PaymentService.java:[97,32] cannot find symbol
  symbol:   method getPaidAt()
  location: variable payment of type com.ecommerce.backend.entity.Payment
[ERROR] /E:/E_Commerce/backend/src/main/java/com/ecommerce/backend/service/PaymentService.java:[106,34] cannot find symbol
  symbol:   method builder()
  location: class com.ecommerce.backend.entity.Payment
[ERROR] /E:/E_Commerce/backend/src/main/java/com/ecommerce/backend/service/PaymentService.java:[109,30] cannot find symbol
  symbol:   method getTotalAmount()
  location: variable order of type com.ecommerce.backend.entity.Order
[ERROR] /E:/E_Commerce/backend/src/main/java/com/ecommerce/backend/service/PaymentService.java:[115,14] cannot find symbol
  symbol:   method setStatus(com.ecommerce.backend.entity.enums.OrderStatus)
  location: variable order of type com.ecommerce.backend.entity.Order
[INFO] 100 errors 
[INFO] -------------------------------------------------------------
[INFO] ------------------------------------------------------------------------
[INFO] BUILD FAILURE
[INFO] ------------------------------------------------------------------------
[INFO] Total time:  6.379 s
[INFO] Finished at: 2026-03-14T21:50:48+05:30
[INFO] ------------------------------------------------------------------------
[ERROR] Failed to execute goal org.apache.maven.plugins:maven-compiler-plugin:3.11.0:compile (default-compile) on project backend: Compilation failure: Compilation failure: 
[ERROR] /E:/E_Commerce/backend/src/main/java/com/ecommerce/backend/Services/OrderStatusService.java:[8,36] cannot access com.ecommerce.backend.Entity.Order
[ERROR]   bad source file: E:\E_Commerce\backend\src\main\java\com\ecommerce\backend\Entity\Order.java
[ERROR]     file does not contain class com.ecommerce.backend.Entity.Order
[ERROR]     Please remove or make sure it appears in the correct subdirectory of the sourcepath.
[ERROR] /E:/E_Commerce/backend/src/main/java/com/ecommerce/backend/Services/OrderStatusService.java:[9,36] cannot access com.ecommerce.backend.Entity.OrderItem
[ERROR]   bad source file: E:\E_Commerce\backend\src\main\java\com\ecommerce\backend\Entity\OrderItem.java
[ERROR]     file does not contain class com.ecommerce.backend.Entity.OrderItem
[ERROR]     Please remove or make sure it appears in the correct subdirectory of the sourcepath.
[ERROR] /E:/E_Commerce/backend/src/main/java/com/ecommerce/backend/Services/OrderStatusService.java:[11,40] cannot access com.ecommerce.backend.Repository.OrderRepository
[ERROR]   bad source file: E:\E_Commerce\backend\src\main\java\com\ecommerce\backend\Repository\OrderRepository.java
[ERROR]     file does not contain class com.ecommerce.backend.Repository.OrderRepository
[ERROR]     Please remove or make sure it appears in the correct subdirectory of the sourcepath.
[ERROR] /E:/E_Commerce/backend/src/main/java/com/ecommerce/backend/Services/ProductService.java:[5,36] cannot access com.ecommerce.backend.Entity.Product
[ERROR]   bad source file: E:\E_Commerce\backend\src\main\java\com\ecommerce\backend\Entity\Product.java
[ERROR]     file does not contain class com.ecommerce.backend.Entity.Product
[ERROR]     Please remove or make sure it appears in the correct subdirectory of the sourcepath.
[ERROR] /E:/E_Commerce/backend/src/main/java/com/ecommerce/backend/Services/ProductService.java:[7,39] cannot access com.ecommerce.backend.Exception.ResourceNotFoundException
[ERROR]   bad source file: E:\E_Commerce\backend\src\main\java\com\ecommerce\backend\Exception\ResourceNotFoundException.java
[ERROR]     file does not contain class com.ecommerce.backend.Exception.ResourceNotFoundException
[ERROR]     Please remove or make sure it appears in the correct subdirectory of the sourcepath.
[ERROR] /E:/E_Commerce/backend/src/main/java/com/ecommerce/backend/Services/ProductService.java:[9,40] cannot access com.ecommerce.backend.Repository.ProductRepository
[ERROR]   bad source file: E:\E_Commerce\backend\src\main\java\com\ecommerce\backend\Repository\ProductRepository.java
[ERROR]     file does not contain class com.ecommerce.backend.Repository.ProductRepository
[ERROR]     Please remove or make sure it appears in the correct subdirectory of the sourcepath.
[ERROR] /E:/E_Commerce/backend/src/main/java/com/ecommerce/backend/Services/UserService.java:[10,39] cannot access com.ecommerce.backend.Exception.UserAlreadyExistsException
[ERROR]   bad source file: E:\E_Commerce\backend\src\main\java\com\ecommerce\backend\Exception\UserAlreadyExistsException.java
[ERROR]     file does not contain class com.ecommerce.backend.Exception.UserAlreadyExistsException
[ERROR]     Please remove or make sure it appears in the correct subdirectory of the sourcepath.
[ERROR] /E:/E_Commerce/backend/src/main/java/com/ecommerce/backend/Services/UserService.java:[11,36] cannot access com.ecommerce.backend.Entity.User
[ERROR]   bad source file: E:\E_Commerce\backend\src\main\java\com\ecommerce\backend\Entity\User.java
[ERROR]     file does not contain class com.ecommerce.backend.Entity.User
[ERROR]     Please remove or make sure it appears in the correct subdirectory of the sourcepath.
[ERROR] /E:/E_Commerce/backend/src/main/java/com/ecommerce/backend/Services/UserService.java:[13,40] cannot access com.ecommerce.backend.Repository.UserRepository
[ERROR]   bad source file: E:\E_Commerce\backend\src\main\java\com\ecommerce\backend\Repository\UserRepository.java
[ERROR]     file does not contain class com.ecommerce.backend.Repository.UserRepository
[ERROR]     Please remove or make sure it appears in the correct subdirectory of the sourcepath.
[ERROR] /E:/E_Commerce/backend/src/main/java/com/ecommerce/backend/Entity/Order.java:[18,8] duplicate class: com.ecommerce.backend.entity.Order
[ERROR] /E:/E_Commerce/backend/src/main/java/com/ecommerce/backend/Entity/OrderItem.java:[14,8] duplicate class: com.ecommerce.backend.entity.OrderItem
[ERROR] /E:/E_Commerce/backend/src/main/java/com/ecommerce/backend/Repository/OrderRepository.java:[17,8] duplicate class: com.ecommerce.backend.repository.OrderRepository
[ERROR] /E:/E_Commerce/backend/src/main/java/com/ecommerce/backend/Services/OrderStatusService.java:[21,19] cannot find symbol
[ERROR]   symbol:   class OrderRepository
[ERROR]   location: class com.ecommerce.backend.Services.OrderStatusService
[ERROR] /E:/E_Commerce/backend/src/main/java/com/ecommerce/backend/Entity/Product.java:[18,8] duplicate class: com.ecommerce.backend.entity.Product
[ERROR] /E:/E_Commerce/backend/src/main/java/com/ecommerce/backend/Exception/ResourceNotFoundException.java:[3,8] duplicate class: com.ecommerce.backend.exception.ResourceNotFoundException
[ERROR] /E:/E_Commerce/backend/src/main/java/com/ecommerce/backend/Repository/ProductRepository.java:[16,8] duplicate class: com.ecommerce.backend.repository.ProductRepository
[ERROR] /E:/E_Commerce/backend/src/main/java/com/ecommerce/backend/Services/OrderStatusService.java:[24,31] cannot find symbol
[ERROR]   symbol:   class OrderRepository
[ERROR]   location: class com.ecommerce.backend.Services.OrderStatusService
[ERROR] /E:/E_Commerce/backend/src/main/java/com/ecommerce/backend/Services/OrderStatusService.java:[88,43] cannot find symbol
[ERROR]   symbol:   class Order
[ERROR]   location: class com.ecommerce.backend.Services.OrderStatusService
[ERROR] /E:/E_Commerce/backend/src/main/java/com/ecommerce/backend/Services/ProductService.java:[22,19] cannot find symbol
[ERROR]   symbol:   class ProductRepository
[ERROR]   location: class com.ecommerce.backend.Services.ProductService
[ERROR] /E:/E_Commerce/backend/src/main/java/com/ecommerce/backend/Services/ProductService.java:[24,27] cannot find symbol
[ERROR]   symbol:   class ProductRepository
[ERROR]   location: class com.ecommerce.backend.Services.ProductService
[ERROR] /E:/E_Commerce/backend/src/main/java/com/ecommerce/backend/Services/ProductService.java:[111,12] cannot find symbol
[ERROR]   symbol:   class Product
[ERROR]   location: class com.ecommerce.backend.Services.ProductService
[ERROR] /E:/E_Commerce/backend/src/main/java/com/ecommerce/backend/Services/ProductService.java:[126,47] cannot find symbol
[ERROR]   symbol:   class Product
[ERROR]   location: class com.ecommerce.backend.Services.ProductService
[ERROR] /E:/E_Commerce/backend/src/main/java/com/ecommerce/backend/Exception/UserAlreadyExistsException.java:[3,8] duplicate class: com.ecommerce.backend.exception.UserAlreadyExistsException
[ERROR] /E:/E_Commerce/backend/src/main/java/com/ecommerce/backend/Entity/User.java:[17,8] duplicate class: com.ecommerce.backend.entity.User
[ERROR] /E:/E_Commerce/backend/src/main/java/com/ecommerce/backend/Repository/UserRepository.java:[12,8] duplicate class: com.ecommerce.backend.repository.UserRepository
[ERROR] /E:/E_Commerce/backend/src/main/java/com/ecommerce/backend/Services/UserService.java:[26,19] cannot find symbol
[ERROR]   symbol:   class UserRepository
[ERROR]   location: class com.ecommerce.backend.Services.UserService
[ERROR] /E:/E_Commerce/backend/src/main/java/com/ecommerce/backend/Services/UserService.java:[27,24] cannot find symbol
[ERROR]   symbol:   class UserRepository
[ERROR]   location: class com.ecommerce.backend.Services.UserService
[ERROR] /E:/E_Commerce/backend/src/main/java/com/ecommerce/backend/Services/UserService.java:[119,41] cannot find symbol
[ERROR]   symbol:   class User
[ERROR]   location: class com.ecommerce.backend.Services.UserService
[ERROR] /E:/E_Commerce/backend/src/main/java/com/ecommerce/backend/Interceptor/AuthInterceptor.java:[16,13] cannot find symbol
[ERROR]   symbol:   class UserRepository
[ERROR]   location: class com.ecommerce.backend.Interceptor.AuthInterceptor
[ERROR] /E:/E_Commerce/backend/src/main/java/com/ecommerce/backend/Services/OrderService.java:[29,19] cannot find symbol
[ERROR]   symbol:   class OrderRepository
[ERROR]   location: class com.ecommerce.backend.Services.OrderService
[ERROR] /E:/E_Commerce/backend/src/main/java/com/ecommerce/backend/Services/OrderService.java:[30,19] cannot find symbol
[ERROR]   symbol:   class UserRepository
[ERROR]   location: class com.ecommerce.backend.Services.OrderService
[ERROR] /E:/E_Commerce/backend/src/main/java/com/ecommerce/backend/Services/OrderService.java:[33,25] cannot find symbol
[ERROR]   symbol:   class OrderRepository
[ERROR]   location: class com.ecommerce.backend.Services.OrderService
[ERROR] /E:/E_Commerce/backend/src/main/java/com/ecommerce/backend/Services/OrderService.java:[33,58] cannot find symbol
[ERROR]   symbol:   class UserRepository
[ERROR]   location: class com.ecommerce.backend.Services.OrderService
[ERROR] /E:/E_Commerce/backend/src/main/java/com/ecommerce/backend/Services/OrderService.java:[122,43] cannot find symbol
[ERROR]   symbol:   class Order
[ERROR]   location: class com.ecommerce.backend.Services.OrderService
[ERROR] /E:/E_Commerce/backend/src/main/java/com/ecommerce/backend/Repository/OrderItemRepository.java:[12,60] cannot find symbol
[ERROR]   symbol: class OrderItem
[ERROR] /E:/E_Commerce/backend/src/main/java/com/ecommerce/backend/Repository/OrderItemRepository.java:[14,10] cannot find symbol
[ERROR]   symbol:   class OrderItem
[ERROR]   location: interface com.ecommerce.backend.Repository.OrderItemRepository
[ERROR] /E:/E_Commerce/backend/src/main/java/com/ecommerce/backend/service/CartService.java:[37,40] cannot find symbol
[ERROR]   symbol:   method builder()
[ERROR]   location: class com.ecommerce.backend.entity.Cart
[ERROR] /E:/E_Commerce/backend/src/main/java/com/ecommerce/backend/service/CartService.java:[44,47] cannot find symbol
[ERROR]   symbol:   method getItems()
[ERROR]   location: variable cart of type com.ecommerce.backend.entity.Cart
[ERROR] /E:/E_Commerce/backend/src/main/java/com/ecommerce/backend/service/CartService.java:[49,62] cannot find symbol
[ERROR]   symbol:   method getQuantity()
[ERROR]   location: class com.ecommerce.backend.entity.CartItem
[ERROR] /E:/E_Commerce/backend/src/main/java/com/ecommerce/backend/service/CartService.java:[51,37] cannot find symbol
[ERROR]   symbol:   method builder()
[ERROR]   location: class com.ecommerce.backend.entity.CartItem
[ERROR] /E:/E_Commerce/backend/src/main/java/com/ecommerce/backend/service/CartService.java:[56,17] cannot find symbol
[ERROR]   symbol:   method getItems()
[ERROR]   location: variable cart of type com.ecommerce.backend.entity.Cart
[ERROR] /E:/E_Commerce/backend/src/main/java/com/ecommerce/backend/service/CartService.java:[65,13] cannot find symbol
[ERROR]   symbol:   method getItems()
[ERROR]   location: variable cart of type com.ecommerce.backend.entity.Cart
[ERROR] /E:/E_Commerce/backend/src/main/java/com/ecommerce/backend/service/CartService.java:[75,13] cannot find symbol
[ERROR]   symbol:   method getItems()
[ERROR]   location: variable cart of type com.ecommerce.backend.entity.Cart
[ERROR] /E:/E_Commerce/backend/src/main/java/com/ecommerce/backend/service/CartService.java:[82,13] cannot find symbol
[ERROR]   symbol:   method getItems()
[ERROR]   location: variable cart of type com.ecommerce.backend.entity.Cart
[ERROR] /E:/E_Commerce/backend/src/main/java/com/ecommerce/backend/Services/OrderStatusService.java:[31,9] cannot find symbol
[ERROR]   symbol:   class Order
[ERROR]   location: class com.ecommerce.backend.Services.OrderStatusService
[ERROR] /E:/E_Commerce/backend/src/main/java/com/ecommerce/backend/Services/OrderStatusService.java:[40,14] cannot find symbol
[ERROR]   symbol:   class OrderItem
[ERROR]   location: class com.ecommerce.backend.Services.OrderStatusService
[ERROR] /E:/E_Commerce/backend/src/main/java/com/ecommerce/backend/Services/OrderStatusService.java:[45,9] cannot find symbol
[ERROR]   symbol:   class Order
[ERROR]   location: class com.ecommerce.backend.Services.OrderStatusService
[ERROR] /E:/E_Commerce/backend/src/main/java/com/ecommerce/backend/Services/OrderStatusService.java:[52,9] cannot find symbol
[ERROR]   symbol:   class Order
[ERROR]   location: class com.ecommerce.backend.Services.OrderStatusService
[ERROR] /E:/E_Commerce/backend/src/main/java/com/ecommerce/backend/Services/OrderStatusService.java:[61,9] cannot find symbol
[ERROR]   symbol:   class Order
[ERROR]   location: class com.ecommerce.backend.Services.OrderStatusService
[ERROR] /E:/E_Commerce/backend/src/main/java/com/ecommerce/backend/Services/OrderStatusService.java:[68,9] cannot find symbol
[ERROR]   symbol:   class Order
[ERROR]   location: class com.ecommerce.backend.Services.OrderStatusService
[ERROR] /E:/E_Commerce/backend/src/main/java/com/ecommerce/backend/Services/OrderStatusService.java:[77,9] cannot find symbol
[ERROR]   symbol:   class Order
[ERROR]   location: class com.ecommerce.backend.Services.OrderStatusService
[ERROR] /E:/E_Commerce/backend/src/main/java/com/ecommerce/backend/Services/OrderStatusService.java:[90,47] cannot find symbol
[ERROR]   symbol:   method builder()
[ERROR]   location: class com.ecommerce.backend.dto.response.OrderItemResponse
[ERROR] /E:/E_Commerce/backend/src/main/java/com/ecommerce/backend/Services/OrderStatusService.java:[101,29] cannot find symbol
[ERROR]   symbol:   method builder()
[ERROR]   location: class com.ecommerce.backend.dto.response.OrderResponse
[ERROR] /E:/E_Commerce/backend/src/main/java/com/ecommerce/backend/Services/ProductService.java:[30,9] cannot find symbol
[ERROR]   symbol:   class Product
[ERROR]   location: class com.ecommerce.backend.Services.ProductService
[ERROR] /E:/E_Commerce/backend/src/main/java/com/ecommerce/backend/Services/ProductService.java:[30,27] cannot find symbol
[ERROR]   symbol:   variable Product
[ERROR]   location: class com.ecommerce.backend.Services.ProductService
[ERROR] /E:/E_Commerce/backend/src/main/java/com/ecommerce/backend/Services/ProductService.java:[31,30] cannot find symbol
[ERROR]   symbol:   method getName()
[ERROR]   location: variable request of type com.ecommerce.backend.dto.request.ProductRequest
[ERROR] /E:/E_Commerce/backend/src/main/java/com/ecommerce/backend/Services/ProductService.java:[32,37] cannot find symbol
[ERROR]   symbol:   method getDescription()
[ERROR]   location: variable request of type com.ecommerce.backend.dto.request.ProductRequest
[ERROR] /E:/E_Commerce/backend/src/main/java/com/ecommerce/backend/Services/ProductService.java:[33,31] cannot find symbol
[ERROR]   symbol:   method getPrice()
[ERROR]   location: variable request of type com.ecommerce.backend.dto.request.ProductRequest
[ERROR] /E:/E_Commerce/backend/src/main/java/com/ecommerce/backend/Services/ProductService.java:[34,43] cannot find symbol
[ERROR]   symbol:   method getAvailableQuantity()
[ERROR]   location: variable request of type com.ecommerce.backend.dto.request.ProductRequest
[ERROR] /E:/E_Commerce/backend/src/main/java/com/ecommerce/backend/Services/ProductService.java:[37,9] cannot find symbol
[ERROR]   symbol:   class Product
[ERROR]   location: class com.ecommerce.backend.Services.ProductService
[ERROR] /E:/E_Commerce/backend/src/main/java/com/ecommerce/backend/Services/ProductService.java:[64,9] cannot find symbol
[ERROR]   symbol:   class Product
[ERROR]   location: class com.ecommerce.backend.Services.ProductService
[ERROR] /E:/E_Commerce/backend/src/main/java/com/ecommerce/backend/Services/ProductService.java:[65,40] cannot find symbol
[ERROR]   symbol:   class ResourceNotFoundException
[ERROR]   location: class com.ecommerce.backend.Services.ProductService
[ERROR] /E:/E_Commerce/backend/src/main/java/com/ecommerce/backend/Services/ProductService.java:[71,9] cannot find symbol
[ERROR]   symbol:   class Product
[ERROR]   location: class com.ecommerce.backend.Services.ProductService
[ERROR] /E:/E_Commerce/backend/src/main/java/com/ecommerce/backend/Services/ProductService.java:[72,40] cannot find symbol
[ERROR]   symbol:   class ResourceNotFoundException
[ERROR]   location: class com.ecommerce.backend.Services.ProductService
[ERROR] /E:/E_Commerce/backend/src/main/java/com/ecommerce/backend/Services/ProductService.java:[73,32] cannot find symbol
[ERROR]   symbol:   method getName()
[ERROR]   location: variable request of type com.ecommerce.backend.dto.request.ProductRequest
[ERROR] /E:/E_Commerce/backend/src/main/java/com/ecommerce/backend/Services/ProductService.java:[74,39] cannot find symbol
[ERROR]   symbol:   method getDescription()
[ERROR]   location: variable request of type com.ecommerce.backend.dto.request.ProductRequest
[ERROR] /E:/E_Commerce/backend/src/main/java/com/ecommerce/backend/Services/ProductService.java:[75,33] cannot find symbol
[ERROR]   symbol:   method getPrice()
[ERROR]   location: variable request of type com.ecommerce.backend.dto.request.ProductRequest
[ERROR] /E:/E_Commerce/backend/src/main/java/com/ecommerce/backend/Services/ProductService.java:[76,45] cannot find symbol
[ERROR]   symbol:   method getAvailableQuantity()
[ERROR]   location: variable request of type com.ecommerce.backend.dto.request.ProductRequest
[ERROR] /E:/E_Commerce/backend/src/main/java/com/ecommerce/backend/Services/ProductService.java:[77,9] cannot find symbol
[ERROR]   symbol:   class Product
[ERROR]   location: class com.ecommerce.backend.Services.ProductService
[ERROR] /E:/E_Commerce/backend/src/main/java/com/ecommerce/backend/Services/ProductService.java:[83,9] cannot find symbol
[ERROR]   symbol:   class Product
[ERROR]   location: class com.ecommerce.backend.Services.ProductService
[ERROR] /E:/E_Commerce/backend/src/main/java/com/ecommerce/backend/Services/ProductService.java:[84,40] cannot find symbol
[ERROR]   symbol:   class ResourceNotFoundException
[ERROR]   location: class com.ecommerce.backend.Services.ProductService
[ERROR] /E:/E_Commerce/backend/src/main/java/com/ecommerce/backend/Services/ProductService.java:[87,9] cannot find symbol
[ERROR]   symbol:   class Product
[ERROR]   location: class com.ecommerce.backend.Services.ProductService
[ERROR] /E:/E_Commerce/backend/src/main/java/com/ecommerce/backend/Services/ProductService.java:[93,9] cannot find symbol
[ERROR]   symbol:   class Product
[ERROR]   location: class com.ecommerce.backend.Services.ProductService
[ERROR] /E:/E_Commerce/backend/src/main/java/com/ecommerce/backend/Services/ProductService.java:[94,40] cannot find symbol
[ERROR]   symbol:   class ResourceNotFoundException
[ERROR]   location: class com.ecommerce.backend.Services.ProductService
[ERROR] /E:/E_Commerce/backend/src/main/java/com/ecommerce/backend/Services/ProductService.java:[100,9] cannot find symbol
[ERROR]   symbol:   class Product
[ERROR]   location: class com.ecommerce.backend.Services.ProductService
[ERROR] /E:/E_Commerce/backend/src/main/java/com/ecommerce/backend/Services/ProductService.java:[101,40] cannot find symbol
[ERROR]   symbol:   class ResourceNotFoundException
[ERROR]   location: class com.ecommerce.backend.Services.ProductService
[ERROR] /E:/E_Commerce/backend/src/main/java/com/ecommerce/backend/Services/ProductService.java:[112,9] cannot find symbol
[ERROR]   symbol:   class Product
[ERROR]   location: class com.ecommerce.backend.Services.ProductService
[ERROR] /E:/E_Commerce/backend/src/main/java/com/ecommerce/backend/Services/ProductService.java:[113,40] cannot find symbol
[ERROR]   symbol:   class ResourceNotFoundException
[ERROR]   location: class com.ecommerce.backend.Services.ProductService
[ERROR] /E:/E_Commerce/backend/src/main/java/com/ecommerce/backend/Services/ProductService.java:[127,31] cannot find symbol
[ERROR]   symbol:   method builder()
[ERROR]   location: class com.ecommerce.backend.dto.response.ProductResponse
[ERROR] /E:/E_Commerce/backend/src/main/java/com/ecommerce/backend/service/PaymentService.java:[45,35] cannot find symbol
[ERROR]   symbol:   method getTotalAmount()
[ERROR]   location: variable order of type com.ecommerce.backend.entity.Order
[ERROR] /E:/E_Commerce/backend/src/main/java/com/ecommerce/backend/service/PaymentService.java:[56,24] cannot find symbol
[ERROR]   symbol:   method builder()
[ERROR]   location: class com.ecommerce.backend.entity.Payment
[ERROR] /E:/E_Commerce/backend/src/main/java/com/ecommerce/backend/service/PaymentService.java:[58,16] cannot find symbol
[ERROR]   symbol:   method setPaymentMethod(com.ecommerce.backend.entity.enums.PaymentMethod)
[ERROR]   location: variable payment of type com.ecommerce.backend.entity.Payment
[ERROR] /E:/E_Commerce/backend/src/main/java/com/ecommerce/backend/service/PaymentService.java:[59,16] cannot find symbol
[ERROR]   symbol:   method setStripePaymentIntentId(java.lang.String)
[ERROR]   location: variable payment of type com.ecommerce.backend.entity.Payment
[ERROR] /E:/E_Commerce/backend/src/main/java/com/ecommerce/backend/service/PaymentService.java:[60,32] cannot find symbol
[ERROR]   symbol:   method getTotalAmount()
[ERROR]   location: variable order of type com.ecommerce.backend.entity.Order
[ERROR] /E:/E_Commerce/backend/src/main/java/com/ecommerce/backend/service/PaymentService.java:[61,16] cannot find symbol
[ERROR]   symbol:   method setCurrency(java.lang.String)
[ERROR]   location: variable payment of type com.ecommerce.backend.entity.Payment
[ERROR] /E:/E_Commerce/backend/src/main/java/com/ecommerce/backend/service/PaymentService.java:[62,16] cannot find symbol
[ERROR]   symbol:   method setStatus(com.ecommerce.backend.entity.enums.PaymentStatus)
[ERROR]   location: variable payment of type com.ecommerce.backend.entity.Payment
[ERROR] /E:/E_Commerce/backend/src/main/java/com/ecommerce/backend/service/PaymentService.java:[65,31] cannot find symbol
[ERROR]   symbol:   method builder()
[ERROR]   location: class com.ecommerce.backend.dto.response.PaymentResponse
[ERROR] /E:/E_Commerce/backend/src/main/java/com/ecommerce/backend/service/PaymentService.java:[67,30] cannot find symbol
[ERROR]   symbol:   method getTotalAmount()
[ERROR]   location: variable order of type com.ecommerce.backend.entity.Order
[ERROR] /E:/E_Commerce/backend/src/main/java/com/ecommerce/backend/service/PaymentService.java:[82,16] cannot find symbol
[ERROR]   symbol:   method setTransactionId(java.lang.String)
[ERROR]   location: variable payment of type com.ecommerce.backend.entity.Payment
[ERROR] /E:/E_Commerce/backend/src/main/java/com/ecommerce/backend/service/PaymentService.java:[83,16] cannot find symbol
[ERROR]   symbol:   method setStatus(com.ecommerce.backend.entity.enums.PaymentStatus)
[ERROR]   location: variable payment of type com.ecommerce.backend.entity.Payment
[ERROR] /E:/E_Commerce/backend/src/main/java/com/ecommerce/backend/service/PaymentService.java:[84,16] cannot find symbol
[ERROR]   symbol:   method setPaidAt(java.time.LocalDateTime)
[ERROR]   location: variable payment of type com.ecommerce.backend.entity.Payment
[ERROR] /E:/E_Commerce/backend/src/main/java/com/ecommerce/backend/service/PaymentService.java:[87,14] cannot find symbol
[ERROR]   symbol:   method setStatus(com.ecommerce.backend.entity.enums.OrderStatus)
[ERROR]   location: variable order of type com.ecommerce.backend.entity.Order
[ERROR] /E:/E_Commerce/backend/src/main/java/com/ecommerce/backend/service/PaymentService.java:[90,31] cannot find symbol
[ERROR]   symbol:   method builder()
[ERROR]   location: class com.ecommerce.backend.dto.response.PaymentResponse
[ERROR] /E:/E_Commerce/backend/src/main/java/com/ecommerce/backend/service/PaymentService.java:[91,35] cannot find symbol
[ERROR]   symbol:   method getPaymentId()
[ERROR]   location: variable payment of type com.ecommerce.backend.entity.Payment
[ERROR] /E:/E_Commerce/backend/src/main/java/com/ecommerce/backend/service/PaymentService.java:[94,32] cannot find symbol
[ERROR]   symbol:   method getAmount()
[ERROR]   location: variable payment of type com.ecommerce.backend.entity.Payment
[ERROR] /E:/E_Commerce/backend/src/main/java/com/ecommerce/backend/service/PaymentService.java:[95,34] cannot find symbol
[ERROR]   symbol:   method getCurrency()
[ERROR]   location: variable payment of type com.ecommerce.backend.entity.Payment
[ERROR] /E:/E_Commerce/backend/src/main/java/com/ecommerce/backend/service/PaymentService.java:[97,32] cannot find symbol
[ERROR]   symbol:   method getPaidAt()
[ERROR]   location: variable payment of type com.ecommerce.backend.entity.Payment
[ERROR] /E:/E_Commerce/backend/src/main/java/com/ecommerce/backend/service/PaymentService.java:[106,34] cannot find symbol
[ERROR]   symbol:   method builder()
[ERROR]   location: class com.ecommerce.backend.entity.Payment
[ERROR] /E:/E_Commerce/backend/src/main/java/com/ecommerce/backend/service/PaymentService.java:[109,30] cannot find symbol
[ERROR]   symbol:   method getTotalAmount()
[ERROR]   location: variable order of type com.ecommerce.backend.entity.Order
[ERROR] /E:/E_Commerce/backend/src/main/java/com/ecommerce/backend/service/PaymentService.java:[115,14] cannot find symbol
[ERROR]   symbol:   method setStatus(com.ecommerce.backend.entity.enums.OrderStatus)
[ERROR]   location: variable order of type com.ecommerce.backend.entity.Order
[ERROR] -> [Help 1]
[ERROR] 
[ERROR] To see the full stack trace of the errors, re-run Maven with the -e switch.
[ERROR] Re-run Maven using the -X switch to enable full debug logging.
[ERROR] 
[ERROR] For more information about the errors and possible solutions, please read the following articles:
[ERROR] [Help 1] http://cwiki.apache.org/confluence/display/MAVEN/MojoFailureException
