[INFO] Scanning for projects...
[INFO] 
[INFO] -----------------------< com.ecommerce:backend >------------------------
[INFO] Building backend 0.0.1-SNAPSHOT
[INFO]   from pom.xml
[INFO] --------------------------------[ jar ]---------------------------------
[INFO] 
[INFO] --- clean:3.3.2:clean (default-clean) @ backend ---
[INFO] Deleting E:\E_Commerce\backend\target
[INFO] 
[INFO] --- resources:3.3.1:resources (default-resources) @ backend ---
[INFO] Copying 2 resources from src\main\resources to target\classes
[INFO] Copying 0 resource from src\main\resources to target\classes
[INFO] 
[INFO] --- compiler:3.11.0:compile (default-compile) @ backend ---
[INFO] Changes detected - recompiling the module! :source
[INFO] Compiling 84 source files with javac [debug release 21] to target\classes
[INFO] Annotation processing is enabled because one or more processors were found
  on the class path. A future release of javac may disable annotation processing
  unless at least one processor is specified by name (-processor), or a search
  path is specified (--processor-path, --processor-module-path), or annotation
  processing is enabled explicitly (-proc:only, -proc:full).
  Use -Xlint:-options to suppress this message.
  Use -proc:none to disable annotation processing.
[INFO] -------------------------------------------------------------
[ERROR] COMPILATION ERROR : 
[INFO] -------------------------------------------------------------
[ERROR] /E:/E_Commerce/backend/src/main/java/com/ecommerce/backend/controller/OrderController.java:[26,46] cannot find symbol
  symbol:   method createOrder(@jakarta.validation.Valid com.ecommerce.backend.dto.request.OrderRequest)
  location: variable orderService of type com.ecommerce.backend.service.OrderService
[ERROR] /E:/E_Commerce/backend/src/main/java/com/ecommerce/backend/controller/OrderController.java:[33,46] method getAllOrders in class com.ecommerce.backend.service.OrderService cannot be applied to given types;
  required: no arguments
  found:    int,int
  reason: actual and formal argument lists differ in length
[ERROR] /E:/E_Commerce/backend/src/main/java/com/ecommerce/backend/controller/OrderController.java:[38,46] cannot find symbol
  symbol:   method getMyOrders()
  location: variable orderService of type com.ecommerce.backend.service.OrderService
[ERROR] /E:/E_Commerce/backend/src/main/java/com/ecommerce/backend/controller/OrderController.java:[43,46] cannot find symbol
  symbol:   method getOrderById(java.lang.Long)
  location: variable orderService of type com.ecommerce.backend.service.OrderService
[ERROR] /E:/E_Commerce/backend/src/main/java/com/ecommerce/backend/controller/OrderController.java:[48,46] cannot find symbol
  symbol:   method cancelOrder(java.lang.Long)
  location: variable orderService of type com.ecommerce.backend.service.OrderService
[ERROR] /E:/E_Commerce/backend/src/main/java/com/ecommerce/backend/controller/AnalyticsController.java:[32,50] cannot find symbol
  symbol:   method getAnalyticsSummary(java.time.LocalDate,java.time.LocalDate)
  location: variable analyticsService of type com.ecommerce.backend.service.AnalyticsService
[ERROR] /E:/E_Commerce/backend/src/main/java/com/ecommerce/backend/controller/AnalyticsController.java:[38,50] cannot find symbol
  symbol:   method getTopSellingProducts(int)
  location: variable analyticsService of type com.ecommerce.backend.service.AnalyticsService
[ERROR] /E:/E_Commerce/backend/src/main/java/com/ecommerce/backend/controller/AnalyticsController.java:[47,50] cannot find symbol
  symbol:   method getRevenuePerDay(java.time.LocalDate,java.time.LocalDate)
  location: variable analyticsService of type com.ecommerce.backend.service.AnalyticsService
[ERROR] /E:/E_Commerce/backend/src/main/java/com/ecommerce/backend/controller/AnalyticsController.java:[52,50] cannot find symbol
  symbol:   method getSalesPerProduct(java.lang.Long)
  location: variable analyticsService of type com.ecommerce.backend.service.AnalyticsService
[ERROR] /E:/E_Commerce/backend/src/main/java/com/ecommerce/backend/controller/AnalyticsController.java:[57,50] cannot find symbol
  symbol:   method getOrdersByStatus()
  location: variable analyticsService of type com.ecommerce.backend.service.AnalyticsService
[ERROR] /E:/E_Commerce/backend/src/main/java/com/ecommerce/backend/controller/AnalyticsController.java:[62,50] cannot find symbol
  symbol:   method getTotalRevenue()
  location: variable analyticsService of type com.ecommerce.backend.service.AnalyticsService
[INFO] 11 errors 
[INFO] -------------------------------------------------------------
[INFO] ------------------------------------------------------------------------
[INFO] BUILD FAILURE
[INFO] ------------------------------------------------------------------------
[INFO] Total time:  7.617 s
[INFO] Finished at: 2026-03-14T22:22:51+05:30
[INFO] ------------------------------------------------------------------------
[ERROR] Failed to execute goal org.apache.maven.plugins:maven-compiler-plugin:3.11.0:compile (default-compile) on project backend: Compilation failure: Compilation failure: 
[ERROR] /E:/E_Commerce/backend/src/main/java/com/ecommerce/backend/controller/OrderController.java:[26,46] cannot find symbol
[ERROR]   symbol:   method createOrder(@jakarta.validation.Valid com.ecommerce.backend.dto.request.OrderRequest)
[ERROR]   location: variable orderService of type com.ecommerce.backend.service.OrderService
[ERROR] /E:/E_Commerce/backend/src/main/java/com/ecommerce/backend/controller/OrderController.java:[33,46] method getAllOrders in class com.ecommerce.backend.service.OrderService cannot be applied to given types;
[ERROR]   required: no arguments
[ERROR]   found:    int,int
[ERROR]   reason: actual and formal argument lists differ in length
[ERROR] /E:/E_Commerce/backend/src/main/java/com/ecommerce/backend/controller/OrderController.java:[38,46] cannot find symbol
[ERROR]   symbol:   method getMyOrders()
[ERROR]   location: variable orderService of type com.ecommerce.backend.service.OrderService
[ERROR] /E:/E_Commerce/backend/src/main/java/com/ecommerce/backend/controller/OrderController.java:[43,46] cannot find symbol
[ERROR]   symbol:   method getOrderById(java.lang.Long)
[ERROR]   location: variable orderService of type com.ecommerce.backend.service.OrderService
[ERROR] /E:/E_Commerce/backend/src/main/java/com/ecommerce/backend/controller/OrderController.java:[48,46] cannot find symbol
[ERROR]   symbol:   method cancelOrder(java.lang.Long)
[ERROR]   location: variable orderService of type com.ecommerce.backend.service.OrderService
[ERROR] /E:/E_Commerce/backend/src/main/java/com/ecommerce/backend/controller/AnalyticsController.java:[32,50] cannot find symbol
[ERROR]   symbol:   method getAnalyticsSummary(java.time.LocalDate,java.time.LocalDate)
[ERROR]   location: variable analyticsService of type com.ecommerce.backend.service.AnalyticsService
[ERROR] /E:/E_Commerce/backend/src/main/java/com/ecommerce/backend/controller/AnalyticsController.java:[38,50] cannot find symbol
[ERROR]   symbol:   method getTopSellingProducts(int)
[ERROR]   location: variable analyticsService of type com.ecommerce.backend.service.AnalyticsService
[ERROR] /E:/E_Commerce/backend/src/main/java/com/ecommerce/backend/controller/AnalyticsController.java:[47,50] cannot find symbol
[ERROR]   symbol:   method getRevenuePerDay(java.time.LocalDate,java.time.LocalDate)
[ERROR]   location: variable analyticsService of type com.ecommerce.backend.service.AnalyticsService
[ERROR] /E:/E_Commerce/backend/src/main/java/com/ecommerce/backend/controller/AnalyticsController.java:[52,50] cannot find symbol
[ERROR]   symbol:   method getSalesPerProduct(java.lang.Long)
[ERROR]   location: variable analyticsService of type com.ecommerce.backend.service.AnalyticsService
[ERROR] /E:/E_Commerce/backend/src/main/java/com/ecommerce/backend/controller/AnalyticsController.java:[57,50] cannot find symbol
[ERROR]   symbol:   method getOrdersByStatus()
[ERROR]   location: variable analyticsService of type com.ecommerce.backend.service.AnalyticsService
[ERROR] /E:/E_Commerce/backend/src/main/java/com/ecommerce/backend/controller/AnalyticsController.java:[62,50] cannot find symbol
[ERROR]   symbol:   method getTotalRevenue()
[ERROR]   location: variable analyticsService of type com.ecommerce.backend.service.AnalyticsService
[ERROR] -> [Help 1]
[ERROR] 
[ERROR] To see the full stack trace of the errors, re-run Maven with the -e switch.
[ERROR] Re-run Maven using the -X switch to enable full debug logging.
[ERROR] 
[ERROR] For more information about the errors and possible solutions, please read the following articles:
[ERROR] [Help 1] http://cwiki.apache.org/confluence/display/MAVEN/MojoFailureException
