[INFO] Scanning for projects...
[INFO] 
[INFO] -----------------------< com.ecommerce:backend >------------------------
[INFO] Building backend 0.0.1-SNAPSHOT
[INFO]   from pom.xml
[INFO] --------------------------------[ jar ]---------------------------------
[INFO] 
[INFO] --- clean:3.3.2:clean (default-clean) @ backend ---
[INFO] Deleting D:\HCL Training\PS_Project\E_Commerce\backend\target
[INFO] 
[INFO] --- resources:3.3.1:resources (default-resources) @ backend ---
[INFO] Copying 2 resources from src\main\resources to target\classes
[INFO] Copying 0 resource from src\main\resources to target\classes
[INFO] 
[INFO] --- compiler:3.11.0:compile (default-compile) @ backend ---
[INFO] Changes detected - recompiling the module! :source
[INFO] Compiling 46 source files with javac [debug release 21] to target\classes
[INFO] Annotation processing is enabled because one or more processors were found
  on the class path. A future release of javac may disable annotation processing
  unless at least one processor is specified by name (-processor), or a search
  path is specified (--processor-path, --processor-module-path), or annotation
  processing is enabled explicitly (-proc:only, -proc:full).
  Use -Xlint:-options to suppress this message.
  Use -proc:none to disable annotation processing.
[INFO] -------------------------------------------------------------
[ERROR] COMPILATION ERROR : 
[INFO] -------------------------------------------------------------
[ERROR] /D:/HCL Training/PS_Project/E_Commerce/backend/src/main/java/com/ecommerce/backend/Services/OrderService.java:[20,41] package org.springframework.security.core does not exist
[ERROR] /D:/HCL Training/PS_Project/E_Commerce/backend/src/main/java/com/ecommerce/backend/Services/OrderService.java:[21,49] package org.springframework.security.core.context does not exist
[ERROR] /D:/HCL Training/PS_Project/E_Commerce/backend/src/main/java/com/ecommerce/backend/Entity/User.java:[7,41] package org.springframework.security.core does not exist
[ERROR] /D:/HCL Training/PS_Project/E_Commerce/backend/src/main/java/com/ecommerce/backend/Entity/User.java:[8,51] package org.springframework.security.core.authority does not exist
[ERROR] /D:/HCL Training/PS_Project/E_Commerce/backend/src/main/java/com/ecommerce/backend/Entity/User.java:[9,53] package org.springframework.security.core.userdetails does not exist
[ERROR] /D:/HCL Training/PS_Project/E_Commerce/backend/src/main/java/com/ecommerce/backend/Entity/User.java:[22,30] cannot find symbol
  symbol: class UserDetails
[ERROR] /D:/HCL Training/PS_Project/E_Commerce/backend/src/main/java/com/ecommerce/backend/Entity/User.java:[59,33] cannot find symbol
  symbol:   class GrantedAuthority
  location: class com.ecommerce.backend.Entity.User
[INFO] 7 errors 
[INFO] -------------------------------------------------------------
[INFO] ------------------------------------------------------------------------
[INFO] BUILD FAILURE
[INFO] ------------------------------------------------------------------------
[INFO] Total time:  6.949 s
[INFO] Finished at: 2026-03-05T00:07:19+05:30
[INFO] ------------------------------------------------------------------------
[ERROR] Failed to execute goal org.apache.maven.plugins:maven-compiler-plugin:3.11.0:compile (default-compile) on project backend: Compilation failure: Compilation failure: 
[ERROR] /D:/HCL Training/PS_Project/E_Commerce/backend/src/main/java/com/ecommerce/backend/Services/OrderService.java:[20,41] package org.springframework.security.core does not exist
[ERROR] /D:/HCL Training/PS_Project/E_Commerce/backend/src/main/java/com/ecommerce/backend/Services/OrderService.java:[21,49] package org.springframework.security.core.context does not exist
[ERROR] /D:/HCL Training/PS_Project/E_Commerce/backend/src/main/java/com/ecommerce/backend/Entity/User.java:[7,41] package org.springframework.security.core does not exist
[ERROR] /D:/HCL Training/PS_Project/E_Commerce/backend/src/main/java/com/ecommerce/backend/Entity/User.java:[8,51] package org.springframework.security.core.authority does not exist
[ERROR] /D:/HCL Training/PS_Project/E_Commerce/backend/src/main/java/com/ecommerce/backend/Entity/User.java:[9,53] package org.springframework.security.core.userdetails does not exist
[ERROR] /D:/HCL Training/PS_Project/E_Commerce/backend/src/main/java/com/ecommerce/backend/Entity/User.java:[22,30] cannot find symbol
[ERROR]   symbol: class UserDetails
[ERROR] /D:/HCL Training/PS_Project/E_Commerce/backend/src/main/java/com/ecommerce/backend/Entity/User.java:[59,33] cannot find symbol
[ERROR]   symbol:   class GrantedAuthority
[ERROR]   location: class com.ecommerce.backend.Entity.User
[ERROR] -> [Help 1]
[ERROR] 
[ERROR] To see the full stack trace of the errors, re-run Maven with the -e switch.
[ERROR] Re-run Maven using the -X switch to enable full debug logging.
[ERROR] 
[ERROR] For more information about the errors and possible solutions, please read the following articles:
[ERROR] [Help 1] http://cwiki.apache.org/confluence/display/MAVEN/MojoFailureException
