[INFO] Scanning for projects...
[INFO] 
[INFO] -----------------------< com.ecommerce:backend >------------------------
[INFO] Building backend 0.0.1-SNAPSHOT
[INFO]   from pom.xml
[INFO] --------------------------------[ jar ]---------------------------------
[INFO] 
[INFO] >>> spring-boot:3.2.3:run (default-cli) > test-compile @ backend >>>
[INFO] 
[INFO] --- resources:3.3.1:resources (default-resources) @ backend ---
[INFO] Copying 2 resources from src\main\resources to target\classes
[INFO] Copying 0 resource from src\main\resources to target\classes
[INFO] 
[INFO] --- compiler:3.11.0:compile (default-compile) @ backend ---
[INFO] Nothing to compile - all classes are up to date
[INFO] 
[INFO] --- resources:3.3.1:testResources (default-testResources) @ backend ---
[INFO] skip non existing resourceDirectory D:\HCL Training\PS_Project\E_Commerce\backend\src\test\resources
[INFO] 
[INFO] --- compiler:3.11.0:testCompile (default-testCompile) @ backend ---
[INFO] Changes detected - recompiling the module! :source
[INFO] Compiling 2 source files with javac [debug release 21] to target\test-classes
[INFO] Annotation processing is enabled because one or more processors were found
  on the class path. A future release of javac may disable annotation processing
  unless at least one processor is specified by name (-processor), or a search
  path is specified (--processor-path, --processor-module-path), or annotation
  processing is enabled explicitly (-proc:only, -proc:full).
  Use -Xlint:-options to suppress this message.
  Use -proc:none to disable annotation processing.
[INFO] 
[INFO] <<< spring-boot:3.2.3:run (default-cli) < test-compile @ backend <<<
[INFO] 
[INFO] 
[INFO] --- spring-boot:3.2.3:run (default-cli) @ backend ---
[INFO] Attaching agents: []

  .   ____          _            __ _ _
 /\\ / ___'_ __ _ _(_)_ __  __ _ \ \ \ \
( ( )\___ | '_ | '_| | '_ \/ _` | \ \ \ \
 \\/  ___)| |_)| | | | | || (_| |  ) ) ) )
  '  |____| .__|_| |_|_| |_\__, | / / / /
 =========|_|==============|___/=/_/_/_/
 :: Spring Boot ::                (v3.2.3)

2026-03-05T00:19:55.524+05:30  INFO 44628 --- [backend] [           main] c.ecommerce.backend.BackendApplication   : Starting BackendApplication using Java 21.0.10 with PID 44628 (D:\HCL Training\PS_Project\E_Commerce\backend\target\classes started by mahar in D:\HCL Training\PS_Project\E_Commerce\backend)
2026-03-05T00:19:55.525+05:30  INFO 44628 --- [backend] [           main] c.ecommerce.backend.BackendApplication   : No active profile set, falling back to 1 default profile: "default"
2026-03-05T00:19:56.597+05:30  INFO 44628 --- [backend] [           main] .s.d.r.c.RepositoryConfigurationDelegate : Bootstrapping Spring Data JPA repositories in DEFAULT mode.
2026-03-05T00:19:56.702+05:30  INFO 44628 --- [backend] [           main] .s.d.r.c.RepositoryConfigurationDelegate : Finished Spring Data repository scanning in 92 ms. Found 4 JPA repository interfaces.
2026-03-05T00:19:57.615+05:30  INFO 44628 --- [backend] [           main] o.s.b.w.embedded.tomcat.TomcatWebServer  : Tomcat initialized with port 8080 (http)
2026-03-05T00:19:57.653+05:30  INFO 44628 --- [backend] [           main] o.apache.catalina.core.StandardService   : Starting service [Tomcat]
2026-03-05T00:19:57.653+05:30  INFO 44628 --- [backend] [           main] o.apache.catalina.core.StandardEngine    : Starting Servlet engine: [Apache Tomcat/10.1.19]
2026-03-05T00:19:57.809+05:30  INFO 44628 --- [backend] [           main] o.a.c.c.C.[Tomcat].[localhost].[/]       : Initializing Spring embedded WebApplicationContext
2026-03-05T00:19:57.809+05:30  INFO 44628 --- [backend] [           main] w.s.c.ServletWebServerApplicationContext : Root WebApplicationContext: initialization completed in 2230 ms
2026-03-05T00:19:58.102+05:30  INFO 44628 --- [backend] [           main] o.hibernate.jpa.internal.util.LogHelper  : HHH000204: Processing PersistenceUnitInfo [name: default]
2026-03-05T00:19:58.221+05:30  INFO 44628 --- [backend] [           main] org.hibernate.Version                    : HHH000412: Hibernate ORM core version 6.4.4.Final
2026-03-05T00:19:58.304+05:30  INFO 44628 --- [backend] [           main] o.h.c.internal.RegionFactoryInitiator    : HHH000026: Second-level cache disabled
2026-03-05T00:19:58.821+05:30  INFO 44628 --- [backend] [           main] o.s.o.j.p.SpringPersistenceUnitInfo      : No LoadTimeWeaver setup: ignoring JPA class transformer
2026-03-05T00:19:58.859+05:30  INFO 44628 --- [backend] [           main] com.zaxxer.hikari.HikariDataSource       : HikariPool-1 - Starting...
2026-03-05T00:19:59.065+05:30  INFO 44628 --- [backend] [           main] com.zaxxer.hikari.pool.HikariPool        : HikariPool-1 - Added connection com.mysql.cj.jdbc.ConnectionImpl@4fd80300
2026-03-05T00:19:59.065+05:30  INFO 44628 --- [backend] [           main] com.zaxxer.hikari.HikariDataSource       : HikariPool-1 - Start completed.
2026-03-05T00:19:59.137+05:30  WARN 44628 --- [backend] [           main] org.hibernate.orm.deprecation            : HHH90000025: MySQLDialect does not need to be specified explicitly using 'hibernate.dialect' (remove the property setting and it will be selected by default)
2026-03-05T00:20:00.646+05:30  INFO 44628 --- [backend] [           main] o.h.e.t.j.p.i.JtaPlatformInitiator       : HHH000489: No JTA platform available (set 'hibernate.transaction.jta.platform' to enable JTA platform integration)
2026-03-05T00:20:00.808+05:30  INFO 44628 --- [backend] [           main] j.LocalContainerEntityManagerFactoryBean : Initialized JPA EntityManagerFactory for persistence unit 'default'
2026-03-05T00:20:01.764+05:30  INFO 44628 --- [backend] [           main] o.s.d.j.r.query.QueryEnhancerFactory     : Hibernate is in classpath; If applicable, HQL parser will be used.
2026-03-05T00:20:02.800+05:30  WARN 44628 --- [backend] [           main] JpaBaseConfiguration$JpaWebConfiguration : spring.jpa.open-in-view is enabled by default. Therefore, database queries may be performed during view rendering. Explicitly configure spring.jpa.open-in-view to disable this warning
2026-03-05T00:20:03.723+05:30  INFO 44628 --- [backend] [           main] o.s.b.w.embedded.tomcat.TomcatWebServer  : Tomcat started on port 8080 (http) with context path ''
2026-03-05T00:20:03.740+05:30  INFO 44628 --- [backend] [           main] c.ecommerce.backend.BackendApplication   : Started BackendApplication in 8.778 seconds (process running for 9.239)
2026-03-05T00:20:14.511+05:30  INFO 44628 --- [backend] [nio-8080-exec-1] o.a.c.c.C.[Tomcat].[localhost].[/]       : Initializing Spring DispatcherServlet 'dispatcherServlet'
2026-03-05T00:20:14.511+05:30  INFO 44628 --- [backend] [nio-8080-exec-1] o.s.web.servlet.DispatcherServlet        : Initializing Servlet 'dispatcherServlet'
2026-03-05T00:20:14.517+05:30  INFO 44628 --- [backend] [nio-8080-exec-1] o.s.web.servlet.DispatcherServlet        : Completed initialization in 6 ms
Hibernate: 
    select
        p1_0.id,
        p1_0.available_quantity,
        p1_0.created_at,
        p1_0.description,
        p1_0.name,
        p1_0.price,
        p1_0.status,
        p1_0.updated_at 
    from
        products p1_0 
    where
        p1_0.status=?
Hibernate: 
    select
        p1_0.id,
        p1_0.available_quantity,
        p1_0.created_at,
        p1_0.description,
        p1_0.name,
        p1_0.price,
        p1_0.status,
        p1_0.updated_at 
    from
        products p1_0 
    where
        p1_0.status=?
Hibernate: 
    select
        p1_0.id,
        p1_0.available_quantity,
        p1_0.created_at,
        p1_0.description,
        p1_0.name,
        p1_0.price,
        p1_0.status,
        p1_0.updated_at 
    from
        products p1_0 
    where
        p1_0.status=?
Hibernate: 
    select
        u1_0.id 
    from
        users u1_0 
    where
        u1_0.email=? 
    limit
        ?
Hibernate: 
    insert 
    into
        users
        (created_at, email, name, password, role, updated_at) 
    values
        (?, ?, ?, ?, ?, ?)
Hibernate: 
    select
        u1_0.id 
    from
        users u1_0 
    where
        u1_0.email=? 
    limit
        ?
Hibernate: 
    select
        u1_0.id 
    from
        users u1_0 
    where
        u1_0.email=? 
    limit
        ?
Hibernate: 
    insert 
    into
        users
        (created_at, email, name, password, role, updated_at) 
    values
        (?, ?, ?, ?, ?, ?)
Hibernate: 
    select
        u1_0.id 
    from
        users u1_0 
    where
        u1_0.email=? 
    limit
        ?
Hibernate: 
    select
        u1_0.id 
    from
        users u1_0 
    where
        u1_0.email=? 
    limit
        ?
Hibernate: 
    select
        u1_0.id 
    from
        users u1_0 
    where
        u1_0.email=? 
    limit
        ?
Hibernate: 
    select
        u1_0.id 
    from
        users u1_0 
    where
        u1_0.email=? 
    limit
        ?
Hibernate: 
    insert 
    into
        users
        (created_at, email, name, password, role, updated_at) 
    values
        (?, ?, ?, ?, ?, ?)
Hibernate: 
    select
        u1_0.id 
    from
        users u1_0 
    where
        u1_0.email=? 
    limit
        ?
Hibernate: 
    select
        u1_0.id,
        u1_0.created_at,
        u1_0.email,
        u1_0.name,
        u1_0.password,
        u1_0.role,
        u1_0.updated_at 
    from
        users u1_0 
    where
        u1_0.email=?
Hibernate: 
    select
        u1_0.id,
        u1_0.created_at,
        u1_0.email,
        u1_0.name,
        u1_0.password,
        u1_0.role,
        u1_0.updated_at 
    from
        users u1_0 
    where
        u1_0.email=?
Hibernate: 
    select
        u1_0.id,
        u1_0.created_at,
        u1_0.email,
        u1_0.name,
        u1_0.password,
        u1_0.role,
        u1_0.updated_at 
    from
        users u1_0 
    where
        u1_0.id=?
Hibernate: 
    select
        u1_0.id,
        u1_0.created_at,
        u1_0.email,
        u1_0.name,
        u1_0.password,
        u1_0.role,
        u1_0.updated_at 
    from
        users u1_0 
    where
        u1_0.id=?
Hibernate: 
    select
        u1_0.id,
        u1_0.created_at,
        u1_0.email,
        u1_0.name,
        u1_0.password,
        u1_0.role,
        u1_0.updated_at 
    from
        users u1_0 
    where
        u1_0.id=?
Hibernate: 
    select
        o1_0.status,
        count(o1_0.id) 
    from
        orders o1_0 
    group by
        o1_0.status
Hibernate: 
    select
        u1_0.id,
        u1_0.created_at,
        u1_0.email,
        u1_0.name,
        u1_0.password,
        u1_0.role,
        u1_0.updated_at 
    from
        users u1_0 
    where
        u1_0.id=?
Hibernate: 
    select
        o1_0.status,
        count(o1_0.id) 
    from
        orders o1_0 
    group by
        o1_0.status
Hibernate: 
    select
        p1_0.id,
        p1_0.name,
        sum(oi1_0.quantity),
        sum((oi1_0.quantity*oi1_0.price_at_purchase)) 
    from
        order_items oi1_0 
    join
        products p1_0 
            on p1_0.id=oi1_0.product_id 
    join
        orders o1_0 
            on o1_0.id=oi1_0.order_id 
    where
        o1_0.status<>'CANCELLED' 
    group by
        p1_0.id,
        p1_0.name 
    order by
        3 desc 
    limit
        ?
Hibernate: 
    select
        p1_0.id,
        p1_0.name,
        sum(oi1_0.quantity),
        sum((oi1_0.quantity*oi1_0.price_at_purchase)) 
    from
        order_items oi1_0 
    join
        products p1_0 
            on p1_0.id=oi1_0.product_id 
    join
        orders o1_0 
            on o1_0.id=oi1_0.order_id 
    where
        o1_0.status<>'CANCELLED' 
    group by
        p1_0.id,
        p1_0.name 
    order by
        3 desc 
    limit
        ?
Hibernate: 
    select
        u1_0.id,
        u1_0.created_at,
        u1_0.email,
        u1_0.name,
        u1_0.password,
        u1_0.role,
        u1_0.updated_at 
    from
        users u1_0 
    where
        u1_0.id=?
Hibernate: 
    select
        p1_0.id,
        p1_0.name,
        sum(oi1_0.quantity),
        sum((oi1_0.quantity*oi1_0.price_at_purchase)) 
    from
        order_items oi1_0 
    join
        products p1_0 
            on p1_0.id=oi1_0.product_id 
    join
        orders o1_0 
            on o1_0.id=oi1_0.order_id 
    where
        o1_0.status<>'CANCELLED' 
    group by
        p1_0.id,
        p1_0.name 
    order by
        3 desc 
    limit
        ?
Hibernate: 
    select
        date(o1_0.created_at),
        sum(o1_0.total_amount) 
    from
        orders o1_0 
    where
        o1_0.status in ('CONFIRMED', 'SHIPPED', 'DELIVERED') 
        and date(o1_0.created_at) between ? and ? 
    group by
        date(o1_0.created_at) 
    order by
        1 desc
Hibernate: 
    select
        count(o1_0.id) 
    from
        orders o1_0
Hibernate: 
    select
        count(distinct o1_0.customer_id) 
    from
        orders o1_0 
    where
        o1_0.status<>'CANCELLED'
Hibernate: 
    select
        sum(o1_0.total_amount) 
    from
        orders o1_0 
    where
        o1_0.status in ('CONFIRMED', 'SHIPPED', 'DELIVERED')
Hibernate: 
    select
        o1_0.status,
        count(o1_0.id) 
    from
        orders o1_0 
    group by
        o1_0.status
Hibernate: 
    select
        u1_0.id,
        u1_0.created_at,
        u1_0.email,
        u1_0.name,
        u1_0.password,
        u1_0.role,
        u1_0.updated_at 
    from
        users u1_0 
    where
        u1_0.id=?
Hibernate: 
    select
        p1_0.id,
        p1_0.name,
        sum(oi1_0.quantity),
        sum((oi1_0.quantity*oi1_0.price_at_purchase)) 
    from
        order_items oi1_0 
    join
        products p1_0 
            on p1_0.id=oi1_0.product_id 
    join
        orders o1_0 
            on o1_0.id=oi1_0.order_id 
    where
        o1_0.status<>'CANCELLED' 
    group by
        p1_0.id,
        p1_0.name 
    order by
        3 desc 
    limit
        ?
Hibernate: 
    select
        date(o1_0.created_at),
        sum(o1_0.total_amount) 
    from
        orders o1_0 
    where
        o1_0.status in ('CONFIRMED', 'SHIPPED', 'DELIVERED') 
        and date(o1_0.created_at) between ? and ? 
    group by
        date(o1_0.created_at) 
    order by
        1 desc
Hibernate: 
    select
        count(o1_0.id) 
    from
        orders o1_0
Hibernate: 
    select
        count(distinct o1_0.customer_id) 
    from
        orders o1_0 
    where
        o1_0.status<>'CANCELLED'
Hibernate: 
    select
        sum(o1_0.total_amount) 
    from
        orders o1_0 
    where
        o1_0.status in ('CONFIRMED', 'SHIPPED', 'DELIVERED')
Hibernate: 
    select
        o1_0.status,
        count(o1_0.id) 
    from
        orders o1_0 
    group by
        o1_0.status
Hibernate: 
    select
        u1_0.id,
        u1_0.created_at,
        u1_0.email,
        u1_0.name,
        u1_0.password,
        u1_0.role,
        u1_0.updated_at 
    from
        users u1_0 
    where
        u1_0.id=?
Hibernate: 
    select
        u1_0.id,
        u1_0.created_at,
        u1_0.email,
        u1_0.name,
        u1_0.password,
        u1_0.role,
        u1_0.updated_at 
    from
        users u1_0 
    where
        u1_0.id=?
Hibernate: 
    select
        o1_0.id,
        o1_0.created_at,
        o1_0.customer_id,
        oi1_0.order_id,
        oi1_0.id,
        oi1_0.price_at_purchase,
        oi1_0.product_id,
        oi1_0.quantity,
        o1_0.status,
        o1_0.total_amount,
        o1_0.updated_at 
    from
        orders o1_0 
    join
        order_items oi1_0 
            on o1_0.id=oi1_0.order_id 
    where
        o1_0.customer_id=?
Hibernate: 
    select
        u1_0.id,
        u1_0.created_at,
        u1_0.email,
        u1_0.name,
        u1_0.password,
        u1_0.role,
        u1_0.updated_at 
    from
        users u1_0 
    where
        u1_0.id=?
Hibernate: 
    select
        u1_0.id,
        u1_0.created_at,
        u1_0.email,
        u1_0.name,
        u1_0.password,
        u1_0.role,
        u1_0.updated_at 
    from
        users u1_0 
    where
        u1_0.id=?
Hibernate: 
    select
        o1_0.id,
        o1_0.created_at,
        o1_0.customer_id,
        oi1_0.order_id,
        oi1_0.id,
        oi1_0.price_at_purchase,
        oi1_0.product_id,
        oi1_0.quantity,
        o1_0.status,
        o1_0.total_amount,
        o1_0.updated_at 
    from
        orders o1_0 
    join
        order_items oi1_0 
            on o1_0.id=oi1_0.order_id 
    where
        o1_0.customer_id=?
Hibernate: 
    select
        u1_0.id,
        u1_0.created_at,
        u1_0.email,
        u1_0.name,
        u1_0.password,
        u1_0.role,
        u1_0.updated_at 
    from
        users u1_0 
    where
        u1_0.id=?
Hibernate: 
    select
        o1_0.id,
        o1_0.created_at,
        o1_0.customer_id,
        o1_0.status,
        o1_0.total_amount,
        o1_0.updated_at 
    from
        orders o1_0 
    limit
        ?, ?
Hibernate: 
    select
        u1_0.id,
        u1_0.created_at,
        u1_0.email,
        u1_0.name,
        u1_0.password,
        u1_0.role,
        u1_0.updated_at 
    from
        users u1_0 
    where
        u1_0.id=?
Hibernate: 
    select
        o1_0.id,
        o1_0.created_at,
        o1_0.customer_id,
        o1_0.status,
        o1_0.total_amount,
        o1_0.updated_at 
    from
        orders o1_0 
    limit
        ?, ?
Hibernate: 
    select
        p1_0.id,
        p1_0.available_quantity,
        p1_0.created_at,
        p1_0.description,
        p1_0.name,
        p1_0.price,
        p1_0.status,
        p1_0.updated_at 
    from
        products p1_0 
    order by
        p1_0.id 
    limit
        ?, ?
Hibernate: 
    select
        p1_0.id,
        p1_0.available_quantity,
        p1_0.created_at,
        p1_0.description,
        p1_0.name,
        p1_0.price,
        p1_0.status,
        p1_0.updated_at 
    from
        products p1_0 
    order by
        p1_0.id 
    limit
        ?, ?
Hibernate: 
    select
        u1_0.id,
        u1_0.created_at,
        u1_0.email,
        u1_0.name,
        u1_0.password,
        u1_0.role,
        u1_0.updated_at 
    from
        users u1_0 
    where
        u1_0.id=?
Hibernate: 
    insert 
    into
        products
        (available_quantity, created_at, description, name, price, status, updated_at) 
    values
        (?, ?, ?, ?, ?, ?, ?)
Hibernate: 
    select
        p1_0.id,
        p1_0.available_quantity,
        p1_0.created_at,
        p1_0.description,
        p1_0.name,
        p1_0.price,
        p1_0.status,
        p1_0.updated_at 
    from
        products p1_0 
    order by
        p1_0.id 
    limit
        ?, ?
Hibernate: 
    select
        u1_0.id,
        u1_0.created_at,
        u1_0.email,
        u1_0.name,
        u1_0.password,
        u1_0.role,
        u1_0.updated_at 
    from
        users u1_0 
    where
        u1_0.id=?
Hibernate: 
    select
        o1_0.id,
        o1_0.created_at,
        o1_0.customer_id,
        o1_0.status,
        o1_0.total_amount,
        o1_0.updated_at 
    from
        orders o1_0 
    limit
        ?, ?
Hibernate: 
    select
        u1_0.id,
        u1_0.created_at,
        u1_0.email,
        u1_0.name,
        u1_0.password,
        u1_0.role,
        u1_0.updated_at 
    from
        users u1_0 
    where
        u1_0.id=?
Hibernate: 
    select
        o1_0.id,
        o1_0.created_at,
        o1_0.customer_id,
        o1_0.status,
        o1_0.total_amount,
        o1_0.updated_at 
    from
        orders o1_0 
    limit
        ?, ?
Hibernate: 
    select
        u1_0.id,
        u1_0.created_at,
        u1_0.email,
        u1_0.name,
        u1_0.password,
        u1_0.role,
        u1_0.updated_at 
    from
        users u1_0 
    where
        u1_0.id=?
Hibernate: 
    select
        o1_0.id,
        o1_0.created_at,
        o1_0.customer_id,
        o1_0.status,
        o1_0.total_amount,
        o1_0.updated_at 
    from
        orders o1_0 
    limit
        ?, ?
Hibernate: 
    select
        u1_0.id,
        u1_0.created_at,
        u1_0.email,
        u1_0.name,
        u1_0.password,
        u1_0.role,
        u1_0.updated_at 
    from
        users u1_0 
    where
        u1_0.id=?
Hibernate: 
    select
        o1_0.id,
        o1_0.created_at,
        o1_0.customer_id,
        o1_0.status,
        o1_0.total_amount,
        o1_0.updated_at 
    from
        orders o1_0 
    limit
        ?, ?
Hibernate: 
    select
        p1_0.id,
        p1_0.available_quantity,
        p1_0.created_at,
        p1_0.description,
        p1_0.name,
        p1_0.price,
        p1_0.status,
        p1_0.updated_at 
    from
        products p1_0 
    order by
        p1_0.id 
    limit
        ?, ?
Hibernate: 
    select
        p1_0.id,
        p1_0.available_quantity,
        p1_0.created_at,
        p1_0.description,
        p1_0.name,
        p1_0.price,
        p1_0.status,
        p1_0.updated_at 
    from
        products p1_0 
    order by
        p1_0.id 
    limit
        ?, ?
Hibernate: 
    select
        u1_0.id 
    from
        users u1_0 
    where
        u1_0.email=? 
    limit
        ?
Hibernate: 
    insert 
    into
        users
        (created_at, email, name, password, role, updated_at) 
    values
        (?, ?, ?, ?, ?, ?)
Hibernate: 
    select
        u1_0.id 
    from
        users u1_0 
    where
        u1_0.email=? 
    limit
        ?
Hibernate: 
    select
        u1_0.id,
        u1_0.created_at,
        u1_0.email,
        u1_0.name,
        u1_0.password,
        u1_0.role,
        u1_0.updated_at 
    from
        users u1_0 
    where
        u1_0.email=?
Hibernate: 
    select
        p1_0.id,
        p1_0.available_quantity,
        p1_0.created_at,
        p1_0.description,
        p1_0.name,
        p1_0.price,
        p1_0.status,
        p1_0.updated_at 
    from
        products p1_0 
    where
        p1_0.status=?
Hibernate: 
    select
        p1_0.id,
        p1_0.available_quantity,
        p1_0.created_at,
        p1_0.description,
        p1_0.name,
        p1_0.price,
        p1_0.status,
        p1_0.updated_at 
    from
        products p1_0 
    where
        p1_0.status=?
Hibernate: 
    select
        p1_0.id,
        p1_0.available_quantity,
        p1_0.created_at,
        p1_0.description,
        p1_0.name,
        p1_0.price,
        p1_0.status,
        p1_0.updated_at 
    from
        products p1_0 
    where
        p1_0.id=?
Hibernate: 
    select
        p1_0.id,
        p1_0.available_quantity,
        p1_0.created_at,
        p1_0.description,
        p1_0.name,
        p1_0.price,
        p1_0.status,
        p1_0.updated_at 
    from
        products p1_0 
    where
        p1_0.id=?
Hibernate: 
    select
        u1_0.id,
        u1_0.created_at,
        u1_0.email,
        u1_0.name,
        u1_0.password,
        u1_0.role,
        u1_0.updated_at 
    from
        users u1_0 
    where
        u1_0.id=?
Hibernate: 
    select
        u1_0.id,
        u1_0.created_at,
        u1_0.email,
        u1_0.name,
        u1_0.password,
        u1_0.role,
        u1_0.updated_at 
    from
        users u1_0 
    where
        u1_0.id=?
Hibernate: 
    select
        p1_0.id,
        p1_0.available_quantity,
        p1_0.created_at,
        p1_0.description,
        p1_0.name,
        p1_0.price,
        p1_0.status,
        p1_0.updated_at 
    from
        products p1_0 
    where
        p1_0.id=?
Hibernate: 
    insert 
    into
        orders
        (created_at, customer_id, status, total_amount, updated_at) 
    values
        (?, ?, ?, ?, ?)
Hibernate: 
    insert 
    into
        order_items
        (order_id, price_at_purchase, product_id, quantity) 
    values
        (?, ?, ?, ?)
Hibernate: 
    select
        u1_0.id,
        u1_0.created_at,
        u1_0.email,
        u1_0.name,
        u1_0.password,
        u1_0.role,
        u1_0.updated_at 
    from
        users u1_0 
    where
        u1_0.id=?
Hibernate: 
    select
        u1_0.id,
        u1_0.created_at,
        u1_0.email,
        u1_0.name,
        u1_0.password,
        u1_0.role,
        u1_0.updated_at 
    from
        users u1_0 
    where
        u1_0.id=?
Hibernate: 
    select
        o1_0.id,
        o1_0.created_at,
        o1_0.customer_id,
        oi1_0.order_id,
        oi1_0.id,
        oi1_0.price_at_purchase,
        oi1_0.product_id,
        oi1_0.quantity,
        o1_0.status,
        o1_0.total_amount,
        o1_0.updated_at 
    from
        orders o1_0 
    join
        order_items oi1_0 
            on o1_0.id=oi1_0.order_id 
    where
        o1_0.customer_id=?
Hibernate: 
    select
        p1_0.id,
        p1_0.available_quantity,
        p1_0.created_at,
        p1_0.description,
        p1_0.name,
        p1_0.price,
        p1_0.status,
        p1_0.updated_at 
    from
        products p1_0 
    where
        p1_0.id=?
Hibernate: 
    select
        u1_0.id,
        u1_0.created_at,
        u1_0.email,
        u1_0.name,
        u1_0.password,
        u1_0.role,
        u1_0.updated_at 
    from
        users u1_0 
    where
        u1_0.id=?
Hibernate: 
    select
        u1_0.id,
        u1_0.created_at,
        u1_0.email,
        u1_0.name,
        u1_0.password,
        u1_0.role,
        u1_0.updated_at 
    from
        users u1_0 
    where
        u1_0.id=?
Hibernate: 
    select
        o1_0.id,
        o1_0.created_at,
        o1_0.customer_id,
        oi1_0.order_id,
        oi1_0.id,
        oi1_0.price_at_purchase,
        oi1_0.product_id,
        oi1_0.quantity,
        o1_0.status,
        o1_0.total_amount,
        o1_0.updated_at 
    from
        orders o1_0 
    join
        order_items oi1_0 
            on o1_0.id=oi1_0.order_id 
    where
        o1_0.customer_id=?
Hibernate: 
    select
        p1_0.id,
        p1_0.available_quantity,
        p1_0.created_at,
        p1_0.description,
        p1_0.name,
        p1_0.price,
        p1_0.status,
        p1_0.updated_at 
    from
        products p1_0 
    where
        p1_0.id=?
2026-03-05T00:32:49.745+05:30  INFO 44628 --- [backend] [nio-8080-exec-5] o.springdoc.api.AbstractOpenApiResource  : Init duration for springdoc-openapi is: 2056 ms
Hibernate: 
    select
        p1_0.id,
        p1_0.available_quantity,
        p1_0.created_at,
        p1_0.description,
        p1_0.name,
        p1_0.price,
        p1_0.status,
        p1_0.updated_at 
    from
        products p1_0 
    where
        p1_0.status=?
Hibernate: 
    select
        p1_0.id,
        p1_0.available_quantity,
        p1_0.created_at,
        p1_0.description,
        p1_0.name,
        p1_0.price,
        p1_0.status,
        p1_0.updated_at 
    from
        products p1_0 
    where
        p1_0.status=?
Hibernate: 
    select
        p1_0.id,
        p1_0.available_quantity,
        p1_0.created_at,
        p1_0.description,
        p1_0.name,
        p1_0.price,
        p1_0.status,
        p1_0.updated_at 
    from
        products p1_0 
    where
        p1_0.id=?
Hibernate: 
    select
        p1_0.id,
        p1_0.available_quantity,
        p1_0.created_at,
        p1_0.description,
        p1_0.name,
        p1_0.price,
        p1_0.status,
        p1_0.updated_at 
    from
        products p1_0 
    where
        p1_0.id=?
Hibernate: 
    select
        u1_0.id,
        u1_0.created_at,
        u1_0.email,
        u1_0.name,
        u1_0.password,
        u1_0.role,
        u1_0.updated_at 
    from
        users u1_0 
    where
        u1_0.id=?
Hibernate: 
    select
        u1_0.id,
        u1_0.created_at,
        u1_0.email,
        u1_0.name,
        u1_0.password,
        u1_0.role,
        u1_0.updated_at 
    from
        users u1_0 
    where
        u1_0.id=?
Hibernate: 
    select
        o1_0.id,
        o1_0.created_at,
        o1_0.customer_id,
        oi1_0.order_id,
        oi1_0.id,
        oi1_0.price_at_purchase,
        oi1_0.product_id,
        oi1_0.quantity,
        o1_0.status,
        o1_0.total_amount,
        o1_0.updated_at 
    from
        orders o1_0 
    join
        order_items oi1_0 
            on o1_0.id=oi1_0.order_id 
    where
        o1_0.customer_id=?
Hibernate: 
    select
        p1_0.id,
        p1_0.available_quantity,
        p1_0.created_at,
        p1_0.description,
        p1_0.name,
        p1_0.price,
        p1_0.status,
        p1_0.updated_at 
    from
        products p1_0 
    where
        p1_0.id=?
Hibernate: 
    select
        u1_0.id,
        u1_0.created_at,
        u1_0.email,
        u1_0.name,
        u1_0.password,
        u1_0.role,
        u1_0.updated_at 
    from
        users u1_0 
    where
        u1_0.id=?
Hibernate: 
    select
        u1_0.id,
        u1_0.created_at,
        u1_0.email,
        u1_0.name,
        u1_0.password,
        u1_0.role,
        u1_0.updated_at 
    from
        users u1_0 
    where
        u1_0.id=?
Hibernate: 
    select
        o1_0.id,
        o1_0.created_at,
        o1_0.customer_id,
        oi1_0.order_id,
        oi1_0.id,
        oi1_0.price_at_purchase,
        oi1_0.product_id,
        oi1_0.quantity,
        o1_0.status,
        o1_0.total_amount,
        o1_0.updated_at 
    from
        orders o1_0 
    join
        order_items oi1_0 
            on o1_0.id=oi1_0.order_id 
    where
        o1_0.customer_id=?
Hibernate: 
    select
        p1_0.id,
        p1_0.available_quantity,
        p1_0.created_at,
        p1_0.description,
        p1_0.name,
        p1_0.price,
        p1_0.status,
        p1_0.updated_at 
    from
        products p1_0 
    where
        p1_0.id=?
Hibernate: 
    select
        u1_0.id,
        u1_0.created_at,
        u1_0.email,
        u1_0.name,
        u1_0.password,
        u1_0.role,
        u1_0.updated_at 
    from
        users u1_0 
    where
        u1_0.email=?
Hibernate: 
    select
        u1_0.id,
        u1_0.created_at,
        u1_0.email,
        u1_0.name,
        u1_0.password,
        u1_0.role,
        u1_0.updated_at 
    from
        users u1_0 
    where
        u1_0.email=?
Hibernate: 
    select
        u1_0.id,
        u1_0.created_at,
        u1_0.email,
        u1_0.name,
        u1_0.password,
        u1_0.role,
        u1_0.updated_at 
    from
        users u1_0 
    where
        u1_0.id=?
Hibernate: 
    select
        u1_0.id,
        u1_0.created_at,
        u1_0.email,
        u1_0.name,
        u1_0.password,
        u1_0.role,
        u1_0.updated_at 
    from
        users u1_0 
    where
        u1_0.id=?
Hibernate: 
    select
        u1_0.id,
        u1_0.created_at,
        u1_0.email,
        u1_0.name,
        u1_0.password,
        u1_0.role,
        u1_0.updated_at 
    from
        users u1_0 
    where
        u1_0.id=?
Hibernate: 
    select
        p1_0.id,
        p1_0.name,
        sum(oi1_0.quantity),
        sum((oi1_0.quantity*oi1_0.price_at_purchase)) 
    from
        order_items oi1_0 
    join
        products p1_0 
            on p1_0.id=oi1_0.product_id 
    join
        orders o1_0 
            on o1_0.id=oi1_0.order_id 
    where
        o1_0.status<>'CANCELLED' 
    group by
        p1_0.id,
        p1_0.name 
    order by
        3 desc 
    limit
        ?
Hibernate: 
    select
        p1_0.id,
        p1_0.name,
        sum(oi1_0.quantity),
        sum((oi1_0.quantity*oi1_0.price_at_purchase)) 
    from
        order_items oi1_0 
    join
        products p1_0 
            on p1_0.id=oi1_0.product_id 
    join
        orders o1_0 
            on o1_0.id=oi1_0.order_id 
    where
        o1_0.status<>'CANCELLED' 
    group by
        p1_0.id,
        p1_0.name 
    order by
        3 desc 
    limit
        ?
Hibernate: 
    select
        o1_0.status,
        count(o1_0.id) 
    from
        orders o1_0 
    group by
        o1_0.status
Hibernate: 
    select
        date(o1_0.created_at),
        sum(o1_0.total_amount) 
    from
        orders o1_0 
    where
        o1_0.status in ('CONFIRMED', 'SHIPPED', 'DELIVERED') 
        and date(o1_0.created_at) between ? and ? 
    group by
        date(o1_0.created_at) 
    order by
        1 desc
Hibernate: 
    select
        count(o1_0.id) 
    from
        orders o1_0
Hibernate: 
    select
        u1_0.id,
        u1_0.created_at,
        u1_0.email,
        u1_0.name,
        u1_0.password,
        u1_0.role,
        u1_0.updated_at 
    from
        users u1_0 
    where
        u1_0.id=?
Hibernate: 
    select
        u1_0.id,
        u1_0.created_at,
        u1_0.email,
        u1_0.name,
        u1_0.password,
        u1_0.role,
        u1_0.updated_at 
    from
        users u1_0 
    where
        u1_0.id=?
Hibernate: 
    select
        count(distinct o1_0.customer_id) 
    from
        orders o1_0 
    where
        o1_0.status<>'CANCELLED'
Hibernate: 
    select
        p1_0.id,
        p1_0.name,
        sum(oi1_0.quantity),
        sum((oi1_0.quantity*oi1_0.price_at_purchase)) 
    from
        order_items oi1_0 
    join
        products p1_0 
            on p1_0.id=oi1_0.product_id 
    join
        orders o1_0 
            on o1_0.id=oi1_0.order_id 
    where
        o1_0.status<>'CANCELLED' 
    group by
        p1_0.id,
        p1_0.name 
    order by
        3 desc 
    limit
        ?
Hibernate: 
    select
        o1_0.status,
        count(o1_0.id) 
    from
        orders o1_0 
    group by
        o1_0.status
Hibernate: 
    select
        sum(o1_0.total_amount) 
    from
        orders o1_0 
    where
        o1_0.status in ('CONFIRMED', 'SHIPPED', 'DELIVERED')
Hibernate: 
    select
        o1_0.status,
        count(o1_0.id) 
    from
        orders o1_0 
    group by
        o1_0.status
Hibernate: 
    select
        u1_0.id,
        u1_0.created_at,
        u1_0.email,
        u1_0.name,
        u1_0.password,
        u1_0.role,
        u1_0.updated_at 
    from
        users u1_0 
    where
        u1_0.id=?
Hibernate: 
    select
        p1_0.id,
        p1_0.name,
        sum(oi1_0.quantity),
        sum((oi1_0.quantity*oi1_0.price_at_purchase)) 
    from
        order_items oi1_0 
    join
        products p1_0 
            on p1_0.id=oi1_0.product_id 
    join
        orders o1_0 
            on o1_0.id=oi1_0.order_id 
    where
        o1_0.status<>'CANCELLED' 
    group by
        p1_0.id,
        p1_0.name 
    order by
        3 desc 
    limit
        ?
Hibernate: 
    select
        date(o1_0.created_at),
        sum(o1_0.total_amount) 
    from
        orders o1_0 
    where
        o1_0.status in ('CONFIRMED', 'SHIPPED', 'DELIVERED') 
        and date(o1_0.created_at) between ? and ? 
    group by
        date(o1_0.created_at) 
    order by
        1 desc
Hibernate: 
    select
        count(o1_0.id) 
    from
        orders o1_0
Hibernate: 
    select
        count(distinct o1_0.customer_id) 
    from
        orders o1_0 
    where
        o1_0.status<>'CANCELLED'
Hibernate: 
    select
        sum(o1_0.total_amount) 
    from
        orders o1_0 
    where
        o1_0.status in ('CONFIRMED', 'SHIPPED', 'DELIVERED')
Hibernate: 
    select
        o1_0.status,
        count(o1_0.id) 
    from
        orders o1_0 
    group by
        o1_0.status
Hibernate: 
    select
        p1_0.id,
        p1_0.available_quantity,
        p1_0.created_at,
        p1_0.description,
        p1_0.name,
        p1_0.price,
        p1_0.status,
        p1_0.updated_at 
    from
        products p1_0 
    where
        p1_0.status=?
Hibernate: 
    select
        p1_0.id,
        p1_0.available_quantity,
        p1_0.created_at,
        p1_0.description,
        p1_0.name,
        p1_0.price,
        p1_0.status,
        p1_0.updated_at 
    from
        products p1_0 
    where
        p1_0.status=?
Hibernate: 
    select
        u1_0.id,
        u1_0.created_at,
        u1_0.email,
        u1_0.name,
        u1_0.password,
        u1_0.role,
        u1_0.updated_at 
    from
        users u1_0 
    where
        u1_0.id=?
Hibernate: 
    select
        u1_0.id,
        u1_0.created_at,
        u1_0.email,
        u1_0.name,
        u1_0.password,
        u1_0.role,
        u1_0.updated_at 
    from
        users u1_0 
    where
        u1_0.id=?
Hibernate: 
    select
        o1_0.id,
        o1_0.created_at,
        o1_0.customer_id,
        oi1_0.order_id,
        oi1_0.id,
        oi1_0.price_at_purchase,
        oi1_0.product_id,
        oi1_0.quantity,
        o1_0.status,
        o1_0.total_amount,
        o1_0.updated_at 
    from
        orders o1_0 
    join
        order_items oi1_0 
            on o1_0.id=oi1_0.order_id 
    where
        o1_0.customer_id=?
Hibernate: 
    select
        u1_0.id,
        u1_0.created_at,
        u1_0.email,
        u1_0.name,
        u1_0.password,
        u1_0.role,
        u1_0.updated_at 
    from
        users u1_0 
    where
        u1_0.id=?
Hibernate: 
    select
        u1_0.id,
        u1_0.created_at,
        u1_0.email,
        u1_0.name,
        u1_0.password,
        u1_0.role,
        u1_0.updated_at 
    from
        users u1_0 
    where
        u1_0.id=?
Hibernate: 
    select
        o1_0.id,
        o1_0.created_at,
        o1_0.customer_id,
        oi1_0.order_id,
        oi1_0.id,
        oi1_0.price_at_purchase,
        oi1_0.product_id,
        oi1_0.quantity,
        o1_0.status,
        o1_0.total_amount,
        o1_0.updated_at 
    from
        orders o1_0 
    join
        order_items oi1_0 
            on o1_0.id=oi1_0.order_id 
    where
        o1_0.customer_id=?
Hibernate: 
    select
        u1_0.id,
        u1_0.created_at,
        u1_0.email,
        u1_0.name,
        u1_0.password,
        u1_0.role,
        u1_0.updated_at 
    from
        users u1_0 
    where
        u1_0.id=?
Hibernate: 
    select
        o1_0.id,
        o1_0.created_at,
        o1_0.customer_id,
        o1_0.status,
        o1_0.total_amount,
        o1_0.updated_at 
    from
        orders o1_0 
    limit
        ?, ?
Hibernate: 
    select
        oi1_0.order_id,
        oi1_0.id,
        oi1_0.price_at_purchase,
        oi1_0.product_id,
        oi1_0.quantity 
    from
        order_items oi1_0 
    where
        oi1_0.order_id=?
Hibernate: 
    select
        p1_0.id,
        p1_0.available_quantity,
        p1_0.created_at,
        p1_0.description,
        p1_0.name,
        p1_0.price,
        p1_0.status,
        p1_0.updated_at 
    from
        products p1_0 
    where
        p1_0.id=?
Hibernate: 
    select
        u1_0.id,
        u1_0.created_at,
        u1_0.email,
        u1_0.name,
        u1_0.password,
        u1_0.role,
        u1_0.updated_at 
    from
        users u1_0 
    where
        u1_0.id=?
Hibernate: 
    select
        u1_0.id,
        u1_0.created_at,
        u1_0.email,
        u1_0.name,
        u1_0.password,
        u1_0.role,
        u1_0.updated_at 
    from
        users u1_0 
    where
        u1_0.id=?
Hibernate: 
    select
        o1_0.id,
        o1_0.created_at,
        o1_0.customer_id,
        o1_0.status,
        o1_0.total_amount,
        o1_0.updated_at 
    from
        orders o1_0 
    limit
        ?, ?
Hibernate: 
    select
        oi1_0.order_id,
        oi1_0.id,
        oi1_0.price_at_purchase,
        oi1_0.product_id,
        oi1_0.quantity 
    from
        order_items oi1_0 
    where
        oi1_0.order_id=?
Hibernate: 
    select
        p1_0.id,
        p1_0.available_quantity,
        p1_0.created_at,
        p1_0.description,
        p1_0.name,
        p1_0.price,
        p1_0.status,
        p1_0.updated_at 
    from
        products p1_0 
    where
        p1_0.id=?
Hibernate: 
    select
        u1_0.id,
        u1_0.created_at,
        u1_0.email,
        u1_0.name,
        u1_0.password,
        u1_0.role,
        u1_0.updated_at 
    from
        users u1_0 
    where
        u1_0.id=?
Hibernate: 
    select
        u1_0.id,
        u1_0.created_at,
        u1_0.email,
        u1_0.name,
        u1_0.password,
        u1_0.role,
        u1_0.updated_at 
    from
        users u1_0 
    where
        u1_0.id=?
Hibernate: 
    select
        o1_0.id,
        o1_0.created_at,
        o1_0.customer_id,
        oi1_0.order_id,
        oi1_0.id,
        oi1_0.price_at_purchase,
        oi1_0.product_id,
        p1_0.id,
        p1_0.available_quantity,
        p1_0.created_at,
        p1_0.description,
        p1_0.name,
        p1_0.price,
        p1_0.status,
        p1_0.updated_at,
        oi1_0.quantity,
        o1_0.status,
        o1_0.total_amount,
        o1_0.updated_at 
    from
        orders o1_0 
    join
        order_items oi1_0 
            on o1_0.id=oi1_0.order_id 
    join
        products p1_0 
            on p1_0.id=oi1_0.product_id 
    where
        o1_0.id=?
Hibernate: 
    select
        u1_0.id,
        u1_0.created_at,
        u1_0.email,
        u1_0.name,
        u1_0.password,
        u1_0.role,
        u1_0.updated_at 
    from
        users u1_0 
    where
        u1_0.id=?
Hibernate: 
    update
        products 
    set
        available_quantity=?,
        created_at=?,
        description=?,
        name=?,
        price=?,
        status=?,
        updated_at=? 
    where
        id=?
Hibernate: 
    update
        orders 
    set
        created_at=?,
        customer_id=?,
        status=?,
        total_amount=?,
        updated_at=? 
    where
        id=?
Hibernate: 
    select
        u1_0.id,
        u1_0.created_at,
        u1_0.email,
        u1_0.name,
        u1_0.password,
        u1_0.role,
        u1_0.updated_at 
    from
        users u1_0 
    where
        u1_0.id=?
Hibernate: 
    select
        o1_0.id,
        o1_0.created_at,
        o1_0.customer_id,
        o1_0.status,
        o1_0.total_amount,
        o1_0.updated_at 
    from
        orders o1_0 
    limit
        ?, ?
Hibernate: 
    select
        oi1_0.order_id,
        oi1_0.id,
        oi1_0.price_at_purchase,
        oi1_0.product_id,
        oi1_0.quantity 
    from
        order_items oi1_0 
    where
        oi1_0.order_id=?
Hibernate: 
    select
        p1_0.id,
        p1_0.available_quantity,
        p1_0.created_at,
        p1_0.description,
        p1_0.name,
        p1_0.price,
        p1_0.status,
        p1_0.updated_at 
    from
        products p1_0 
    where
        p1_0.id=?
Hibernate: 
    select
        u1_0.id,
        u1_0.created_at,
        u1_0.email,
        u1_0.name,
        u1_0.password,
        u1_0.role,
        u1_0.updated_at 
    from
        users u1_0 
    where
        u1_0.id=?
Hibernate: 
    select
        u1_0.id,
        u1_0.created_at,
        u1_0.email,
        u1_0.name,
        u1_0.password,
        u1_0.role,
        u1_0.updated_at 
    from
        users u1_0 
    where
        u1_0.id=?
Hibernate: 
    select
        o1_0.id,
        o1_0.created_at,
        o1_0.customer_id,
        o1_0.status,
        o1_0.total_amount,
        o1_0.updated_at 
    from
        orders o1_0 
    limit
        ?, ?
Hibernate: 
    select
        oi1_0.order_id,
        oi1_0.id,
        oi1_0.price_at_purchase,
        oi1_0.product_id,
        oi1_0.quantity 
    from
        order_items oi1_0 
    where
        oi1_0.order_id=?
Hibernate: 
    select
        p1_0.id,
        p1_0.available_quantity,
        p1_0.created_at,
        p1_0.description,
        p1_0.name,
        p1_0.price,
        p1_0.status,
        p1_0.updated_at 
    from
        products p1_0 
    where
        p1_0.id=?
Hibernate: 
    select
        u1_0.id,
        u1_0.created_at,
        u1_0.email,
        u1_0.name,
        u1_0.password,
        u1_0.role,
        u1_0.updated_at 
    from
        users u1_0 
    where
        u1_0.id=?
Hibernate: 
    select
        u1_0.id,
        u1_0.created_at,
        u1_0.email,
        u1_0.name,
        u1_0.password,
        u1_0.role,
        u1_0.updated_at 
    from
        users u1_0 
    where
        u1_0.email=?
Hibernate: 
    select
        u1_0.id,
        u1_0.created_at,
        u1_0.email,
        u1_0.name,
        u1_0.password,
        u1_0.role,
        u1_0.updated_at 
    from
        users u1_0 
    where
        u1_0.id=?
Hibernate: 
    select
        u1_0.id,
        u1_0.created_at,
        u1_0.email,
        u1_0.name,
        u1_0.password,
        u1_0.role,
        u1_0.updated_at 
    from
        users u1_0 
    where
        u1_0.id=?
Hibernate: 
    select
        u1_0.id,
        u1_0.created_at,
        u1_0.email,
        u1_0.name,
        u1_0.password,
        u1_0.role,
        u1_0.updated_at 
    from
        users u1_0 
    where
        u1_0.id=?
Hibernate: 
    select
        p1_0.id,
        p1_0.name,
        sum(oi1_0.quantity),
        sum((oi1_0.quantity*oi1_0.price_at_purchase)) 
    from
        order_items oi1_0 
    join
        products p1_0 
            on p1_0.id=oi1_0.product_id 
    join
        orders o1_0 
            on o1_0.id=oi1_0.order_id 
    where
        o1_0.status<>'CANCELLED' 
    group by
        p1_0.id,
        p1_0.name 
    order by
        3 desc 
    limit
        ?
Hibernate: 
    select
        p1_0.id,
        p1_0.name,
        sum(oi1_0.quantity),
        sum((oi1_0.quantity*oi1_0.price_at_purchase)) 
    from
        order_items oi1_0 
    join
        products p1_0 
            on p1_0.id=oi1_0.product_id 
    join
        orders o1_0 
            on o1_0.id=oi1_0.order_id 
    where
        o1_0.status<>'CANCELLED' 
    group by
        p1_0.id,
        p1_0.name 
    order by
        3 desc 
    limit
        ?
Hibernate: 
    select
        o1_0.status,
        count(o1_0.id) 
    from
        orders o1_0 
    group by
        o1_0.status
Hibernate: 
    select
        date(o1_0.created_at),
        sum(o1_0.total_amount) 
    from
        orders o1_0 
    where
        o1_0.status in ('CONFIRMED', 'SHIPPED', 'DELIVERED') 
        and date(o1_0.created_at) between ? and ? 
    group by
        date(o1_0.created_at) 
    order by
        1 desc
Hibernate: 
    select
        u1_0.id,
        u1_0.created_at,
        u1_0.email,
        u1_0.name,
        u1_0.password,
        u1_0.role,
        u1_0.updated_at 
    from
        users u1_0 
    where
        u1_0.id=?
Hibernate: 
    select
        u1_0.id,
        u1_0.created_at,
        u1_0.email,
        u1_0.name,
        u1_0.password,
        u1_0.role,
        u1_0.updated_at 
    from
        users u1_0 
    where
        u1_0.id=?
Hibernate: 
    select
        o1_0.status,
        count(o1_0.id) 
    from
        orders o1_0 
    group by
        o1_0.status
Hibernate: 
    select
        p1_0.id,
        p1_0.name,
        sum(oi1_0.quantity),
        sum((oi1_0.quantity*oi1_0.price_at_purchase)) 
    from
        order_items oi1_0 
    join
        products p1_0 
            on p1_0.id=oi1_0.product_id 
    join
        orders o1_0 
            on o1_0.id=oi1_0.order_id 
    where
        o1_0.status<>'CANCELLED' 
    group by
        p1_0.id,
        p1_0.name 
    order by
        3 desc 
    limit
        ?
Hibernate: 
    select
        u1_0.id,
        u1_0.created_at,
        u1_0.email,
        u1_0.name,
        u1_0.password,
        u1_0.role,
        u1_0.updated_at 
    from
        users u1_0 
    where
        u1_0.id=?
Hibernate: 
    select
        p1_0.id,
        p1_0.name,
        sum(oi1_0.quantity),
        sum((oi1_0.quantity*oi1_0.price_at_purchase)) 
    from
        order_items oi1_0 
    join
        products p1_0 
            on p1_0.id=oi1_0.product_id 
    join
        orders o1_0 
            on o1_0.id=oi1_0.order_id 
    where
        o1_0.status<>'CANCELLED' 
    group by
        p1_0.id,
        p1_0.name 
    order by
        3 desc 
    limit
        ?
Hibernate: 
    select
        date(o1_0.created_at),
        sum(o1_0.total_amount) 
    from
        orders o1_0 
    where
        o1_0.status in ('CONFIRMED', 'SHIPPED', 'DELIVERED') 
        and date(o1_0.created_at) between ? and ? 
    group by
        date(o1_0.created_at) 
    order by
        1 desc
Hibernate: 
    select
        u1_0.id,
        u1_0.created_at,
        u1_0.email,
        u1_0.name,
        u1_0.password,
        u1_0.role,
        u1_0.updated_at 
    from
        users u1_0 
    where
        u1_0.id=?
Hibernate: 
    select
        o1_0.id,
        o1_0.created_at,
        o1_0.customer_id,
        o1_0.status,
        o1_0.total_amount,
        o1_0.updated_at 
    from
        orders o1_0 
    limit
        ?, ?
Hibernate: 
    select
        oi1_0.order_id,
        oi1_0.id,
        oi1_0.price_at_purchase,
        oi1_0.product_id,
        oi1_0.quantity 
    from
        order_items oi1_0 
    where
        oi1_0.order_id=?
Hibernate: 
    select
        p1_0.id,
        p1_0.available_quantity,
        p1_0.created_at,
        p1_0.description,
        p1_0.name,
        p1_0.price,
        p1_0.status,
        p1_0.updated_at 
    from
        products p1_0 
    where
        p1_0.id=?
Hibernate: 
    select
        u1_0.id,
        u1_0.created_at,
        u1_0.email,
        u1_0.name,
        u1_0.password,
        u1_0.role,
        u1_0.updated_at 
    from
        users u1_0 
    where
        u1_0.id=?
Hibernate: 
    select
        u1_0.id,
        u1_0.created_at,
        u1_0.email,
        u1_0.name,
        u1_0.password,
        u1_0.role,
        u1_0.updated_at 
    from
        users u1_0 
    where
        u1_0.id=?
Hibernate: 
    select
        o1_0.id,
        o1_0.created_at,
        o1_0.customer_id,
        o1_0.status,
        o1_0.total_amount,
        o1_0.updated_at 
    from
        orders o1_0 
    limit
        ?, ?
Hibernate: 
    select
        oi1_0.order_id,
        oi1_0.id,
        oi1_0.price_at_purchase,
        oi1_0.product_id,
        oi1_0.quantity 
    from
        order_items oi1_0 
    where
        oi1_0.order_id=?
Hibernate: 
    select
        p1_0.id,
        p1_0.available_quantity,
        p1_0.created_at,
        p1_0.description,
        p1_0.name,
        p1_0.price,
        p1_0.status,
        p1_0.updated_at 
    from
        products p1_0 
    where
        p1_0.id=?
Hibernate: 
    select
        u1_0.id,
        u1_0.created_at,
        u1_0.email,
        u1_0.name,
        u1_0.password,
        u1_0.role,
        u1_0.updated_at 
    from
        users u1_0 
    where
        u1_0.id=?
Hibernate: 
    select
        u1_0.id,
        u1_0.created_at,
        u1_0.email,
        u1_0.name,
        u1_0.password,
        u1_0.role,
        u1_0.updated_at 
    from
        users u1_0 
    where
        u1_0.id=?
Hibernate: 
    select
        u1_0.id,
        u1_0.created_at,
        u1_0.email,
        u1_0.name,
        u1_0.password,
        u1_0.role,
        u1_0.updated_at 
    from
        users u1_0 
    where
        u1_0.id=?
Hibernate: 
    select
        o1_0.id,
        o1_0.created_at,
        o1_0.customer_id,
        oi1_0.order_id,
        oi1_0.id,
        oi1_0.price_at_purchase,
        oi1_0.product_id,
        oi1_0.quantity,
        o1_0.status,
        o1_0.total_amount,
        o1_0.updated_at 
    from
        orders o1_0 
    join
        order_items oi1_0 
            on o1_0.id=oi1_0.order_id 
    where
        o1_0.customer_id=?
Hibernate: 
    select
        u1_0.id,
        u1_0.created_at,
        u1_0.email,
        u1_0.name,
        u1_0.password,
        u1_0.role,
        u1_0.updated_at 
    from
        users u1_0 
    where
        u1_0.id=?
Hibernate: 
    select
        u1_0.id,
        u1_0.created_at,
        u1_0.email,
        u1_0.name,
        u1_0.password,
        u1_0.role,
        u1_0.updated_at 
    from
        users u1_0 
    where
        u1_0.id=?
Hibernate: 
    select
        o1_0.id,
        o1_0.created_at,
        o1_0.customer_id,
        oi1_0.order_id,
        oi1_0.id,
        oi1_0.price_at_purchase,
        oi1_0.product_id,
        oi1_0.quantity,
        o1_0.status,
        o1_0.total_amount,
        o1_0.updated_at 
    from
        orders o1_0 
    join
        order_items oi1_0 
            on o1_0.id=oi1_0.order_id 
    where
        o1_0.customer_id=?
Hibernate: 
    select
        p1_0.id,
        p1_0.available_quantity,
        p1_0.created_at,
        p1_0.description,
        p1_0.name,
        p1_0.price,
        p1_0.status,
        p1_0.updated_at 
    from
        products p1_0 
    where
        p1_0.status=?
Hibernate: 
    select
        p1_0.id,
        p1_0.available_quantity,
        p1_0.created_at,
        p1_0.description,
        p1_0.name,
        p1_0.price,
        p1_0.status,
        p1_0.updated_at 
    from
        products p1_0 
    where
        p1_0.status=?
Hibernate: 
    select
        u1_0.id,
        u1_0.created_at,
        u1_0.email,
        u1_0.name,
        u1_0.password,
        u1_0.role,
        u1_0.updated_at 
    from
        users u1_0 
    where
        u1_0.id=?
Hibernate: 
    select
        u1_0.id,
        u1_0.created_at,
        u1_0.email,
        u1_0.name,
        u1_0.password,
        u1_0.role,
        u1_0.updated_at 
    from
        users u1_0 
    where
        u1_0.id=?
Hibernate: 
    select
        o1_0.id,
        o1_0.created_at,
        o1_0.customer_id,
        oi1_0.order_id,
        oi1_0.id,
        oi1_0.price_at_purchase,
        oi1_0.product_id,
        oi1_0.quantity,
        o1_0.status,
        o1_0.total_amount,
        o1_0.updated_at 
    from
        orders o1_0 
    join
        order_items oi1_0 
            on o1_0.id=oi1_0.order_id 
    where
        o1_0.customer_id=?
Hibernate: 
    select
        u1_0.id,
        u1_0.created_at,
        u1_0.email,
        u1_0.name,
        u1_0.password,
        u1_0.role,
        u1_0.updated_at 
    from
        users u1_0 
    where
        u1_0.id=?
Hibernate: 
    select
        u1_0.id,
        u1_0.created_at,
        u1_0.email,
        u1_0.name,
        u1_0.password,
        u1_0.role,
        u1_0.updated_at 
    from
        users u1_0 
    where
        u1_0.id=?
Hibernate: 
    select
        o1_0.id,
        o1_0.created_at,
        o1_0.customer_id,
        oi1_0.order_id,
        oi1_0.id,
        oi1_0.price_at_purchase,
        oi1_0.product_id,
        oi1_0.quantity,
        o1_0.status,
        o1_0.total_amount,
        o1_0.updated_at 
    from
        orders o1_0 
    join
        order_items oi1_0 
            on o1_0.id=oi1_0.order_id 
    where
        o1_0.customer_id=?
Hibernate: 
    select
        u1_0.id,
        u1_0.created_at,
        u1_0.email,
        u1_0.name,
        u1_0.password,
        u1_0.role,
        u1_0.updated_at 
    from
        users u1_0 
    where
        u1_0.id=?
Hibernate: 
    select
        o1_0.id,
        o1_0.created_at,
        o1_0.customer_id,
        o1_0.status,
        o1_0.total_amount,
        o1_0.updated_at 
    from
        orders o1_0 
    limit
        ?, ?
Hibernate: 
    select
        oi1_0.order_id,
        oi1_0.id,
        oi1_0.price_at_purchase,
        oi1_0.product_id,
        oi1_0.quantity 
    from
        order_items oi1_0 
    where
        oi1_0.order_id=?
Hibernate: 
    select
        p1_0.id,
        p1_0.available_quantity,
        p1_0.created_at,
        p1_0.description,
        p1_0.name,
        p1_0.price,
        p1_0.status,
        p1_0.updated_at 
    from
        products p1_0 
    where
        p1_0.id=?
Hibernate: 
    select
        u1_0.id,
        u1_0.created_at,
        u1_0.email,
        u1_0.name,
        u1_0.password,
        u1_0.role,
        u1_0.updated_at 
    from
        users u1_0 
    where
        u1_0.id=?
Hibernate: 
    select
        u1_0.id,
        u1_0.created_at,
        u1_0.email,
        u1_0.name,
        u1_0.password,
        u1_0.role,
        u1_0.updated_at 
    from
        users u1_0 
    where
        u1_0.id=?
Hibernate: 
    select
        o1_0.id,
        o1_0.created_at,
        o1_0.customer_id,
        o1_0.status,
        o1_0.total_amount,
        o1_0.updated_at 
    from
        orders o1_0 
    limit
        ?, ?
Hibernate: 
    select
        oi1_0.order_id,
        oi1_0.id,
        oi1_0.price_at_purchase,
        oi1_0.product_id,
        oi1_0.quantity 
    from
        order_items oi1_0 
    where
        oi1_0.order_id=?
Hibernate: 
    select
        p1_0.id,
        p1_0.available_quantity,
        p1_0.created_at,
        p1_0.description,
        p1_0.name,
        p1_0.price,
        p1_0.status,
        p1_0.updated_at 
    from
        products p1_0 
    where
        p1_0.id=?
Hibernate: 
    select
        u1_0.id,
        u1_0.created_at,
        u1_0.email,
        u1_0.name,
        u1_0.password,
        u1_0.role,
        u1_0.updated_at 
    from
        users u1_0 
    where
        u1_0.id=?
Hibernate: 
    select
        p1_0.id,
        p1_0.available_quantity,
        p1_0.created_at,
        p1_0.description,
        p1_0.name,
        p1_0.price,
        p1_0.status,
        p1_0.updated_at 
    from
        products p1_0 
    order by
        p1_0.id 
    limit
        ?, ?
Hibernate: 
    select
        p1_0.id,
        p1_0.available_quantity,
        p1_0.created_at,
        p1_0.description,
        p1_0.name,
        p1_0.price,
        p1_0.status,
        p1_0.updated_at 
    from
        products p1_0 
    order by
        p1_0.id 
    limit
        ?, ?
Hibernate: 
    select
        u1_0.id,
        u1_0.created_at,
        u1_0.email,
        u1_0.name,
        u1_0.password,
        u1_0.role,
        u1_0.updated_at 
    from
        users u1_0 
    where
        u1_0.id=?
Hibernate: 
    select
        o1_0.id,
        o1_0.created_at,
        o1_0.customer_id,
        o1_0.status,
        o1_0.total_amount,
        o1_0.updated_at 
    from
        orders o1_0 
    limit
        ?, ?
Hibernate: 
    select
        oi1_0.order_id,
        oi1_0.id,
        oi1_0.price_at_purchase,
        oi1_0.product_id,
        oi1_0.quantity 
    from
        order_items oi1_0 
    where
        oi1_0.order_id=?
Hibernate: 
    select
        p1_0.id,
        p1_0.available_quantity,
        p1_0.created_at,
        p1_0.description,
        p1_0.name,
        p1_0.price,
        p1_0.status,
        p1_0.updated_at 
    from
        products p1_0 
    where
        p1_0.id=?
Hibernate: 
    select
        u1_0.id,
        u1_0.created_at,
        u1_0.email,
        u1_0.name,
        u1_0.password,
        u1_0.role,
        u1_0.updated_at 
    from
        users u1_0 
    where
        u1_0.id=?
Hibernate: 
    select
        u1_0.id,
        u1_0.created_at,
        u1_0.email,
        u1_0.name,
        u1_0.password,
        u1_0.role,
        u1_0.updated_at 
    from
        users u1_0 
    where
        u1_0.id=?
Hibernate: 
    select
        o1_0.id,
        o1_0.created_at,
        o1_0.customer_id,
        o1_0.status,
        o1_0.total_amount,
        o1_0.updated_at 
    from
        orders o1_0 
    limit
        ?, ?
Hibernate: 
    select
        oi1_0.order_id,
        oi1_0.id,
        oi1_0.price_at_purchase,
        oi1_0.product_id,
        oi1_0.quantity 
    from
        order_items oi1_0 
    where
        oi1_0.order_id=?
Hibernate: 
    select
        p1_0.id,
        p1_0.available_quantity,
        p1_0.created_at,
        p1_0.description,
        p1_0.name,
        p1_0.price,
        p1_0.status,
        p1_0.updated_at 
    from
        products p1_0 
    where
        p1_0.id=?
Hibernate: 
    select
        u1_0.id,
        u1_0.created_at,
        u1_0.email,
        u1_0.name,
        u1_0.password,
        u1_0.role,
        u1_0.updated_at 
    from
        users u1_0 
    where
        u1_0.id=?
[INFO] ------------------------------------------------------------------------
[INFO] BUILD FAILURE
[INFO] ------------------------------------------------------------------------
[INFO] Total time:  18:03 min
[INFO] Finished at: 2026-03-05T00:37:53+05:30
[INFO] ------------------------------------------------------------------------
[ERROR] Failed to execute goal org.springframework.boot:spring-boot-maven-plugin:3.2.3:run (default-cli) on project backend: Process terminated with exit code: -1 -> [Help 1]
[ERROR] 
[ERROR] To see the full stack trace of the errors, re-run Maven with the -e switch.
[ERROR] Re-run Maven using the -X switch to enable full debug logging.
[ERROR] 
[ERROR] For more information about the errors and possible solutions, please read the following articles:
[ERROR] [Help 1] http://cwiki.apache.org/confluence/display/MAVEN/MojoExecutionException
