
  .   ____          _            __ _ _
 /\\ / ___'_ __ _ _(_)_ __  __ _ \ \ \ \
( ( )\___ | '_ | '_| | '_ \/ _` | \ \ \ \
 \\/  ___)| |_)| | | | | || (_| |  ) ) ) )
  '  |____| .__|_| |_|_| |_\__, | / / / /
 =========|_|==============|___/=/_/_/_/
 :: Spring Boot ::                (v3.2.3)

2026-03-15T17:06:59.477+05:30  INFO 14944 --- [ecommerce-marketplace] [           main] c.ecommerce.backend.BackendApplication   : Starting BackendApplication v0.0.1-SNAPSHOT using Java 21.0.10 with PID 14944 (E:\E_Commerce\backend\target\backend-0.0.1-SNAPSHOT.jar started by mahar in E:\E_Commerce\backend)
2026-03-15T17:06:59.483+05:30 DEBUG 14944 --- [ecommerce-marketplace] [           main] c.ecommerce.backend.BackendApplication   : Running with Spring Boot v3.2.3, Spring v6.1.4
2026-03-15T17:06:59.484+05:30  INFO 14944 --- [ecommerce-marketplace] [           main] c.ecommerce.backend.BackendApplication   : No active profile set, falling back to 1 default profile: "default"
2026-03-15T17:07:01.542+05:30  INFO 14944 --- [ecommerce-marketplace] [           main] .s.d.r.c.RepositoryConfigurationDelegate : Bootstrapping Spring Data JPA repositories in DEFAULT mode.
2026-03-15T17:07:01.738+05:30  INFO 14944 --- [ecommerce-marketplace] [           main] .s.d.r.c.RepositoryConfigurationDelegate : Finished Spring Data repository scanning in 180 ms. Found 22 JPA repository interfaces.
2026-03-15T17:07:02.960+05:30  INFO 14944 --- [ecommerce-marketplace] [           main] o.s.b.w.embedded.tomcat.TomcatWebServer  : Tomcat initialized with port 8080 (http)
2026-03-15T17:07:02.981+05:30  INFO 14944 --- [ecommerce-marketplace] [           main] o.apache.catalina.core.StandardService   : Starting service [Tomcat]
2026-03-15T17:07:02.981+05:30  INFO 14944 --- [ecommerce-marketplace] [           main] o.apache.catalina.core.StandardEngine    : Starting Servlet engine: [Apache Tomcat/10.1.19]
2026-03-15T17:07:03.051+05:30  INFO 14944 --- [ecommerce-marketplace] [           main] o.a.c.c.C.[Tomcat].[localhost].[/]       : Initializing Spring embedded WebApplicationContext
2026-03-15T17:07:03.053+05:30  INFO 14944 --- [ecommerce-marketplace] [           main] w.s.c.ServletWebServerApplicationContext : Root WebApplicationContext: initialization completed in 3415 ms
2026-03-15T17:07:03.282+05:30  INFO 14944 --- [ecommerce-marketplace] [           main] o.hibernate.jpa.internal.util.LogHelper  : HHH000204: Processing PersistenceUnitInfo [name: default]
2026-03-15T17:07:03.378+05:30  INFO 14944 --- [ecommerce-marketplace] [           main] org.hibernate.Version                    : HHH000412: Hibernate ORM core version 6.4.4.Final
2026-03-15T17:07:03.462+05:30  INFO 14944 --- [ecommerce-marketplace] [           main] o.h.c.internal.RegionFactoryInitiator    : HHH000026: Second-level cache disabled
2026-03-15T17:07:03.825+05:30  INFO 14944 --- [ecommerce-marketplace] [           main] o.s.o.j.p.SpringPersistenceUnitInfo      : No LoadTimeWeaver setup: ignoring JPA class transformer
2026-03-15T17:07:03.865+05:30  INFO 14944 --- [ecommerce-marketplace] [           main] com.zaxxer.hikari.HikariDataSource       : HikariPool-1 - Starting...
2026-03-15T17:07:04.138+05:30  INFO 14944 --- [ecommerce-marketplace] [           main] com.zaxxer.hikari.pool.HikariPool        : HikariPool-1 - Added connection com.mysql.cj.jdbc.ConnectionImpl@2d4e99de
2026-03-15T17:07:04.141+05:30  INFO 14944 --- [ecommerce-marketplace] [           main] com.zaxxer.hikari.HikariDataSource       : HikariPool-1 - Start completed.
2026-03-15T17:07:04.221+05:30  WARN 14944 --- [ecommerce-marketplace] [           main] org.hibernate.orm.deprecation            : HHH90000025: MySQLDialect does not need to be specified explicitly using 'hibernate.dialect' (remove the property setting and it will be selected by default)
2026-03-15T17:07:06.648+05:30  INFO 14944 --- [ecommerce-marketplace] [           main] o.h.e.t.j.p.i.JtaPlatformInitiator       : HHH000489: No JTA platform available (set 'hibernate.transaction.jta.platform' to enable JTA platform integration)
2026-03-15T17:07:07.010+05:30  INFO 14944 --- [ecommerce-marketplace] [           main] j.LocalContainerEntityManagerFactoryBean : Initialized JPA EntityManagerFactory for persistence unit 'default'
2026-03-15T17:07:07.724+05:30 DEBUG 14944 --- [ecommerce-marketplace] [           main] c.e.b.security.JwtAuthenticationFilter   : Filter 'jwtAuthenticationFilter' configured for use
2026-03-15T17:07:07.935+05:30  INFO 14944 --- [ecommerce-marketplace] [           main] o.s.d.j.r.query.QueryEnhancerFactory     : Hibernate is in classpath; If applicable, HQL parser will be used.
2026-03-15T17:07:09.677+05:30  WARN 14944 --- [ecommerce-marketplace] [           main] JpaBaseConfiguration$JpaWebConfiguration : spring.jpa.open-in-view is enabled by default. Therefore, database queries may be performed during view rendering. Explicitly configure spring.jpa.open-in-view to disable this warning
2026-03-15T17:07:09.860+05:30 TRACE 14944 --- [ecommerce-marketplace] [           main] s.w.s.m.m.a.RequestMappingHandlerMapping : 
	c.e.b.c.AddressController:
	{POST [/api/addresses]}: addAddress(UserDetails,Address)
	{GET [/api/addresses]}: getMyAddresses(UserDetails)
	{DELETE [/api/addresses/{id}]}: deleteAddress(Long)
2026-03-15T17:07:09.873+05:30 TRACE 14944 --- [ecommerce-marketplace] [           main] s.w.s.m.m.a.RequestMappingHandlerMapping : 
	c.e.b.c.AdminController:
	{GET [/api/admin/orders]}: getAllOrders()
	{POST [/api/admin/applications/{id}/approve]}: approveApplication(Long,Map)
	{POST [/api/admin/applications/{id}/reject]}: rejectApplication(Long,Map)
	{GET [/api/admin/sellers]}: getAllSellers()
	{GET [/api/admin/applications]}: getAllApplications()
	{GET [/api/admin/products]}: getAllProducts(String)
	{PATCH [/api/admin/products/{id}/deactivate]}: deactivateProduct(Long)
	{GET [/api/admin/analytics]}: getAnalytics()
	{GET [/api/admin/applications/pending]}: getPendingApplications()
2026-03-15T17:07:09.873+05:30 TRACE 14944 --- [ecommerce-marketplace] [           main] s.w.s.m.m.a.RequestMappingHandlerMapping : 
	c.e.b.c.AuthController:
	{POST [/api/auth/register]}: register(RegisterRequest)
	{POST [/api/auth/login]}: login(LoginRequest)
2026-03-15T17:07:09.880+05:30 TRACE 14944 --- [ecommerce-marketplace] [           main] s.w.s.m.m.a.RequestMappingHandlerMapping : 
	c.e.b.c.CategoryController:
	{GET [/api/categories]}: getAllCategories()
	{GET [/api/categories/{id}]}: getCategoryById(Long)
2026-03-15T17:07:09.880+05:30 TRACE 14944 --- [ecommerce-marketplace] [           main] s.w.s.m.m.a.RequestMappingHandlerMapping : 
	c.e.b.c.CouponController:
	{GET [/api/coupons/{code}]}: getCoupon(String)
	{POST [/api/coupons]}: createCoupon(Coupon)
	{GET [/api/coupons]}: getAllCoupons()
2026-03-15T17:07:09.887+05:30 TRACE 14944 --- [ecommerce-marketplace] [           main] s.w.s.m.m.a.RequestMappingHandlerMapping : 
	c.e.b.c.CustomerController:
	{POST [/api/customer/cart/add]}: addToCart(UserDetails,Long,int)
	{POST [/api/customer/reviews/{productId}]}: addReview(UserDetails,Long,int,String)
	{GET [/api/customer/cart]}: getCart(UserDetails)
	{POST [/api/customer/orders]}: placeOrder(UserDetails,OrderRequest)
	{POST [/api/customer/payment/cod/{orderId}]}: processCOD(Long)
	{GET [/api/customer/wishlist]}: getWishlist(UserDetails)
	{POST [/api/customer/wishlist/{productId}]}: addToWishlist(UserDetails,Long)
	{DELETE [/api/customer/cart/item/{itemId}]}: removeCartItem(UserDetails,Long)
	{DELETE [/api/customer/wishlist/{productId}]}: removeFromWishlist(UserDetails,Long)
	{GET [/api/customer/orders]}: getMyOrders(UserDetails)
	{POST [/api/customer/payment/stripe/confirm/{orderId}]}: confirmPayment(Long,Map)
	{PUT [/api/customer/cart/item/{itemId}]}: updateCartItem(UserDetails,Long,int)
	{POST [/api/customer/payment/stripe/create-intent/{orderId}]}: createPaymentIntent(Long)
2026-03-15T17:07:09.892+05:30 TRACE 14944 --- [ecommerce-marketplace] [           main] s.w.s.m.m.a.RequestMappingHandlerMapping : 
	c.e.b.c.ProductController:
	{GET [/api/products/{id}]}: getProduct(Long)
	{GET [/api/products]}: getProducts(String,Long,BigDecimal,BigDecimal,int,int,String,String)
	{GET [/api/products/categories]}: getCategories()
2026-03-15T17:07:09.895+05:30 TRACE 14944 --- [ecommerce-marketplace] [           main] s.w.s.m.m.a.RequestMappingHandlerMapping : 
	c.e.b.c.ProductVariantController:
	{GET [/api/products/{productId}/variants]}: getVariants(Long)
	{POST [/api/products/{productId}/variants]}: addVariant(Long,ProductVariant)
2026-03-15T17:07:09.897+05:30 TRACE 14944 --- [ecommerce-marketplace] [           main] s.w.s.m.m.a.RequestMappingHandlerMapping : 
	c.e.b.c.RecentlyViewedController:
	{POST [/api/recently-viewed/{productId}]}: addRecentlyViewed(UserDetails,Long)
	{GET [/api/recently-viewed]}: getRecentlyViewed(UserDetails)
2026-03-15T17:07:09.897+05:30 TRACE 14944 --- [ecommerce-marketplace] [           main] s.w.s.m.m.a.RequestMappingHandlerMapping : 
	c.e.b.c.ReviewController:
	{GET [/api/products/{productId}/reviews]}: getProductReviews(Long)
2026-03-15T17:07:09.897+05:30 TRACE 14944 --- [ecommerce-marketplace] [           main] s.w.s.m.m.a.RequestMappingHandlerMapping : 
	c.e.b.c.RewardPointsController:
	{GET [/api/rewards/history]}: getRewardHistory(UserDetails)
	{GET [/api/rewards/balance]}: getRewardPoints(UserDetails)
2026-03-15T17:07:09.897+05:30 TRACE 14944 --- [ecommerce-marketplace] [           main] s.w.s.m.m.a.RequestMappingHandlerMapping : 
	c.e.b.c.SellerApplicationController:
	{POST [/api/seller-applications/apply]}: apply(SellerApplicationRequest)
2026-03-15T17:07:09.903+05:30 TRACE 14944 --- [ecommerce-marketplace] [           main] s.w.s.m.m.a.RequestMappingHandlerMapping : 
	c.e.b.c.SellerController:
	{PATCH [/api/seller/products/{id}/deactivate]}: deactivateProduct(UserDetails,Long)
	{GET [/api/seller/analytics]}: getAnalytics(UserDetails)
	{POST [/api/seller/products]}: createProduct(UserDetails,ProductRequest)
	{GET [/api/seller/orders]}: getMyOrders(UserDetails)
	{PUT [/api/seller/products/{id}]}: updateProduct(UserDetails,Long,ProductRequest)
	{PATCH [/api/seller/orders/{orderId}/status]}: updateOrderStatus(Long,OrderStatus)
	{PATCH [/api/seller/products/{id}/activate]}: activateProduct(UserDetails,Long)
	{DELETE [/api/seller/products/{id}]}: deleteProduct(UserDetails,Long)
	{GET [/api/seller/products]}: getMyProducts(UserDetails)
2026-03-15T17:07:09.910+05:30 TRACE 14944 --- [ecommerce-marketplace] [           main] s.w.s.m.m.a.RequestMappingHandlerMapping : 
	c.e.b.c.SuperAdminController:
	{DELETE [/api/superadmin/users/{id}]}: deleteUser(Long)
	{PATCH [/api/superadmin/users/{id}/block]}: blockUser(Long)
	{GET [/api/superadmin/sellers]}: getAllSellers()
	{GET [/api/superadmin/analytics]}: getAnalytics()
	{GET [/api/superadmin/users]}: getAllUsers()
	{POST [/api/superadmin/admins]}: createAdmin(Map)
	{PATCH [/api/superadmin/sellers/{id}/block]}: blockSeller(Long)
	{PATCH [/api/superadmin/users/{id}/unblock]}: unblockUser(Long)
	{DELETE [/api/superadmin/admins/{id}]}: deleteAdmin(Long)
	{GET [/api/superadmin/admins]}: getAllAdmins()
2026-03-15T17:07:09.915+05:30 TRACE 14944 --- [ecommerce-marketplace] [           main] s.w.s.m.m.a.RequestMappingHandlerMapping : 
	c.e.b.c.WalletController:
	{POST [/api/wallet/add-money]}: addMoney(UserDetails,Map)
	{GET [/api/wallet/history]}: getWalletHistory(UserDetails)
	{POST [/api/wallet/stripe/create-intent]}: createStripeIntent(UserDetails,Map)
	{GET [/api/wallet/balance]}: getWalletBalance(UserDetails)
	{POST [/api/wallet/stripe/confirm]}: confirmStripePayment(Map)
2026-03-15T17:07:09.923+05:30 TRACE 14944 --- [ecommerce-marketplace] [           main] s.w.s.m.m.a.RequestMappingHandlerMapping : 
	o.s.b.a.w.s.e.BasicErrorController:
	{ [/error]}: error(HttpServletRequest)
	{ [/error], produces [text/html]}: errorHtml(HttpServletRequest,HttpServletResponse)
2026-03-15T17:07:09.937+05:30 TRACE 14944 --- [ecommerce-marketplace] [           main] s.w.s.m.m.a.RequestMappingHandlerMapping : 
	o.s.w.a.OpenApiWebMvcResource:
	{GET [/v3/api-docs.yaml], produces [application/vnd.oai.openapi]}: openapiYaml(HttpServletRequest,String,Locale)
	{GET [/v3/api-docs], produces [application/json]}: openapiJson(HttpServletRequest,String,Locale)
2026-03-15T17:07:09.939+05:30 TRACE 14944 --- [ecommerce-marketplace] [           main] s.w.s.m.m.a.RequestMappingHandlerMapping : 
	o.s.w.u.SwaggerWelcomeWebMvc:
	{GET [/swagger-ui.html]}: redirectToUi(HttpServletRequest)
2026-03-15T17:07:09.939+05:30 TRACE 14944 --- [ecommerce-marketplace] [           main] s.w.s.m.m.a.RequestMappingHandlerMapping : 
	o.s.w.u.SwaggerConfigResource:
	{GET [/v3/api-docs/swagger-config], produces [application/json]}: openapiJson(HttpServletRequest)
2026-03-15T17:07:09.947+05:30 DEBUG 14944 --- [ecommerce-marketplace] [           main] s.w.s.m.m.a.RequestMappingHandlerMapping : 73 mappings in 'requestMappingHandlerMapping'
2026-03-15T17:07:10.084+05:30 DEBUG 14944 --- [ecommerce-marketplace] [           main] o.s.w.s.handler.SimpleUrlHandlerMapping  : Patterns [/webjars/**, /**, /swagger-ui*/*swagger-initializer.js, /swagger-ui*/**] in 'resourceHandlerMapping'
2026-03-15T17:07:10.142+05:30  INFO 14944 --- [ecommerce-marketplace] [           main] o.s.s.web.DefaultSecurityFilterChain     : Will secure any request with [org.springframework.security.web.session.DisableEncodeUrlFilter@3129bf02, org.springframework.security.web.context.request.async.WebAsyncManagerIntegrationFilter@5a963a90, org.springframework.security.web.context.SecurityContextHolderFilter@69f1887c, org.springframework.security.web.header.HeaderWriterFilter@69e0e347, org.springframework.web.filter.CorsFilter@795cb721, org.springframework.security.web.authentication.logout.LogoutFilter@47046907, com.ecommerce.backend.security.JwtAuthenticationFilter@163cd4a6, org.springframework.security.web.savedrequest.RequestCacheAwareFilter@314f929, org.springframework.security.web.servletapi.SecurityContextHolderAwareRequestFilter@60a0f09f, org.springframework.security.web.authentication.AnonymousAuthenticationFilter@6788168c, org.springframework.security.web.session.SessionManagementFilter@2c0a3798, org.springframework.security.web.access.ExceptionTranslationFilter@16d7b13, org.springframework.security.web.access.intercept.AuthorizationFilter@316b57e0]
2026-03-15T17:07:10.303+05:30 DEBUG 14944 --- [ecommerce-marketplace] [           main] s.w.s.m.m.a.RequestMappingHandlerAdapter : ControllerAdvice beans: 0 @ModelAttribute, 0 @InitBinder, 1 RequestBodyAdvice, 1 ResponseBodyAdvice
2026-03-15T17:07:10.347+05:30 DEBUG 14944 --- [ecommerce-marketplace] [           main] .m.m.a.ExceptionHandlerExceptionResolver : ControllerAdvice beans: 2 @ExceptionHandler, 1 ResponseBodyAdvice
2026-03-15T17:07:10.760+05:30  INFO 14944 --- [ecommerce-marketplace] [           main] o.s.b.w.embedded.tomcat.TomcatWebServer  : Tomcat started on port 8080 (http) with context path ''
2026-03-15T17:07:10.803+05:30  INFO 14944 --- [ecommerce-marketplace] [           main] c.ecommerce.backend.BackendApplication   : Started BackendApplication in 12.025 seconds (process running for 13.412)
2026-03-15T17:07:11.054+05:30  INFO 14944 --- [ecommerce-marketplace] [           main] c.ecommerce.backend.BackendApplication   : Γ£à Default categories seeded
2026-03-15T17:07:11.235+05:30  INFO 14944 --- [ecommerce-marketplace] [           main] c.ecommerce.backend.BackendApplication   : Γ£à Cart created for existing customer
2026-03-15T17:07:11.256+05:30  INFO 14944 --- [ecommerce-marketplace] [           main] c.ecommerce.backend.BackendApplication   : Γ£à Wallet created for existing customer
2026-03-15T17:07:11.274+05:30  INFO 14944 --- [ecommerce-marketplace] [           main] c.ecommerce.backend.BackendApplication   : Γ£à Reward points created for existing customer
2026-03-15T17:09:17.295+05:30  INFO 14944 --- [ecommerce-marketplace] [nio-8080-exec-1] o.a.c.c.C.[Tomcat].[localhost].[/]       : Initializing Spring DispatcherServlet 'dispatcherServlet'
2026-03-15T17:09:17.295+05:30  INFO 14944 --- [ecommerce-marketplace] [nio-8080-exec-1] o.s.web.servlet.DispatcherServlet        : Initializing Servlet 'dispatcherServlet'
2026-03-15T17:09:17.295+05:30 DEBUG 14944 --- [ecommerce-marketplace] [nio-8080-exec-1] o.s.web.servlet.DispatcherServlet        : Detected StandardServletMultipartResolver
2026-03-15T17:09:17.295+05:30 DEBUG 14944 --- [ecommerce-marketplace] [nio-8080-exec-1] o.s.web.servlet.DispatcherServlet        : Detected AcceptHeaderLocaleResolver
2026-03-15T17:09:17.295+05:30 DEBUG 14944 --- [ecommerce-marketplace] [nio-8080-exec-1] o.s.web.servlet.DispatcherServlet        : Detected FixedThemeResolver
2026-03-15T17:09:17.297+05:30 DEBUG 14944 --- [ecommerce-marketplace] [nio-8080-exec-1] o.s.web.servlet.DispatcherServlet        : Detected org.springframework.web.servlet.view.DefaultRequestToViewNameTranslator@2bcaa34
2026-03-15T17:09:17.297+05:30 DEBUG 14944 --- [ecommerce-marketplace] [nio-8080-exec-1] o.s.web.servlet.DispatcherServlet        : Detected org.springframework.web.servlet.support.SessionFlashMapManager@4d40c056
2026-03-15T17:09:17.298+05:30 DEBUG 14944 --- [ecommerce-marketplace] [nio-8080-exec-1] o.s.web.servlet.DispatcherServlet        : enableLoggingRequestDetails='false': request parameters and headers will be masked to prevent unsafe logging of potentially sensitive data
2026-03-15T17:09:17.298+05:30  INFO 14944 --- [ecommerce-marketplace] [nio-8080-exec-1] o.s.web.servlet.DispatcherServlet        : Completed initialization in 3 ms
2026-03-15T17:09:17.322+05:30 DEBUG 14944 --- [ecommerce-marketplace] [nio-8080-exec-1] o.s.security.web.FilterChainProxy        : Securing POST /api/auth/login
2026-03-15T17:09:17.333+05:30 DEBUG 14944 --- [ecommerce-marketplace] [nio-8080-exec-1] o.s.s.w.a.AnonymousAuthenticationFilter  : Set SecurityContextHolder to anonymous SecurityContext
2026-03-15T17:09:17.335+05:30 DEBUG 14944 --- [ecommerce-marketplace] [nio-8080-exec-1] o.s.security.web.FilterChainProxy        : Secured POST /api/auth/login
2026-03-15T17:09:17.337+05:30 DEBUG 14944 --- [ecommerce-marketplace] [nio-8080-exec-1] o.s.web.servlet.DispatcherServlet        : POST "/api/auth/login", parameters={}
2026-03-15T17:09:17.339+05:30 TRACE 14944 --- [ecommerce-marketplace] [nio-8080-exec-1] s.w.s.m.m.a.RequestMappingHandlerMapping : Mapped to com.ecommerce.backend.controller.AuthController#login(LoginRequest)
2026-03-15T17:09:17.466+05:30 DEBUG 14944 --- [ecommerce-marketplace] [nio-8080-exec-1] m.m.a.RequestResponseBodyMethodProcessor : Read "application/json;charset=UTF-8" to [LoginRequest(email=customer@marketplace.com, password=Customer@123)]
2026-03-15T17:09:17.791+05:30 DEBUG 14944 --- [ecommerce-marketplace] [nio-8080-exec-1] o.s.s.a.dao.DaoAuthenticationProvider    : Authenticated user
2026-03-15T17:09:17.938+05:30 DEBUG 14944 --- [ecommerce-marketplace] [nio-8080-exec-1] o.s.w.s.m.m.a.HttpEntityMethodProcessor  : Using 'application/json', given [*/*] and supported [application/json, application/*+json]
2026-03-15T17:09:17.939+05:30 DEBUG 14944 --- [ecommerce-marketplace] [nio-8080-exec-1] o.s.w.s.m.m.a.HttpEntityMethodProcessor  : Writing [ApiResponse(success=true, message=Login successful, data=AuthResponse(token=eyJhbGciOiJIUzUxMiJ9.eyJ (truncated)...]
2026-03-15T17:09:17.955+05:30 DEBUG 14944 --- [ecommerce-marketplace] [nio-8080-exec-1] o.s.web.servlet.DispatcherServlet        : Completed 200 OK
2026-03-15T17:09:17.960+05:30 DEBUG 14944 --- [ecommerce-marketplace] [nio-8080-exec-3] o.s.security.web.FilterChainProxy        : Securing GET /api/wallet/balance
2026-03-15T17:09:18.029+05:30 DEBUG 14944 --- [ecommerce-marketplace] [nio-8080-exec-3] o.s.security.web.FilterChainProxy        : Secured GET /api/wallet/balance
2026-03-15T17:09:18.029+05:30 DEBUG 14944 --- [ecommerce-marketplace] [nio-8080-exec-3] o.s.web.servlet.DispatcherServlet        : GET "/api/wallet/balance", parameters={}
2026-03-15T17:09:18.030+05:30 TRACE 14944 --- [ecommerce-marketplace] [nio-8080-exec-3] s.w.s.m.m.a.RequestMappingHandlerMapping : Mapped to com.ecommerce.backend.controller.WalletController#getWalletBalance(UserDetails)
2026-03-15T17:09:18.030+05:30 DEBUG 14944 --- [ecommerce-marketplace] [nio-8080-exec-3] horizationManagerBeforeMethodInterceptor : Authorizing method invocation ReflectiveMethodInvocation: public org.springframework.http.ResponseEntity com.ecommerce.backend.controller.WalletController.getWalletBalance(org.springframework.security.core.userdetails.UserDetails); target is of class [com.ecommerce.backend.controller.WalletController]
2026-03-15T17:09:18.039+05:30 DEBUG 14944 --- [ecommerce-marketplace] [nio-8080-exec-3] horizationManagerBeforeMethodInterceptor : Authorized method invocation ReflectiveMethodInvocation: public org.springframework.http.ResponseEntity com.ecommerce.backend.controller.WalletController.getWalletBalance(org.springframework.security.core.userdetails.UserDetails); target is of class [com.ecommerce.backend.controller.WalletController]
2026-03-15T17:09:18.062+05:30 DEBUG 14944 --- [ecommerce-marketplace] [nio-8080-exec-3] o.s.w.s.m.m.a.HttpEntityMethodProcessor  : Using 'application/json', given [*/*] and supported [application/json, application/*+json]
2026-03-15T17:09:18.070+05:30 DEBUG 14944 --- [ecommerce-marketplace] [nio-8080-exec-3] o.s.w.s.m.m.a.HttpEntityMethodProcessor  : Writing [java.lang.StackOverflowError]
2026-03-15T17:09:18.084+05:30 DEBUG 14944 --- [ecommerce-marketplace] [nio-8080-exec-3] o.s.web.servlet.DispatcherServlet        : Completed 200 OK
2026-03-15T17:11:50.874+05:30 DEBUG 14944 --- [ecommerce-marketplace] [nio-8080-exec-5] o.s.security.web.FilterChainProxy        : Securing OPTIONS /api/customer/orders
2026-03-15T17:11:50.874+05:30 DEBUG 14944 --- [ecommerce-marketplace] [nio-8080-exec-6] o.s.security.web.FilterChainProxy        : Securing OPTIONS /api/customer/orders
2026-03-15T17:11:50.902+05:30 DEBUG 14944 --- [ecommerce-marketplace] [nio-8080-exec-2] o.s.security.web.FilterChainProxy        : Securing GET /api/customer/orders
2026-03-15T17:11:50.950+05:30 DEBUG 14944 --- [ecommerce-marketplace] [nio-8080-exec-2] o.s.security.web.FilterChainProxy        : Secured GET /api/customer/orders
2026-03-15T17:11:50.953+05:30 DEBUG 14944 --- [ecommerce-marketplace] [nio-8080-exec-2] o.s.web.servlet.DispatcherServlet        : GET "/api/customer/orders", parameters={}
2026-03-15T17:11:50.955+05:30 TRACE 14944 --- [ecommerce-marketplace] [nio-8080-exec-2] s.w.s.m.m.a.RequestMappingHandlerMapping : Mapped to com.ecommerce.backend.controller.CustomerController#getMyOrders(UserDetails)
2026-03-15T17:11:50.995+05:30 DEBUG 14944 --- [ecommerce-marketplace] [nio-8080-exec-2] o.s.w.s.m.m.a.HttpEntityMethodProcessor  : Using 'application/json', given [application/json, text/plain, */*] and supported [application/json, application/*+json]
2026-03-15T17:11:50.995+05:30 DEBUG 14944 --- [ecommerce-marketplace] [nio-8080-exec-2] o.s.w.s.m.m.a.HttpEntityMethodProcessor  : Writing [ApiResponse(success=true, message=Orders fetched, data=[])]
2026-03-15T17:11:51.000+05:30 DEBUG 14944 --- [ecommerce-marketplace] [nio-8080-exec-2] o.s.web.servlet.DispatcherServlet        : Completed 200 OK
2026-03-15T17:11:51.007+05:30 DEBUG 14944 --- [ecommerce-marketplace] [nio-8080-exec-8] o.s.security.web.FilterChainProxy        : Securing GET /api/customer/orders
2026-03-15T17:11:51.051+05:30 DEBUG 14944 --- [ecommerce-marketplace] [nio-8080-exec-8] o.s.security.web.FilterChainProxy        : Secured GET /api/customer/orders
2026-03-15T17:11:51.053+05:30 DEBUG 14944 --- [ecommerce-marketplace] [nio-8080-exec-8] o.s.web.servlet.DispatcherServlet        : GET "/api/customer/orders", parameters={}
2026-03-15T17:11:51.054+05:30 TRACE 14944 --- [ecommerce-marketplace] [nio-8080-exec-8] s.w.s.m.m.a.RequestMappingHandlerMapping : Mapped to com.ecommerce.backend.controller.CustomerController#getMyOrders(UserDetails)
2026-03-15T17:11:51.088+05:30 DEBUG 14944 --- [ecommerce-marketplace] [nio-8080-exec-8] o.s.w.s.m.m.a.HttpEntityMethodProcessor  : Using 'application/json', given [application/json, text/plain, */*] and supported [application/json, application/*+json]
2026-03-15T17:11:51.089+05:30 DEBUG 14944 --- [ecommerce-marketplace] [nio-8080-exec-8] o.s.w.s.m.m.a.HttpEntityMethodProcessor  : Writing [ApiResponse(success=true, message=Orders fetched, data=[])]
2026-03-15T17:11:51.095+05:30 DEBUG 14944 --- [ecommerce-marketplace] [nio-8080-exec-8] o.s.web.servlet.DispatcherServlet        : Completed 200 OK
2026-03-15T17:11:52.841+05:30 DEBUG 14944 --- [ecommerce-marketplace] [nio-8080-exec-9] o.s.security.web.FilterChainProxy        : Securing OPTIONS /api/customer/wishlist
2026-03-15T17:11:52.842+05:30 DEBUG 14944 --- [ecommerce-marketplace] [io-8080-exec-10] o.s.security.web.FilterChainProxy        : Securing OPTIONS /api/customer/wishlist
2026-03-15T17:11:52.848+05:30 DEBUG 14944 --- [ecommerce-marketplace] [nio-8080-exec-1] o.s.security.web.FilterChainProxy        : Securing GET /api/customer/wishlist
2026-03-15T17:11:52.877+05:30 DEBUG 14944 --- [ecommerce-marketplace] [nio-8080-exec-1] o.s.security.web.FilterChainProxy        : Secured GET /api/customer/wishlist
2026-03-15T17:11:52.877+05:30 DEBUG 14944 --- [ecommerce-marketplace] [nio-8080-exec-1] o.s.web.servlet.DispatcherServlet        : GET "/api/customer/wishlist", parameters={}
2026-03-15T17:11:52.878+05:30 TRACE 14944 --- [ecommerce-marketplace] [nio-8080-exec-1] s.w.s.m.m.a.RequestMappingHandlerMapping : Mapped to com.ecommerce.backend.controller.CustomerController#getWishlist(UserDetails)
2026-03-15T17:11:52.900+05:30 DEBUG 14944 --- [ecommerce-marketplace] [nio-8080-exec-1] o.s.w.s.m.m.a.HttpEntityMethodProcessor  : Using 'application/json', given [application/json, text/plain, */*] and supported [application/json, application/*+json]
2026-03-15T17:11:52.901+05:30 DEBUG 14944 --- [ecommerce-marketplace] [nio-8080-exec-1] o.s.w.s.m.m.a.HttpEntityMethodProcessor  : Writing [ApiResponse(success=true, message=Wishlist fetched, data=[])]
2026-03-15T17:11:52.901+05:30 DEBUG 14944 --- [ecommerce-marketplace] [nio-8080-exec-1] o.s.web.servlet.DispatcherServlet        : Completed 200 OK
2026-03-15T17:11:52.905+05:30 DEBUG 14944 --- [ecommerce-marketplace] [nio-8080-exec-4] o.s.security.web.FilterChainProxy        : Securing GET /api/customer/wishlist
2026-03-15T17:11:52.928+05:30 DEBUG 14944 --- [ecommerce-marketplace] [nio-8080-exec-4] o.s.security.web.FilterChainProxy        : Secured GET /api/customer/wishlist
2026-03-15T17:11:52.928+05:30 DEBUG 14944 --- [ecommerce-marketplace] [nio-8080-exec-4] o.s.web.servlet.DispatcherServlet        : GET "/api/customer/wishlist", parameters={}
2026-03-15T17:11:52.928+05:30 TRACE 14944 --- [ecommerce-marketplace] [nio-8080-exec-4] s.w.s.m.m.a.RequestMappingHandlerMapping : Mapped to com.ecommerce.backend.controller.CustomerController#getWishlist(UserDetails)
2026-03-15T17:11:52.962+05:30 DEBUG 14944 --- [ecommerce-marketplace] [nio-8080-exec-4] o.s.w.s.m.m.a.HttpEntityMethodProcessor  : Using 'application/json', given [application/json, text/plain, */*] and supported [application/json, application/*+json]
2026-03-15T17:11:52.962+05:30 DEBUG 14944 --- [ecommerce-marketplace] [nio-8080-exec-4] o.s.w.s.m.m.a.HttpEntityMethodProcessor  : Writing [ApiResponse(success=true, message=Wishlist fetched, data=[])]
2026-03-15T17:11:52.965+05:30 DEBUG 14944 --- [ecommerce-marketplace] [nio-8080-exec-4] o.s.web.servlet.DispatcherServlet        : Completed 200 OK
2026-03-15T17:11:58.800+05:30 DEBUG 14944 --- [ecommerce-marketplace] [nio-8080-exec-3] o.s.security.web.FilterChainProxy        : Securing OPTIONS /api/customer/wishlist
2026-03-15T17:11:58.800+05:30 DEBUG 14944 --- [ecommerce-marketplace] [nio-8080-exec-7] o.s.security.web.FilterChainProxy        : Securing OPTIONS /api/customer/cart
2026-03-15T17:11:58.803+05:30 DEBUG 14944 --- [ecommerce-marketplace] [nio-8080-exec-6] o.s.security.web.FilterChainProxy        : Securing OPTIONS /api/customer/cart
2026-03-15T17:11:58.803+05:30 DEBUG 14944 --- [ecommerce-marketplace] [nio-8080-exec-5] o.s.security.web.FilterChainProxy        : Securing OPTIONS /api/customer/wishlist
2026-03-15T17:11:58.804+05:30 DEBUG 14944 --- [ecommerce-marketplace] [nio-8080-exec-8] o.s.security.web.FilterChainProxy        : Securing GET /api/customer/wishlist
2026-03-15T17:11:58.804+05:30 DEBUG 14944 --- [ecommerce-marketplace] [nio-8080-exec-2] o.s.security.web.FilterChainProxy        : Securing GET /api/customer/cart
2026-03-15T17:11:58.831+05:30 DEBUG 14944 --- [ecommerce-marketplace] [nio-8080-exec-8] o.s.security.web.FilterChainProxy        : Secured GET /api/customer/wishlist
2026-03-15T17:11:58.831+05:30 DEBUG 14944 --- [ecommerce-marketplace] [nio-8080-exec-8] o.s.web.servlet.DispatcherServlet        : GET "/api/customer/wishlist", parameters={}
2026-03-15T17:11:58.831+05:30 TRACE 14944 --- [ecommerce-marketplace] [nio-8080-exec-8] s.w.s.m.m.a.RequestMappingHandlerMapping : Mapped to com.ecommerce.backend.controller.CustomerController#getWishlist(UserDetails)
2026-03-15T17:11:58.840+05:30 DEBUG 14944 --- [ecommerce-marketplace] [nio-8080-exec-2] o.s.security.web.FilterChainProxy        : Secured GET /api/customer/cart
2026-03-15T17:11:58.840+05:30 DEBUG 14944 --- [ecommerce-marketplace] [nio-8080-exec-2] o.s.web.servlet.DispatcherServlet        : GET "/api/customer/cart", parameters={}
2026-03-15T17:11:58.840+05:30 TRACE 14944 --- [ecommerce-marketplace] [nio-8080-exec-2] s.w.s.m.m.a.RequestMappingHandlerMapping : Mapped to com.ecommerce.backend.controller.CustomerController#getCart(UserDetails)
2026-03-15T17:11:58.855+05:30 DEBUG 14944 --- [ecommerce-marketplace] [nio-8080-exec-8] o.s.w.s.m.m.a.HttpEntityMethodProcessor  : Using 'application/json', given [application/json, text/plain, */*] and supported [application/json, application/*+json]
2026-03-15T17:11:58.855+05:30 DEBUG 14944 --- [ecommerce-marketplace] [nio-8080-exec-8] o.s.w.s.m.m.a.HttpEntityMethodProcessor  : Writing [ApiResponse(success=true, message=Wishlist fetched, data=[])]
2026-03-15T17:11:58.855+05:30 DEBUG 14944 --- [ecommerce-marketplace] [nio-8080-exec-8] o.s.web.servlet.DispatcherServlet        : Completed 200 OK
2026-03-15T17:11:58.863+05:30 DEBUG 14944 --- [ecommerce-marketplace] [nio-8080-exec-2] o.s.w.s.m.m.a.HttpEntityMethodProcessor  : Using 'application/json', given [application/json, text/plain, */*] and supported [application/json, application/*+json]
2026-03-15T17:11:58.865+05:30 DEBUG 14944 --- [ecommerce-marketplace] [io-8080-exec-10] o.s.security.web.FilterChainProxy        : Securing GET /api/customer/wishlist
2026-03-15T17:11:58.895+05:30 DEBUG 14944 --- [ecommerce-marketplace] [io-8080-exec-10] o.s.security.web.FilterChainProxy        : Secured GET /api/customer/wishlist
2026-03-15T17:11:58.895+05:30 DEBUG 14944 --- [ecommerce-marketplace] [io-8080-exec-10] o.s.web.servlet.DispatcherServlet        : GET "/api/customer/wishlist", parameters={}
2026-03-15T17:11:58.895+05:30 TRACE 14944 --- [ecommerce-marketplace] [io-8080-exec-10] s.w.s.m.m.a.RequestMappingHandlerMapping : Mapped to com.ecommerce.backend.controller.CustomerController#getWishlist(UserDetails)
2026-03-15T17:11:58.920+05:30 DEBUG 14944 --- [ecommerce-marketplace] [io-8080-exec-10] o.s.w.s.m.m.a.HttpEntityMethodProcessor  : Using 'application/json', given [application/json, text/plain, */*] and supported [application/json, application/*+json]
2026-03-15T17:11:58.920+05:30 DEBUG 14944 --- [ecommerce-marketplace] [io-8080-exec-10] o.s.w.s.m.m.a.HttpEntityMethodProcessor  : Writing [ApiResponse(success=true, message=Wishlist fetched, data=[])]
2026-03-15T17:11:58.922+05:30 DEBUG 14944 --- [ecommerce-marketplace] [io-8080-exec-10] o.s.web.servlet.DispatcherServlet        : Completed 200 OK
2026-03-15T17:11:59.055+05:30 DEBUG 14944 --- [ecommerce-marketplace] [nio-8080-exec-2] o.s.w.s.m.m.a.HttpEntityMethodProcessor  : Writing [java.lang.StackOverflowError]
2026-03-15T17:11:59.064+05:30 DEBUG 14944 --- [ecommerce-marketplace] [nio-8080-exec-2] o.s.web.servlet.DispatcherServlet        : Completed 200 OK
2026-03-15T17:11:59.064+05:30 DEBUG 14944 --- [ecommerce-marketplace] [nio-8080-exec-9] o.s.security.web.FilterChainProxy        : Securing GET /api/customer/cart
2026-03-15T17:11:59.088+05:30 DEBUG 14944 --- [ecommerce-marketplace] [nio-8080-exec-9] o.s.security.web.FilterChainProxy        : Secured GET /api/customer/cart
2026-03-15T17:11:59.089+05:30 DEBUG 14944 --- [ecommerce-marketplace] [nio-8080-exec-9] o.s.web.servlet.DispatcherServlet        : GET "/api/customer/cart", parameters={}
2026-03-15T17:11:59.090+05:30 TRACE 14944 --- [ecommerce-marketplace] [nio-8080-exec-9] s.w.s.m.m.a.RequestMappingHandlerMapping : Mapped to com.ecommerce.backend.controller.CustomerController#getCart(UserDetails)
2026-03-15T17:11:59.109+05:30 DEBUG 14944 --- [ecommerce-marketplace] [nio-8080-exec-9] o.s.w.s.m.m.a.HttpEntityMethodProcessor  : Using 'application/json', given [application/json, text/plain, */*] and supported [application/json, application/*+json]
2026-03-15T17:11:59.193+05:30 DEBUG 14944 --- [ecommerce-marketplace] [nio-8080-exec-9] o.s.w.s.m.m.a.HttpEntityMethodProcessor  : Writing [java.lang.StackOverflowError]
2026-03-15T17:11:59.193+05:30 DEBUG 14944 --- [ecommerce-marketplace] [nio-8080-exec-9] o.s.web.servlet.DispatcherServlet        : Completed 200 OK
2026-03-15T17:12:02.109+05:30 DEBUG 14944 --- [ecommerce-marketplace] [nio-8080-exec-1] o.s.security.web.FilterChainProxy        : Securing OPTIONS /api/wallet/balance
2026-03-15T17:12:02.109+05:30 DEBUG 14944 --- [ecommerce-marketplace] [nio-8080-exec-4] o.s.security.web.FilterChainProxy        : Securing OPTIONS /api/wallet/history
2026-03-15T17:12:02.113+05:30 DEBUG 14944 --- [ecommerce-marketplace] [nio-8080-exec-3] o.s.security.web.FilterChainProxy        : Securing OPTIONS /api/wallet/history
2026-03-15T17:12:02.113+05:30 DEBUG 14944 --- [ecommerce-marketplace] [nio-8080-exec-7] o.s.security.web.FilterChainProxy        : Securing OPTIONS /api/wallet/balance
2026-03-15T17:12:02.120+05:30 DEBUG 14944 --- [ecommerce-marketplace] [nio-8080-exec-5] o.s.security.web.FilterChainProxy        : Securing GET /api/wallet/balance
2026-03-15T17:12:02.120+05:30 DEBUG 14944 --- [ecommerce-marketplace] [nio-8080-exec-6] o.s.security.web.FilterChainProxy        : Securing GET /api/wallet/history
2026-03-15T17:12:02.156+05:30 DEBUG 14944 --- [ecommerce-marketplace] [nio-8080-exec-6] o.s.security.web.FilterChainProxy        : Secured GET /api/wallet/history
2026-03-15T17:12:02.156+05:30 DEBUG 14944 --- [ecommerce-marketplace] [nio-8080-exec-5] o.s.security.web.FilterChainProxy        : Secured GET /api/wallet/balance
2026-03-15T17:12:02.157+05:30 DEBUG 14944 --- [ecommerce-marketplace] [nio-8080-exec-6] o.s.web.servlet.DispatcherServlet        : GET "/api/wallet/history", parameters={}
2026-03-15T17:12:02.157+05:30 DEBUG 14944 --- [ecommerce-marketplace] [nio-8080-exec-5] o.s.web.servlet.DispatcherServlet        : GET "/api/wallet/balance", parameters={}
2026-03-15T17:12:02.157+05:30 TRACE 14944 --- [ecommerce-marketplace] [nio-8080-exec-6] s.w.s.m.m.a.RequestMappingHandlerMapping : Mapped to com.ecommerce.backend.controller.WalletController#getWalletHistory(UserDetails)
2026-03-15T17:12:02.157+05:30 TRACE 14944 --- [ecommerce-marketplace] [nio-8080-exec-5] s.w.s.m.m.a.RequestMappingHandlerMapping : Mapped to com.ecommerce.backend.controller.WalletController#getWalletBalance(UserDetails)
2026-03-15T17:12:02.158+05:30 DEBUG 14944 --- [ecommerce-marketplace] [nio-8080-exec-5] horizationManagerBeforeMethodInterceptor : Authorizing method invocation ReflectiveMethodInvocation: public org.springframework.http.ResponseEntity com.ecommerce.backend.controller.WalletController.getWalletBalance(org.springframework.security.core.userdetails.UserDetails); target is of class [com.ecommerce.backend.controller.WalletController]
2026-03-15T17:12:02.158+05:30 DEBUG 14944 --- [ecommerce-marketplace] [nio-8080-exec-6] horizationManagerBeforeMethodInterceptor : Authorizing method invocation ReflectiveMethodInvocation: public org.springframework.http.ResponseEntity com.ecommerce.backend.controller.WalletController.getWalletHistory(org.springframework.security.core.userdetails.UserDetails); target is of class [com.ecommerce.backend.controller.WalletController]
2026-03-15T17:12:02.159+05:30 DEBUG 14944 --- [ecommerce-marketplace] [nio-8080-exec-5] horizationManagerBeforeMethodInterceptor : Authorized method invocation ReflectiveMethodInvocation: public org.springframework.http.ResponseEntity com.ecommerce.backend.controller.WalletController.getWalletBalance(org.springframework.security.core.userdetails.UserDetails); target is of class [com.ecommerce.backend.controller.WalletController]
2026-03-15T17:12:02.159+05:30 DEBUG 14944 --- [ecommerce-marketplace] [nio-8080-exec-6] horizationManagerBeforeMethodInterceptor : Authorized method invocation ReflectiveMethodInvocation: public org.springframework.http.ResponseEntity com.ecommerce.backend.controller.WalletController.getWalletHistory(org.springframework.security.core.userdetails.UserDetails); target is of class [com.ecommerce.backend.controller.WalletController]
2026-03-15T17:12:02.193+05:30 DEBUG 14944 --- [ecommerce-marketplace] [nio-8080-exec-5] o.s.w.s.m.m.a.HttpEntityMethodProcessor  : Using 'application/json', given [application/json, text/plain, */*] and supported [application/json, application/*+json]
2026-03-15T17:12:02.208+05:30 DEBUG 14944 --- [ecommerce-marketplace] [nio-8080-exec-5] o.s.w.s.m.m.a.HttpEntityMethodProcessor  : Writing [java.lang.StackOverflowError]
2026-03-15T17:12:02.210+05:30 DEBUG 14944 --- [ecommerce-marketplace] [nio-8080-exec-5] o.s.web.servlet.DispatcherServlet        : Completed 200 OK
2026-03-15T17:12:02.213+05:30 DEBUG 14944 --- [ecommerce-marketplace] [nio-8080-exec-8] o.s.security.web.FilterChainProxy        : Securing GET /api/wallet/balance
2026-03-15T17:12:02.215+05:30 DEBUG 14944 --- [ecommerce-marketplace] [nio-8080-exec-6] o.s.w.s.m.m.a.HttpEntityMethodProcessor  : Using 'application/json', given [application/json, text/plain, */*] and supported [application/json, application/*+json]
2026-03-15T17:12:02.215+05:30 DEBUG 14944 --- [ecommerce-marketplace] [nio-8080-exec-6] o.s.w.s.m.m.a.HttpEntityMethodProcessor  : Writing [[]]
2026-03-15T17:12:02.217+05:30 DEBUG 14944 --- [ecommerce-marketplace] [nio-8080-exec-6] o.s.web.servlet.DispatcherServlet        : Completed 200 OK
2026-03-15T17:12:02.224+05:30 DEBUG 14944 --- [ecommerce-marketplace] [io-8080-exec-10] o.s.security.web.FilterChainProxy        : Securing GET /api/wallet/history
2026-03-15T17:12:02.243+05:30 DEBUG 14944 --- [ecommerce-marketplace] [nio-8080-exec-8] o.s.security.web.FilterChainProxy        : Secured GET /api/wallet/balance
2026-03-15T17:12:02.243+05:30 DEBUG 14944 --- [ecommerce-marketplace] [nio-8080-exec-8] o.s.web.servlet.DispatcherServlet        : GET "/api/wallet/balance", parameters={}
2026-03-15T17:12:02.243+05:30 TRACE 14944 --- [ecommerce-marketplace] [nio-8080-exec-8] s.w.s.m.m.a.RequestMappingHandlerMapping : Mapped to com.ecommerce.backend.controller.WalletController#getWalletBalance(UserDetails)
2026-03-15T17:12:02.244+05:30 DEBUG 14944 --- [ecommerce-marketplace] [nio-8080-exec-8] horizationManagerBeforeMethodInterceptor : Authorizing method invocation ReflectiveMethodInvocation: public org.springframework.http.ResponseEntity com.ecommerce.backend.controller.WalletController.getWalletBalance(org.springframework.security.core.userdetails.UserDetails); target is of class [com.ecommerce.backend.controller.WalletController]
2026-03-15T17:12:02.245+05:30 DEBUG 14944 --- [ecommerce-marketplace] [nio-8080-exec-8] horizationManagerBeforeMethodInterceptor : Authorized method invocation ReflectiveMethodInvocation: public org.springframework.http.ResponseEntity com.ecommerce.backend.controller.WalletController.getWalletBalance(org.springframework.security.core.userdetails.UserDetails); target is of class [com.ecommerce.backend.controller.WalletController]
2026-03-15T17:12:02.249+05:30 DEBUG 14944 --- [ecommerce-marketplace] [io-8080-exec-10] o.s.security.web.FilterChainProxy        : Secured GET /api/wallet/history
2026-03-15T17:12:02.251+05:30 DEBUG 14944 --- [ecommerce-marketplace] [io-8080-exec-10] o.s.web.servlet.DispatcherServlet        : GET "/api/wallet/history", parameters={}
2026-03-15T17:12:02.251+05:30 TRACE 14944 --- [ecommerce-marketplace] [io-8080-exec-10] s.w.s.m.m.a.RequestMappingHandlerMapping : Mapped to com.ecommerce.backend.controller.WalletController#getWalletHistory(UserDetails)
2026-03-15T17:12:02.252+05:30 DEBUG 14944 --- [ecommerce-marketplace] [io-8080-exec-10] horizationManagerBeforeMethodInterceptor : Authorizing method invocation ReflectiveMethodInvocation: public org.springframework.http.ResponseEntity com.ecommerce.backend.controller.WalletController.getWalletHistory(org.springframework.security.core.userdetails.UserDetails); target is of class [com.ecommerce.backend.controller.WalletController]
2026-03-15T17:12:02.253+05:30 DEBUG 14944 --- [ecommerce-marketplace] [io-8080-exec-10] horizationManagerBeforeMethodInterceptor : Authorized method invocation ReflectiveMethodInvocation: public org.springframework.http.ResponseEntity com.ecommerce.backend.controller.WalletController.getWalletHistory(org.springframework.security.core.userdetails.UserDetails); target is of class [com.ecommerce.backend.controller.WalletController]
2026-03-15T17:12:02.265+05:30 DEBUG 14944 --- [ecommerce-marketplace] [nio-8080-exec-8] o.s.w.s.m.m.a.HttpEntityMethodProcessor  : Using 'application/json', given [application/json, text/plain, */*] and supported [application/json, application/*+json]
2026-03-15T17:12:02.273+05:30 DEBUG 14944 --- [ecommerce-marketplace] [nio-8080-exec-8] o.s.w.s.m.m.a.HttpEntityMethodProcessor  : Writing [java.lang.StackOverflowError]
2026-03-15T17:12:02.274+05:30 DEBUG 14944 --- [ecommerce-marketplace] [nio-8080-exec-8] o.s.web.servlet.DispatcherServlet        : Completed 200 OK
2026-03-15T17:12:02.276+05:30 DEBUG 14944 --- [ecommerce-marketplace] [io-8080-exec-10] o.s.w.s.m.m.a.HttpEntityMethodProcessor  : Using 'application/json', given [application/json, text/plain, */*] and supported [application/json, application/*+json]
2026-03-15T17:12:02.276+05:30 DEBUG 14944 --- [ecommerce-marketplace] [io-8080-exec-10] o.s.w.s.m.m.a.HttpEntityMethodProcessor  : Writing [[]]
2026-03-15T17:12:02.279+05:30 DEBUG 14944 --- [ecommerce-marketplace] [io-8080-exec-10] o.s.web.servlet.DispatcherServlet        : Completed 200 OK
2026-03-15T17:12:21.617+05:30 DEBUG 14944 --- [ecommerce-marketplace] [nio-8080-exec-2] o.s.security.web.FilterChainProxy        : Securing OPTIONS /api/wallet/stripe/create-intent
2026-03-15T17:12:21.629+05:30 DEBUG 14944 --- [ecommerce-marketplace] [nio-8080-exec-9] o.s.security.web.FilterChainProxy        : Securing POST /api/wallet/stripe/create-intent
2026-03-15T17:12:21.677+05:30 DEBUG 14944 --- [ecommerce-marketplace] [nio-8080-exec-9] o.s.security.web.FilterChainProxy        : Secured POST /api/wallet/stripe/create-intent
2026-03-15T17:12:21.677+05:30 DEBUG 14944 --- [ecommerce-marketplace] [nio-8080-exec-9] o.s.web.servlet.DispatcherServlet        : POST "/api/wallet/stripe/create-intent", parameters={}
2026-03-15T17:12:21.677+05:30 TRACE 14944 --- [ecommerce-marketplace] [nio-8080-exec-9] s.w.s.m.m.a.RequestMappingHandlerMapping : Mapped to com.ecommerce.backend.controller.WalletController#createStripeIntent(UserDetails, Map)
2026-03-15T17:12:21.690+05:30 DEBUG 14944 --- [ecommerce-marketplace] [nio-8080-exec-9] m.m.a.RequestResponseBodyMethodProcessor : Read "application/json;charset=UTF-8" to [{amount=100}]
2026-03-15T17:12:21.691+05:30 DEBUG 14944 --- [ecommerce-marketplace] [nio-8080-exec-9] horizationManagerBeforeMethodInterceptor : Authorizing method invocation ReflectiveMethodInvocation: public org.springframework.http.ResponseEntity com.ecommerce.backend.controller.WalletController.createStripeIntent(org.springframework.security.core.userdetails.UserDetails,java.util.Map); target is of class [com.ecommerce.backend.controller.WalletController]
2026-03-15T17:12:21.692+05:30 DEBUG 14944 --- [ecommerce-marketplace] [nio-8080-exec-9] horizationManagerBeforeMethodInterceptor : Authorized method invocation ReflectiveMethodInvocation: public org.springframework.http.ResponseEntity com.ecommerce.backend.controller.WalletController.createStripeIntent(org.springframework.security.core.userdetails.UserDetails,java.util.Map); target is of class [com.ecommerce.backend.controller.WalletController]
2026-03-15T17:12:23.687+05:30 DEBUG 14944 --- [ecommerce-marketplace] [nio-8080-exec-9] o.s.w.s.m.m.a.HttpEntityMethodProcessor  : Using 'application/json', given [application/json, text/plain, */*] and supported [application/json, application/*+json]
2026-03-15T17:12:23.691+05:30 DEBUG 14944 --- [ecommerce-marketplace] [nio-8080-exec-9] o.s.w.s.m.m.a.HttpEntityMethodProcessor  : Writing [PaymentResponse(paymentId=null, orderId=null, paymentMethod=null, transactionId=null, clientSecret=p (truncated)...]
2026-03-15T17:12:23.692+05:30 DEBUG 14944 --- [ecommerce-marketplace] [nio-8080-exec-9] o.s.web.servlet.DispatcherServlet        : Completed 200 OK
2026-03-15T17:12:24.770+05:30 DEBUG 14944 --- [ecommerce-marketplace] [nio-8080-exec-1] o.s.security.web.FilterChainProxy        : Securing OPTIONS /api/wallet/stripe/confirm
2026-03-15T17:12:24.776+05:30 DEBUG 14944 --- [ecommerce-marketplace] [nio-8080-exec-4] o.s.security.web.FilterChainProxy        : Securing POST /api/wallet/stripe/confirm
2026-03-15T17:12:24.809+05:30 DEBUG 14944 --- [ecommerce-marketplace] [nio-8080-exec-4] o.s.security.web.FilterChainProxy        : Secured POST /api/wallet/stripe/confirm
2026-03-15T17:12:24.810+05:30 DEBUG 14944 --- [ecommerce-marketplace] [nio-8080-exec-4] o.s.web.servlet.DispatcherServlet        : POST "/api/wallet/stripe/confirm", parameters={}
2026-03-15T17:12:24.810+05:30 TRACE 14944 --- [ecommerce-marketplace] [nio-8080-exec-4] s.w.s.m.m.a.RequestMappingHandlerMapping : Mapped to com.ecommerce.backend.controller.WalletController#confirmStripePayment(Map)
2026-03-15T17:12:24.813+05:30 DEBUG 14944 --- [ecommerce-marketplace] [nio-8080-exec-4] m.m.a.RequestResponseBodyMethodProcessor : Read "application/json;charset=UTF-8" to [{paymentIntentId=pi_3TBD3rH3E32cbsgK13Uvhd7y}]
2026-03-15T17:12:24.813+05:30 DEBUG 14944 --- [ecommerce-marketplace] [nio-8080-exec-4] horizationManagerBeforeMethodInterceptor : Authorizing method invocation ReflectiveMethodInvocation: public org.springframework.http.ResponseEntity com.ecommerce.backend.controller.WalletController.confirmStripePayment(java.util.Map); target is of class [com.ecommerce.backend.controller.WalletController]
2026-03-15T17:12:24.815+05:30 DEBUG 14944 --- [ecommerce-marketplace] [nio-8080-exec-4] horizationManagerBeforeMethodInterceptor : Authorized method invocation ReflectiveMethodInvocation: public org.springframework.http.ResponseEntity com.ecommerce.backend.controller.WalletController.confirmStripePayment(java.util.Map); target is of class [com.ecommerce.backend.controller.WalletController]
2026-03-15T17:12:24.901+05:30 DEBUG 14944 --- [ecommerce-marketplace] [nio-8080-exec-4] o.s.w.s.m.m.a.HttpEntityMethodProcessor  : Using 'application/json', given [application/json, text/plain, */*] and supported [application/json, application/*+json]
2026-03-15T17:12:24.901+05:30 DEBUG 14944 --- [ecommerce-marketplace] [nio-8080-exec-4] o.s.w.s.m.m.a.HttpEntityMethodProcessor  : Writing [{message=Wallet charged successfully}]
2026-03-15T17:12:24.903+05:30 DEBUG 14944 --- [ecommerce-marketplace] [nio-8080-exec-4] o.s.web.servlet.DispatcherServlet        : Completed 200 OK
2026-03-15T17:12:24.910+05:30 DEBUG 14944 --- [ecommerce-marketplace] [nio-8080-exec-7] o.s.security.web.FilterChainProxy        : Securing OPTIONS /api/wallet/balance
2026-03-15T17:12:24.910+05:30 DEBUG 14944 --- [ecommerce-marketplace] [nio-8080-exec-3] o.s.security.web.FilterChainProxy        : Securing OPTIONS /api/wallet/history
2026-03-15T17:12:24.916+05:30 DEBUG 14944 --- [ecommerce-marketplace] [nio-8080-exec-5] o.s.security.web.FilterChainProxy        : Securing GET /api/wallet/balance
2026-03-15T17:12:24.916+05:30 DEBUG 14944 --- [ecommerce-marketplace] [nio-8080-exec-6] o.s.security.web.FilterChainProxy        : Securing GET /api/wallet/history
2026-03-15T17:12:24.947+05:30 DEBUG 14944 --- [ecommerce-marketplace] [nio-8080-exec-5] o.s.security.web.FilterChainProxy        : Secured GET /api/wallet/balance
2026-03-15T17:12:24.949+05:30 DEBUG 14944 --- [ecommerce-marketplace] [nio-8080-exec-5] o.s.web.servlet.DispatcherServlet        : GET "/api/wallet/balance", parameters={}
2026-03-15T17:12:24.950+05:30 TRACE 14944 --- [ecommerce-marketplace] [nio-8080-exec-5] s.w.s.m.m.a.RequestMappingHandlerMapping : Mapped to com.ecommerce.backend.controller.WalletController#getWalletBalance(UserDetails)
2026-03-15T17:12:24.953+05:30 DEBUG 14944 --- [ecommerce-marketplace] [nio-8080-exec-6] o.s.security.web.FilterChainProxy        : Secured GET /api/wallet/history
2026-03-15T17:12:24.953+05:30 DEBUG 14944 --- [ecommerce-marketplace] [nio-8080-exec-6] o.s.web.servlet.DispatcherServlet        : GET "/api/wallet/history", parameters={}
2026-03-15T17:12:24.953+05:30 DEBUG 14944 --- [ecommerce-marketplace] [nio-8080-exec-5] horizationManagerBeforeMethodInterceptor : Authorizing method invocation ReflectiveMethodInvocation: public org.springframework.http.ResponseEntity com.ecommerce.backend.controller.WalletController.getWalletBalance(org.springframework.security.core.userdetails.UserDetails); target is of class [com.ecommerce.backend.controller.WalletController]
2026-03-15T17:12:24.954+05:30 DEBUG 14944 --- [ecommerce-marketplace] [nio-8080-exec-5] horizationManagerBeforeMethodInterceptor : Authorized method invocation ReflectiveMethodInvocation: public org.springframework.http.ResponseEntity com.ecommerce.backend.controller.WalletController.getWalletBalance(org.springframework.security.core.userdetails.UserDetails); target is of class [com.ecommerce.backend.controller.WalletController]
2026-03-15T17:12:24.954+05:30 TRACE 14944 --- [ecommerce-marketplace] [nio-8080-exec-6] s.w.s.m.m.a.RequestMappingHandlerMapping : Mapped to com.ecommerce.backend.controller.WalletController#getWalletHistory(UserDetails)
2026-03-15T17:12:24.955+05:30 DEBUG 14944 --- [ecommerce-marketplace] [nio-8080-exec-6] horizationManagerBeforeMethodInterceptor : Authorizing method invocation ReflectiveMethodInvocation: public org.springframework.http.ResponseEntity com.ecommerce.backend.controller.WalletController.getWalletHistory(org.springframework.security.core.userdetails.UserDetails); target is of class [com.ecommerce.backend.controller.WalletController]
2026-03-15T17:12:24.957+05:30 DEBUG 14944 --- [ecommerce-marketplace] [nio-8080-exec-6] horizationManagerBeforeMethodInterceptor : Authorized method invocation ReflectiveMethodInvocation: public org.springframework.http.ResponseEntity com.ecommerce.backend.controller.WalletController.getWalletHistory(org.springframework.security.core.userdetails.UserDetails); target is of class [com.ecommerce.backend.controller.WalletController]
2026-03-15T17:12:24.982+05:30 DEBUG 14944 --- [ecommerce-marketplace] [nio-8080-exec-5] o.s.w.s.m.m.a.HttpEntityMethodProcessor  : Using 'application/json', given [application/json, text/plain, */*] and supported [application/json, application/*+json]
2026-03-15T17:12:24.984+05:30 DEBUG 14944 --- [ecommerce-marketplace] [nio-8080-exec-5] o.s.w.s.m.m.a.HttpEntityMethodProcessor  : Writing [java.lang.StackOverflowError]
2026-03-15T17:12:24.984+05:30 DEBUG 14944 --- [ecommerce-marketplace] [nio-8080-exec-6] o.s.w.s.m.m.a.HttpEntityMethodProcessor  : Using 'application/json', given [application/json, text/plain, */*] and supported [application/json, application/*+json]
2026-03-15T17:12:24.987+05:30 DEBUG 14944 --- [ecommerce-marketplace] [nio-8080-exec-5] o.s.web.servlet.DispatcherServlet        : Completed 200 OK
2026-03-15T17:12:24.989+05:30 DEBUG 14944 --- [ecommerce-marketplace] [nio-8080-exec-6] o.s.w.s.m.m.a.HttpEntityMethodProcessor  : Writing [java.lang.StackOverflowError]
2026-03-15T17:12:24.999+05:30 DEBUG 14944 --- [ecommerce-marketplace] [nio-8080-exec-6] o.s.web.servlet.DispatcherServlet        : Completed 200 OK
2026-03-15T17:12:35.369+05:30 DEBUG 14944 --- [ecommerce-marketplace] [io-8080-exec-10] o.s.security.web.FilterChainProxy        : Securing OPTIONS /api/customer/orders
2026-03-15T17:12:35.369+05:30 DEBUG 14944 --- [ecommerce-marketplace] [nio-8080-exec-8] o.s.security.web.FilterChainProxy        : Securing OPTIONS /api/customer/orders
2026-03-15T17:12:35.381+05:30 DEBUG 14944 --- [ecommerce-marketplace] [nio-8080-exec-2] o.s.security.web.FilterChainProxy        : Securing GET /api/customer/orders
2026-03-15T17:12:35.418+05:30 DEBUG 14944 --- [ecommerce-marketplace] [nio-8080-exec-2] o.s.security.web.FilterChainProxy        : Secured GET /api/customer/orders
2026-03-15T17:12:35.420+05:30 DEBUG 14944 --- [ecommerce-marketplace] [nio-8080-exec-2] o.s.web.servlet.DispatcherServlet        : GET "/api/customer/orders", parameters={}
2026-03-15T17:12:35.420+05:30 TRACE 14944 --- [ecommerce-marketplace] [nio-8080-exec-2] s.w.s.m.m.a.RequestMappingHandlerMapping : Mapped to com.ecommerce.backend.controller.CustomerController#getMyOrders(UserDetails)
2026-03-15T17:12:35.448+05:30 DEBUG 14944 --- [ecommerce-marketplace] [nio-8080-exec-2] o.s.w.s.m.m.a.HttpEntityMethodProcessor  : Using 'application/json', given [application/json, text/plain, */*] and supported [application/json, application/*+json]
2026-03-15T17:12:35.450+05:30 DEBUG 14944 --- [ecommerce-marketplace] [nio-8080-exec-2] o.s.w.s.m.m.a.HttpEntityMethodProcessor  : Writing [ApiResponse(success=true, message=Orders fetched, data=[])]
2026-03-15T17:12:35.452+05:30 DEBUG 14944 --- [ecommerce-marketplace] [nio-8080-exec-2] o.s.web.servlet.DispatcherServlet        : Completed 200 OK
2026-03-15T17:12:35.455+05:30 DEBUG 14944 --- [ecommerce-marketplace] [nio-8080-exec-9] o.s.security.web.FilterChainProxy        : Securing GET /api/customer/orders
2026-03-15T17:12:35.488+05:30 DEBUG 14944 --- [ecommerce-marketplace] [nio-8080-exec-9] o.s.security.web.FilterChainProxy        : Secured GET /api/customer/orders
2026-03-15T17:12:35.490+05:30 DEBUG 14944 --- [ecommerce-marketplace] [nio-8080-exec-9] o.s.web.servlet.DispatcherServlet        : GET "/api/customer/orders", parameters={}
2026-03-15T17:12:35.491+05:30 TRACE 14944 --- [ecommerce-marketplace] [nio-8080-exec-9] s.w.s.m.m.a.RequestMappingHandlerMapping : Mapped to com.ecommerce.backend.controller.CustomerController#getMyOrders(UserDetails)
2026-03-15T17:12:35.516+05:30 DEBUG 14944 --- [ecommerce-marketplace] [nio-8080-exec-9] o.s.w.s.m.m.a.HttpEntityMethodProcessor  : Using 'application/json', given [application/json, text/plain, */*] and supported [application/json, application/*+json]
2026-03-15T17:12:35.516+05:30 DEBUG 14944 --- [ecommerce-marketplace] [nio-8080-exec-9] o.s.w.s.m.m.a.HttpEntityMethodProcessor  : Writing [ApiResponse(success=true, message=Orders fetched, data=[])]
2026-03-15T17:12:35.516+05:30 DEBUG 14944 --- [ecommerce-marketplace] [nio-8080-exec-9] o.s.web.servlet.DispatcherServlet        : Completed 200 OK
2026-03-15T17:12:37.014+05:30 DEBUG 14944 --- [ecommerce-marketplace] [nio-8080-exec-4] o.s.security.web.FilterChainProxy        : Securing OPTIONS /api/products?page=0&size=12&sortBy=createdAt&sortDir=desc
2026-03-15T17:12:37.014+05:30 DEBUG 14944 --- [ecommerce-marketplace] [nio-8080-exec-1] o.s.security.web.FilterChainProxy        : Securing OPTIONS /api/categories
2026-03-15T17:12:37.016+05:30 DEBUG 14944 --- [ecommerce-marketplace] [nio-8080-exec-3] o.s.security.web.FilterChainProxy        : Securing OPTIONS /api/customer/cart
2026-03-15T17:12:37.017+05:30 DEBUG 14944 --- [ecommerce-marketplace] [nio-8080-exec-7] o.s.security.web.FilterChainProxy        : Securing OPTIONS /api/categories
2026-03-15T17:12:37.021+05:30 DEBUG 14944 --- [ecommerce-marketplace] [nio-8080-exec-5] o.s.security.web.FilterChainProxy        : Securing OPTIONS /api/products?page=0&size=12&sortBy=createdAt&sortDir=desc
2026-03-15T17:12:37.021+05:30 DEBUG 14944 --- [ecommerce-marketplace] [nio-8080-exec-6] o.s.security.web.FilterChainProxy        : Securing OPTIONS /api/customer/cart
2026-03-15T17:12:37.025+05:30 DEBUG 14944 --- [ecommerce-marketplace] [nio-8080-exec-8] o.s.security.web.FilterChainProxy        : Securing GET /api/categories
2026-03-15T17:12:37.027+05:30 DEBUG 14944 --- [ecommerce-marketplace] [io-8080-exec-10] o.s.security.web.FilterChainProxy        : Securing GET /api/products?page=0&size=12&sortBy=createdAt&sortDir=desc
2026-03-15T17:12:37.027+05:30 DEBUG 14944 --- [ecommerce-marketplace] [nio-8080-exec-2] o.s.security.web.FilterChainProxy        : Securing GET /api/customer/cart
2026-03-15T17:12:37.071+05:30 DEBUG 14944 --- [ecommerce-marketplace] [nio-8080-exec-8] o.s.security.web.FilterChainProxy        : Secured GET /api/categories
2026-03-15T17:12:37.072+05:30 DEBUG 14944 --- [ecommerce-marketplace] [nio-8080-exec-8] o.s.web.servlet.DispatcherServlet        : GET "/api/categories", parameters={}
2026-03-15T17:12:37.072+05:30 TRACE 14944 --- [ecommerce-marketplace] [nio-8080-exec-8] s.w.s.m.m.a.RequestMappingHandlerMapping : Mapped to com.ecommerce.backend.controller.CategoryController#getAllCategories()
2026-03-15T17:12:37.077+05:30 DEBUG 14944 --- [ecommerce-marketplace] [nio-8080-exec-2] o.s.security.web.FilterChainProxy        : Secured GET /api/customer/cart
2026-03-15T17:12:37.077+05:30 DEBUG 14944 --- [ecommerce-marketplace] [nio-8080-exec-2] o.s.web.servlet.DispatcherServlet        : GET "/api/customer/cart", parameters={}
2026-03-15T17:12:37.077+05:30 DEBUG 14944 --- [ecommerce-marketplace] [io-8080-exec-10] o.s.security.web.FilterChainProxy        : Secured GET /api/products?page=0&size=12&sortBy=createdAt&sortDir=desc
2026-03-15T17:12:37.077+05:30 TRACE 14944 --- [ecommerce-marketplace] [nio-8080-exec-2] s.w.s.m.m.a.RequestMappingHandlerMapping : Mapped to com.ecommerce.backend.controller.CustomerController#getCart(UserDetails)
2026-03-15T17:12:37.084+05:30 DEBUG 14944 --- [ecommerce-marketplace] [io-8080-exec-10] o.s.web.servlet.DispatcherServlet        : GET "/api/products?page=0&size=12&sortBy=createdAt&sortDir=desc", parameters={masked}
2026-03-15T17:12:37.084+05:30 TRACE 14944 --- [ecommerce-marketplace] [io-8080-exec-10] s.w.s.m.m.a.RequestMappingHandlerMapping : Mapped to com.ecommerce.backend.controller.ProductController#getProducts(String, Long, BigDecimal, BigDecimal, int, int, String, String)
2026-03-15T17:12:37.093+05:30 DEBUG 14944 --- [ecommerce-marketplace] [nio-8080-exec-8] o.s.w.s.m.m.a.HttpEntityMethodProcessor  : Using 'application/json', given [application/json, text/plain, */*] and supported [application/json, application/*+json]
2026-03-15T17:12:37.094+05:30 DEBUG 14944 --- [ecommerce-marketplace] [nio-8080-exec-8] o.s.w.s.m.m.a.HttpEntityMethodProcessor  : Writing [ApiResponse(success=true, message=Categories fetched, data=[Category(categoryId=1, name=Electronics, (truncated)...]
2026-03-15T17:12:37.106+05:30 DEBUG 14944 --- [ecommerce-marketplace] [nio-8080-exec-2] o.s.w.s.m.m.a.HttpEntityMethodProcessor  : Using 'application/json', given [application/json, text/plain, */*] and supported [application/json, application/*+json]
2026-03-15T17:12:37.109+05:30 DEBUG 14944 --- [ecommerce-marketplace] [nio-8080-exec-8] o.s.web.servlet.DispatcherServlet        : Completed 200 OK
2026-03-15T17:12:37.112+05:30 DEBUG 14944 --- [ecommerce-marketplace] [nio-8080-exec-9] o.s.security.web.FilterChainProxy        : Securing GET /api/categories
2026-03-15T17:12:37.159+05:30 DEBUG 14944 --- [ecommerce-marketplace] [nio-8080-exec-9] o.s.security.web.FilterChainProxy        : Secured GET /api/categories
2026-03-15T17:12:37.160+05:30 DEBUG 14944 --- [ecommerce-marketplace] [nio-8080-exec-9] o.s.web.servlet.DispatcherServlet        : GET "/api/categories", parameters={}
2026-03-15T17:12:37.160+05:30 TRACE 14944 --- [ecommerce-marketplace] [nio-8080-exec-9] s.w.s.m.m.a.RequestMappingHandlerMapping : Mapped to com.ecommerce.backend.controller.CategoryController#getAllCategories()
2026-03-15T17:12:37.177+05:30 DEBUG 14944 --- [ecommerce-marketplace] [nio-8080-exec-9] o.s.w.s.m.m.a.HttpEntityMethodProcessor  : Using 'application/json', given [application/json, text/plain, */*] and supported [application/json, application/*+json]
2026-03-15T17:12:37.177+05:30 DEBUG 14944 --- [ecommerce-marketplace] [nio-8080-exec-9] o.s.w.s.m.m.a.HttpEntityMethodProcessor  : Writing [ApiResponse(success=true, message=Categories fetched, data=[Category(categoryId=1, name=Electronics, (truncated)...]
2026-03-15T17:12:37.180+05:30 DEBUG 14944 --- [ecommerce-marketplace] [nio-8080-exec-9] o.s.web.servlet.DispatcherServlet        : Completed 200 OK
2026-03-15T17:12:37.293+05:30 DEBUG 14944 --- [ecommerce-marketplace] [nio-8080-exec-2] o.s.w.s.m.m.a.HttpEntityMethodProcessor  : Writing [java.lang.StackOverflowError]
2026-03-15T17:12:37.295+05:30 DEBUG 14944 --- [ecommerce-marketplace] [nio-8080-exec-2] o.s.web.servlet.DispatcherServlet        : Completed 200 OK
2026-03-15T17:12:37.304+05:30 DEBUG 14944 --- [ecommerce-marketplace] [nio-8080-exec-4] o.s.security.web.FilterChainProxy        : Securing GET /api/customer/cart
2026-03-15T17:12:37.341+05:30 DEBUG 14944 --- [ecommerce-marketplace] [io-8080-exec-10] o.s.w.s.m.m.a.HttpEntityMethodProcessor  : Using 'application/json', given [application/json, text/plain, */*] and supported [application/json, application/*+json]
2026-03-15T17:12:37.343+05:30 DEBUG 14944 --- [ecommerce-marketplace] [nio-8080-exec-4] o.s.security.web.FilterChainProxy        : Secured GET /api/customer/cart
2026-03-15T17:12:37.343+05:30 DEBUG 14944 --- [ecommerce-marketplace] [nio-8080-exec-4] o.s.web.servlet.DispatcherServlet        : GET "/api/customer/cart", parameters={}
2026-03-15T17:12:37.343+05:30 TRACE 14944 --- [ecommerce-marketplace] [nio-8080-exec-4] s.w.s.m.m.a.RequestMappingHandlerMapping : Mapped to com.ecommerce.backend.controller.CustomerController#getCart(UserDetails)
2026-03-15T17:12:37.372+05:30 DEBUG 14944 --- [ecommerce-marketplace] [io-8080-exec-10] o.s.w.s.m.m.a.HttpEntityMethodProcessor  : Writing [ApiResponse(success=true, message=Products fetched, data=Page 1 of 1 containing com.ecommerce.backen (truncated)...]
2026-03-15T17:12:37.374+05:30 DEBUG 14944 --- [ecommerce-marketplace] [nio-8080-exec-4] o.s.w.s.m.m.a.HttpEntityMethodProcessor  : Using 'application/json', given [application/json, text/plain, */*] and supported [application/json, application/*+json]
2026-03-15T17:12:37.441+05:30 DEBUG 14944 --- [ecommerce-marketplace] [io-8080-exec-10] o.s.web.servlet.DispatcherServlet        : Completed 200 OK
2026-03-15T17:12:37.444+05:30 DEBUG 14944 --- [ecommerce-marketplace] [nio-8080-exec-7] o.s.security.web.FilterChainProxy        : Securing GET /api/products?page=0&size=12&sortBy=createdAt&sortDir=desc
2026-03-15T17:12:37.477+05:30 DEBUG 14944 --- [ecommerce-marketplace] [nio-8080-exec-7] o.s.security.web.FilterChainProxy        : Secured GET /api/products?page=0&size=12&sortBy=createdAt&sortDir=desc
2026-03-15T17:12:37.478+05:30 DEBUG 14944 --- [ecommerce-marketplace] [nio-8080-exec-7] o.s.web.servlet.DispatcherServlet        : GET "/api/products?page=0&size=12&sortBy=createdAt&sortDir=desc", parameters={masked}
2026-03-15T17:12:37.478+05:30 TRACE 14944 --- [ecommerce-marketplace] [nio-8080-exec-7] s.w.s.m.m.a.RequestMappingHandlerMapping : Mapped to com.ecommerce.backend.controller.ProductController#getProducts(String, Long, BigDecimal, BigDecimal, int, int, String, String)
2026-03-15T17:12:37.508+05:30 DEBUG 14944 --- [ecommerce-marketplace] [nio-8080-exec-4] o.s.w.s.m.m.a.HttpEntityMethodProcessor  : Writing [java.lang.StackOverflowError]
2026-03-15T17:12:37.510+05:30 DEBUG 14944 --- [ecommerce-marketplace] [nio-8080-exec-4] o.s.web.servlet.DispatcherServlet        : Completed 200 OK
2026-03-15T17:12:37.533+05:30 DEBUG 14944 --- [ecommerce-marketplace] [nio-8080-exec-7] o.s.w.s.m.m.a.HttpEntityMethodProcessor  : Using 'application/json', given [application/json, text/plain, */*] and supported [application/json, application/*+json]
2026-03-15T17:12:37.534+05:30 DEBUG 14944 --- [ecommerce-marketplace] [nio-8080-exec-7] o.s.w.s.m.m.a.HttpEntityMethodProcessor  : Writing [ApiResponse(success=true, message=Products fetched, data=Page 1 of 1 containing com.ecommerce.backen (truncated)...]
2026-03-15T17:12:37.541+05:30 DEBUG 14944 --- [ecommerce-marketplace] [nio-8080-exec-7] o.s.web.servlet.DispatcherServlet        : Completed 200 OK
2026-03-15T17:12:38.940+05:30 DEBUG 14944 --- [ecommerce-marketplace] [nio-8080-exec-3] o.s.security.web.FilterChainProxy        : Securing OPTIONS /api/customer/cart/add?productId=3&quantity=1
2026-03-15T17:12:38.947+05:30 DEBUG 14944 --- [ecommerce-marketplace] [nio-8080-exec-1] o.s.security.web.FilterChainProxy        : Securing POST /api/customer/cart/add?productId=3&quantity=1
2026-03-15T17:12:38.975+05:30 DEBUG 14944 --- [ecommerce-marketplace] [nio-8080-exec-1] o.s.security.web.FilterChainProxy        : Secured POST /api/customer/cart/add?productId=3&quantity=1
2026-03-15T17:12:38.976+05:30 DEBUG 14944 --- [ecommerce-marketplace] [nio-8080-exec-1] o.s.web.servlet.DispatcherServlet        : POST "/api/customer/cart/add?productId=3&quantity=1", parameters={masked}
2026-03-15T17:12:38.976+05:30 TRACE 14944 --- [ecommerce-marketplace] [nio-8080-exec-1] s.w.s.m.m.a.RequestMappingHandlerMapping : Mapped to com.ecommerce.backend.controller.CustomerController#addToCart(UserDetails, Long, int)
2026-03-15T17:12:39.045+05:30 DEBUG 14944 --- [ecommerce-marketplace] [nio-8080-exec-1] o.s.w.s.m.m.a.HttpEntityMethodProcessor  : Using 'application/json', given [application/json, text/plain, */*] and supported [application/json, application/*+json]
2026-03-15T17:12:39.133+05:30 DEBUG 14944 --- [ecommerce-marketplace] [nio-8080-exec-1] o.s.w.s.m.m.a.HttpEntityMethodProcessor  : Writing [java.lang.StackOverflowError]
2026-03-15T17:12:39.143+05:30 DEBUG 14944 --- [ecommerce-marketplace] [nio-8080-exec-1] o.s.web.servlet.DispatcherServlet        : Completed 200 OK
2026-03-15T17:12:44.456+05:30 DEBUG 14944 --- [ecommerce-marketplace] [nio-8080-exec-5] o.s.security.web.FilterChainProxy        : Securing OPTIONS /api/wallet/balance
2026-03-15T17:12:44.458+05:30 DEBUG 14944 --- [ecommerce-marketplace] [nio-8080-exec-6] o.s.security.web.FilterChainProxy        : Securing OPTIONS /api/rewards/balance
2026-03-15T17:12:44.458+05:30 DEBUG 14944 --- [ecommerce-marketplace] [nio-8080-exec-9] o.s.security.web.FilterChainProxy        : Securing OPTIONS /api/rewards/balance
2026-03-15T17:12:44.458+05:30 DEBUG 14944 --- [ecommerce-marketplace] [nio-8080-exec-8] o.s.security.web.FilterChainProxy        : Securing OPTIONS /api/wallet/balance
2026-03-15T17:12:44.466+05:30 DEBUG 14944 --- [ecommerce-marketplace] [io-8080-exec-10] o.s.security.web.FilterChainProxy        : Securing GET /api/rewards/balance
2026-03-15T17:12:44.467+05:30 DEBUG 14944 --- [ecommerce-marketplace] [nio-8080-exec-2] o.s.security.web.FilterChainProxy        : Securing GET /api/wallet/balance
2026-03-15T17:12:44.499+05:30 DEBUG 14944 --- [ecommerce-marketplace] [io-8080-exec-10] o.s.security.web.FilterChainProxy        : Secured GET /api/rewards/balance
2026-03-15T17:12:44.499+05:30 DEBUG 14944 --- [ecommerce-marketplace] [nio-8080-exec-2] o.s.security.web.FilterChainProxy        : Secured GET /api/wallet/balance
2026-03-15T17:12:44.499+05:30 DEBUG 14944 --- [ecommerce-marketplace] [io-8080-exec-10] o.s.web.servlet.DispatcherServlet        : GET "/api/rewards/balance", parameters={}
2026-03-15T17:12:44.499+05:30 DEBUG 14944 --- [ecommerce-marketplace] [nio-8080-exec-2] o.s.web.servlet.DispatcherServlet        : GET "/api/wallet/balance", parameters={}
2026-03-15T17:12:44.500+05:30 TRACE 14944 --- [ecommerce-marketplace] [nio-8080-exec-2] s.w.s.m.m.a.RequestMappingHandlerMapping : Mapped to com.ecommerce.backend.controller.WalletController#getWalletBalance(UserDetails)
2026-03-15T17:12:44.500+05:30 TRACE 14944 --- [ecommerce-marketplace] [io-8080-exec-10] s.w.s.m.m.a.RequestMappingHandlerMapping : Mapped to com.ecommerce.backend.controller.RewardPointsController#getRewardPoints(UserDetails)
2026-03-15T17:12:44.501+05:30 DEBUG 14944 --- [ecommerce-marketplace] [nio-8080-exec-2] horizationManagerBeforeMethodInterceptor : Authorizing method invocation ReflectiveMethodInvocation: public org.springframework.http.ResponseEntity com.ecommerce.backend.controller.WalletController.getWalletBalance(org.springframework.security.core.userdetails.UserDetails); target is of class [com.ecommerce.backend.controller.WalletController]
2026-03-15T17:12:44.501+05:30 DEBUG 14944 --- [ecommerce-marketplace] [io-8080-exec-10] horizationManagerBeforeMethodInterceptor : Authorizing method invocation ReflectiveMethodInvocation: public org.springframework.http.ResponseEntity com.ecommerce.backend.controller.RewardPointsController.getRewardPoints(org.springframework.security.core.userdetails.UserDetails); target is of class [com.ecommerce.backend.controller.RewardPointsController]
2026-03-15T17:12:44.501+05:30 DEBUG 14944 --- [ecommerce-marketplace] [nio-8080-exec-2] horizationManagerBeforeMethodInterceptor : Authorized method invocation ReflectiveMethodInvocation: public org.springframework.http.ResponseEntity com.ecommerce.backend.controller.WalletController.getWalletBalance(org.springframework.security.core.userdetails.UserDetails); target is of class [com.ecommerce.backend.controller.WalletController]
2026-03-15T17:12:44.502+05:30 DEBUG 14944 --- [ecommerce-marketplace] [io-8080-exec-10] horizationManagerBeforeMethodInterceptor : Authorized method invocation ReflectiveMethodInvocation: public org.springframework.http.ResponseEntity com.ecommerce.backend.controller.RewardPointsController.getRewardPoints(org.springframework.security.core.userdetails.UserDetails); target is of class [com.ecommerce.backend.controller.RewardPointsController]
2026-03-15T17:12:44.534+05:30 DEBUG 14944 --- [ecommerce-marketplace] [nio-8080-exec-2] o.s.w.s.m.m.a.HttpEntityMethodProcessor  : Using 'application/json', given [application/json, text/plain, */*] and supported [application/json, application/*+json]
2026-03-15T17:12:44.540+05:30 DEBUG 14944 --- [ecommerce-marketplace] [io-8080-exec-10] o.s.w.s.m.m.a.HttpEntityMethodProcessor  : Using 'application/json', given [application/json, text/plain, */*] and supported [application/json, application/*+json]
2026-03-15T17:12:44.540+05:30 DEBUG 14944 --- [ecommerce-marketplace] [nio-8080-exec-2] o.s.w.s.m.m.a.HttpEntityMethodProcessor  : Writing [java.lang.StackOverflowError]
2026-03-15T17:12:44.542+05:30 DEBUG 14944 --- [ecommerce-marketplace] [nio-8080-exec-2] o.s.web.servlet.DispatcherServlet        : Completed 200 OK
2026-03-15T17:12:44.542+05:30 DEBUG 14944 --- [ecommerce-marketplace] [nio-8080-exec-4] o.s.security.web.FilterChainProxy        : Securing GET /api/wallet/balance
2026-03-15T17:12:44.544+05:30 DEBUG 14944 --- [ecommerce-marketplace] [io-8080-exec-10] o.s.w.s.m.m.a.HttpEntityMethodProcessor  : Writing [java.lang.StackOverflowError]
2026-03-15T17:12:44.550+05:30 DEBUG 14944 --- [ecommerce-marketplace] [io-8080-exec-10] o.s.web.servlet.DispatcherServlet        : Completed 200 OK
2026-03-15T17:12:44.552+05:30 DEBUG 14944 --- [ecommerce-marketplace] [nio-8080-exec-7] o.s.security.web.FilterChainProxy        : Securing GET /api/rewards/balance
2026-03-15T17:12:44.563+05:30 DEBUG 14944 --- [ecommerce-marketplace] [nio-8080-exec-4] o.s.security.web.FilterChainProxy        : Secured GET /api/wallet/balance
2026-03-15T17:12:44.563+05:30 DEBUG 14944 --- [ecommerce-marketplace] [nio-8080-exec-4] o.s.web.servlet.DispatcherServlet        : GET "/api/wallet/balance", parameters={}
2026-03-15T17:12:44.564+05:30 TRACE 14944 --- [ecommerce-marketplace] [nio-8080-exec-4] s.w.s.m.m.a.RequestMappingHandlerMapping : Mapped to com.ecommerce.backend.controller.WalletController#getWalletBalance(UserDetails)
2026-03-15T17:12:44.565+05:30 DEBUG 14944 --- [ecommerce-marketplace] [nio-8080-exec-4] horizationManagerBeforeMethodInterceptor : Authorizing method invocation ReflectiveMethodInvocation: public org.springframework.http.ResponseEntity com.ecommerce.backend.controller.WalletController.getWalletBalance(org.springframework.security.core.userdetails.UserDetails); target is of class [com.ecommerce.backend.controller.WalletController]
2026-03-15T17:12:44.565+05:30 DEBUG 14944 --- [ecommerce-marketplace] [nio-8080-exec-4] horizationManagerBeforeMethodInterceptor : Authorized method invocation ReflectiveMethodInvocation: public org.springframework.http.ResponseEntity com.ecommerce.backend.controller.WalletController.getWalletBalance(org.springframework.security.core.userdetails.UserDetails); target is of class [com.ecommerce.backend.controller.WalletController]
2026-03-15T17:12:44.569+05:30 DEBUG 14944 --- [ecommerce-marketplace] [nio-8080-exec-7] o.s.security.web.FilterChainProxy        : Secured GET /api/rewards/balance
2026-03-15T17:12:44.569+05:30 DEBUG 14944 --- [ecommerce-marketplace] [nio-8080-exec-7] o.s.web.servlet.DispatcherServlet        : GET "/api/rewards/balance", parameters={}
2026-03-15T17:12:44.569+05:30 TRACE 14944 --- [ecommerce-marketplace] [nio-8080-exec-7] s.w.s.m.m.a.RequestMappingHandlerMapping : Mapped to com.ecommerce.backend.controller.RewardPointsController#getRewardPoints(UserDetails)
2026-03-15T17:12:44.570+05:30 DEBUG 14944 --- [ecommerce-marketplace] [nio-8080-exec-7] horizationManagerBeforeMethodInterceptor : Authorizing method invocation ReflectiveMethodInvocation: public org.springframework.http.ResponseEntity com.ecommerce.backend.controller.RewardPointsController.getRewardPoints(org.springframework.security.core.userdetails.UserDetails); target is of class [com.ecommerce.backend.controller.RewardPointsController]
2026-03-15T17:12:44.570+05:30 DEBUG 14944 --- [ecommerce-marketplace] [nio-8080-exec-7] horizationManagerBeforeMethodInterceptor : Authorized method invocation ReflectiveMethodInvocation: public org.springframework.http.ResponseEntity com.ecommerce.backend.controller.RewardPointsController.getRewardPoints(org.springframework.security.core.userdetails.UserDetails); target is of class [com.ecommerce.backend.controller.RewardPointsController]
2026-03-15T17:12:44.584+05:30 DEBUG 14944 --- [ecommerce-marketplace] [nio-8080-exec-4] o.s.w.s.m.m.a.HttpEntityMethodProcessor  : Using 'application/json', given [application/json, text/plain, */*] and supported [application/json, application/*+json]
2026-03-15T17:12:44.588+05:30 DEBUG 14944 --- [ecommerce-marketplace] [nio-8080-exec-4] o.s.w.s.m.m.a.HttpEntityMethodProcessor  : Writing [java.lang.StackOverflowError]
2026-03-15T17:12:44.588+05:30 DEBUG 14944 --- [ecommerce-marketplace] [nio-8080-exec-7] o.s.w.s.m.m.a.HttpEntityMethodProcessor  : Using 'application/json', given [application/json, text/plain, */*] and supported [application/json, application/*+json]
2026-03-15T17:12:44.589+05:30 DEBUG 14944 --- [ecommerce-marketplace] [nio-8080-exec-4] o.s.web.servlet.DispatcherServlet        : Completed 200 OK
2026-03-15T17:12:44.593+05:30 DEBUG 14944 --- [ecommerce-marketplace] [nio-8080-exec-7] o.s.w.s.m.m.a.HttpEntityMethodProcessor  : Writing [java.lang.StackOverflowError]
2026-03-15T17:12:44.595+05:30 DEBUG 14944 --- [ecommerce-marketplace] [nio-8080-exec-7] o.s.web.servlet.DispatcherServlet        : Completed 200 OK
2026-03-15T17:13:17.647+05:30 DEBUG 14944 --- [ecommerce-marketplace] [nio-8080-exec-3] o.s.security.web.FilterChainProxy        : Securing OPTIONS /api/customer/orders
2026-03-15T17:13:17.654+05:30 DEBUG 14944 --- [ecommerce-marketplace] [nio-8080-exec-1] o.s.security.web.FilterChainProxy        : Securing POST /api/customer/orders
2026-03-15T17:13:17.695+05:30 DEBUG 14944 --- [ecommerce-marketplace] [nio-8080-exec-1] o.s.security.web.FilterChainProxy        : Secured POST /api/customer/orders
2026-03-15T17:13:17.697+05:30 DEBUG 14944 --- [ecommerce-marketplace] [nio-8080-exec-1] o.s.web.servlet.DispatcherServlet        : POST "/api/customer/orders", parameters={}
2026-03-15T17:13:17.697+05:30 TRACE 14944 --- [ecommerce-marketplace] [nio-8080-exec-1] s.w.s.m.m.a.RequestMappingHandlerMapping : Mapped to com.ecommerce.backend.controller.CustomerController#placeOrder(UserDetails, OrderRequest)
2026-03-15T17:13:17.718+05:30 DEBUG 14944 --- [ecommerce-marketplace] [nio-8080-exec-1] m.m.a.RequestResponseBodyMethodProcessor : Read "application/json;charset=UTF-8" to [OrderRequest(shippingAddress=test address, paymentMethod=STRIPE_TEST, items=[OrderItemRequest(produc (truncated)...]
2026-03-15T17:13:17.846+05:30 DEBUG 14944 --- [ecommerce-marketplace] [nio-8080-exec-1] o.s.w.s.m.m.a.HttpEntityMethodProcessor  : Using 'application/json', given [application/json, text/plain, */*] and supported [application/json, application/*+json]
2026-03-15T17:13:17.855+05:30 DEBUG 14944 --- [ecommerce-marketplace] [nio-8080-exec-1] o.s.w.s.m.m.a.HttpEntityMethodProcessor  : Writing [ApiResponse(success=true, message=Order placed, data=OrderResponse(orderId=1, customerId=1, customer (truncated)...]
2026-03-15T17:13:17.869+05:30 DEBUG 14944 --- [ecommerce-marketplace] [nio-8080-exec-1] o.s.web.servlet.DispatcherServlet        : Completed 200 OK
2026-03-15T17:13:17.880+05:30 DEBUG 14944 --- [ecommerce-marketplace] [nio-8080-exec-5] o.s.security.web.FilterChainProxy        : Securing OPTIONS /api/customer/payment/stripe/create-intent/1
2026-03-15T17:13:17.888+05:30 DEBUG 14944 --- [ecommerce-marketplace] [nio-8080-exec-9] o.s.security.web.FilterChainProxy        : Securing POST /api/customer/payment/stripe/create-intent/1
2026-03-15T17:13:17.914+05:30 DEBUG 14944 --- [ecommerce-marketplace] [nio-8080-exec-9] o.s.security.web.FilterChainProxy        : Secured POST /api/customer/payment/stripe/create-intent/1
2026-03-15T17:13:17.914+05:30 DEBUG 14944 --- [ecommerce-marketplace] [nio-8080-exec-9] o.s.web.servlet.DispatcherServlet        : POST "/api/customer/payment/stripe/create-intent/1", parameters={}
2026-03-15T17:13:17.915+05:30 TRACE 14944 --- [ecommerce-marketplace] [nio-8080-exec-9] s.w.s.m.m.a.RequestMappingHandlerMapping : Mapped to com.ecommerce.backend.controller.CustomerController#createPaymentIntent(Long)
2026-03-15T17:13:18.758+05:30 DEBUG 14944 --- [ecommerce-marketplace] [nio-8080-exec-9] o.s.w.s.m.m.a.HttpEntityMethodProcessor  : Using 'application/json', given [application/json, text/plain, */*] and supported [application/json, application/*+json]
2026-03-15T17:13:18.760+05:30 DEBUG 14944 --- [ecommerce-marketplace] [nio-8080-exec-9] o.s.w.s.m.m.a.HttpEntityMethodProcessor  : Writing [ApiResponse(success=true, message=Payment intent created, data=PaymentResponse(paymentId=null, order (truncated)...]
2026-03-15T17:13:18.762+05:30 DEBUG 14944 --- [ecommerce-marketplace] [nio-8080-exec-9] o.s.web.servlet.DispatcherServlet        : Completed 200 OK
2026-03-15T17:13:18.769+05:30 DEBUG 14944 --- [ecommerce-marketplace] [nio-8080-exec-8] o.s.security.web.FilterChainProxy        : Securing OPTIONS /api/customer/payment/stripe/confirm/1
2026-03-15T17:13:18.781+05:30 DEBUG 14944 --- [ecommerce-marketplace] [nio-8080-exec-6] o.s.security.web.FilterChainProxy        : Securing POST /api/customer/payment/stripe/confirm/1
2026-03-15T17:13:18.815+05:30 DEBUG 14944 --- [ecommerce-marketplace] [nio-8080-exec-6] o.s.security.web.FilterChainProxy        : Secured POST /api/customer/payment/stripe/confirm/1
2026-03-15T17:13:18.816+05:30 DEBUG 14944 --- [ecommerce-marketplace] [nio-8080-exec-6] o.s.web.servlet.DispatcherServlet        : POST "/api/customer/payment/stripe/confirm/1", parameters={}
2026-03-15T17:13:18.817+05:30 TRACE 14944 --- [ecommerce-marketplace] [nio-8080-exec-6] s.w.s.m.m.a.RequestMappingHandlerMapping : Mapped to com.ecommerce.backend.controller.CustomerController#confirmPayment(Long, Map)
2026-03-15T17:13:18.820+05:30 DEBUG 14944 --- [ecommerce-marketplace] [nio-8080-exec-6] m.m.a.RequestResponseBodyMethodProcessor : Read "application/json;charset=UTF-8" to [{paymentIntentId=test_pi_1773574998766}]
2026-03-15T17:13:18.864+05:30 DEBUG 14944 --- [ecommerce-marketplace] [nio-8080-exec-6] o.s.w.s.m.m.a.HttpEntityMethodProcessor  : Using 'application/json', given [application/json, text/plain, */*] and supported [application/json, application/*+json]
2026-03-15T17:13:18.864+05:30 DEBUG 14944 --- [ecommerce-marketplace] [nio-8080-exec-6] o.s.w.s.m.m.a.HttpEntityMethodProcessor  : Writing [ApiResponse(success=true, message=Payment confirmed, data=PaymentResponse(paymentId=3, orderId=1, pa (truncated)...]
2026-03-15T17:13:18.864+05:30 DEBUG 14944 --- [ecommerce-marketplace] [nio-8080-exec-6] o.s.web.servlet.DispatcherServlet        : Completed 200 OK
2026-03-15T17:13:18.884+05:30 DEBUG 14944 --- [ecommerce-marketplace] [nio-8080-exec-2] o.s.security.web.FilterChainProxy        : Securing OPTIONS /api/customer/cart
2026-03-15T17:13:18.891+05:30 DEBUG 14944 --- [ecommerce-marketplace] [io-8080-exec-10] o.s.security.web.FilterChainProxy        : Securing GET /api/customer/cart
2026-03-15T17:13:18.917+05:30 DEBUG 14944 --- [ecommerce-marketplace] [io-8080-exec-10] o.s.security.web.FilterChainProxy        : Secured GET /api/customer/cart
2026-03-15T17:13:18.917+05:30 DEBUG 14944 --- [ecommerce-marketplace] [io-8080-exec-10] o.s.web.servlet.DispatcherServlet        : GET "/api/customer/cart", parameters={}
2026-03-15T17:13:18.917+05:30 TRACE 14944 --- [ecommerce-marketplace] [io-8080-exec-10] s.w.s.m.m.a.RequestMappingHandlerMapping : Mapped to com.ecommerce.backend.controller.CustomerController#getCart(UserDetails)
2026-03-15T17:13:18.935+05:30 DEBUG 14944 --- [ecommerce-marketplace] [io-8080-exec-10] o.s.w.s.m.m.a.HttpEntityMethodProcessor  : Using 'application/json', given [application/json, text/plain, */*] and supported [application/json, application/*+json]
2026-03-15T17:13:19.042+05:30 DEBUG 14944 --- [ecommerce-marketplace] [io-8080-exec-10] o.s.w.s.m.m.a.HttpEntityMethodProcessor  : Writing [java.lang.StackOverflowError]
2026-03-15T17:13:19.044+05:30 DEBUG 14944 --- [ecommerce-marketplace] [io-8080-exec-10] o.s.web.servlet.DispatcherServlet        : Completed 200 OK
2026-03-15T17:13:19.063+05:30 DEBUG 14944 --- [ecommerce-marketplace] [nio-8080-exec-4] o.s.security.web.FilterChainProxy        : Securing GET /api/customer/orders
2026-03-15T17:13:19.087+05:30 DEBUG 14944 --- [ecommerce-marketplace] [nio-8080-exec-4] o.s.security.web.FilterChainProxy        : Secured GET /api/customer/orders
2026-03-15T17:13:19.087+05:30 DEBUG 14944 --- [ecommerce-marketplace] [nio-8080-exec-4] o.s.web.servlet.DispatcherServlet        : GET "/api/customer/orders", parameters={}
2026-03-15T17:13:19.088+05:30 TRACE 14944 --- [ecommerce-marketplace] [nio-8080-exec-4] s.w.s.m.m.a.RequestMappingHandlerMapping : Mapped to com.ecommerce.backend.controller.CustomerController#getMyOrders(UserDetails)
2026-03-15T17:13:19.110+05:30 DEBUG 14944 --- [ecommerce-marketplace] [nio-8080-exec-4] o.s.w.s.m.m.a.HttpEntityMethodProcessor  : Using 'application/json', given [application/json, text/plain, */*] and supported [application/json, application/*+json]
2026-03-15T17:13:19.110+05:30 DEBUG 14944 --- [ecommerce-marketplace] [nio-8080-exec-4] o.s.w.s.m.m.a.HttpEntityMethodProcessor  : Writing [ApiResponse(success=true, message=Orders fetched, data=[OrderResponse(orderId=1, customerId=1, custo (truncated)...]
2026-03-15T17:13:19.112+05:30 DEBUG 14944 --- [ecommerce-marketplace] [nio-8080-exec-4] o.s.web.servlet.DispatcherServlet        : Completed 200 OK
2026-03-15T17:13:19.114+05:30 DEBUG 14944 --- [ecommerce-marketplace] [nio-8080-exec-7] o.s.security.web.FilterChainProxy        : Securing GET /api/customer/orders
2026-03-15T17:13:19.129+05:30 DEBUG 14944 --- [ecommerce-marketplace] [nio-8080-exec-7] o.s.security.web.FilterChainProxy        : Secured GET /api/customer/orders
2026-03-15T17:13:19.130+05:30 DEBUG 14944 --- [ecommerce-marketplace] [nio-8080-exec-7] o.s.web.servlet.DispatcherServlet        : GET "/api/customer/orders", parameters={}
2026-03-15T17:13:19.130+05:30 TRACE 14944 --- [ecommerce-marketplace] [nio-8080-exec-7] s.w.s.m.m.a.RequestMappingHandlerMapping : Mapped to com.ecommerce.backend.controller.CustomerController#getMyOrders(UserDetails)
2026-03-15T17:13:19.153+05:30 DEBUG 14944 --- [ecommerce-marketplace] [nio-8080-exec-7] o.s.w.s.m.m.a.HttpEntityMethodProcessor  : Using 'application/json', given [application/json, text/plain, */*] and supported [application/json, application/*+json]
2026-03-15T17:13:19.155+05:30 DEBUG 14944 --- [ecommerce-marketplace] [nio-8080-exec-7] o.s.w.s.m.m.a.HttpEntityMethodProcessor  : Writing [ApiResponse(success=true, message=Orders fetched, data=[OrderResponse(orderId=1, customerId=1, custo (truncated)...]
2026-03-15T17:13:19.156+05:30 DEBUG 14944 --- [ecommerce-marketplace] [nio-8080-exec-7] o.s.web.servlet.DispatcherServlet        : Completed 200 OK
2026-03-15T17:13:27.834+05:30 DEBUG 14944 --- [ecommerce-marketplace] [nio-8080-exec-1] o.s.security.web.FilterChainProxy        : Securing OPTIONS /api/customer/orders
2026-03-15T17:13:27.834+05:30 DEBUG 14944 --- [ecommerce-marketplace] [nio-8080-exec-3] o.s.security.web.FilterChainProxy        : Securing OPTIONS /api/customer/orders
2026-03-15T17:13:27.837+05:30 DEBUG 14944 --- [ecommerce-marketplace] [nio-8080-exec-5] o.s.security.web.FilterChainProxy        : Securing GET /api/customer/orders
2026-03-15T17:13:27.854+05:30 DEBUG 14944 --- [ecommerce-marketplace] [nio-8080-exec-5] o.s.security.web.FilterChainProxy        : Secured GET /api/customer/orders
2026-03-15T17:13:27.854+05:30 DEBUG 14944 --- [ecommerce-marketplace] [nio-8080-exec-5] o.s.web.servlet.DispatcherServlet        : GET "/api/customer/orders", parameters={}
2026-03-15T17:13:27.855+05:30 TRACE 14944 --- [ecommerce-marketplace] [nio-8080-exec-5] s.w.s.m.m.a.RequestMappingHandlerMapping : Mapped to com.ecommerce.backend.controller.CustomerController#getMyOrders(UserDetails)
2026-03-15T17:13:27.869+05:30 DEBUG 14944 --- [ecommerce-marketplace] [nio-8080-exec-5] o.s.w.s.m.m.a.HttpEntityMethodProcessor  : Using 'application/json', given [application/json, text/plain, */*] and supported [application/json, application/*+json]
2026-03-15T17:13:27.869+05:30 DEBUG 14944 --- [ecommerce-marketplace] [nio-8080-exec-5] o.s.w.s.m.m.a.HttpEntityMethodProcessor  : Writing [ApiResponse(success=true, message=Orders fetched, data=[OrderResponse(orderId=1, customerId=1, custo (truncated)...]
2026-03-15T17:13:27.873+05:30 DEBUG 14944 --- [ecommerce-marketplace] [nio-8080-exec-5] o.s.web.servlet.DispatcherServlet        : Completed 200 OK
2026-03-15T17:13:27.874+05:30 DEBUG 14944 --- [ecommerce-marketplace] [nio-8080-exec-9] o.s.security.web.FilterChainProxy        : Securing GET /api/customer/orders
2026-03-15T17:13:27.893+05:30 DEBUG 14944 --- [ecommerce-marketplace] [nio-8080-exec-9] o.s.security.web.FilterChainProxy        : Secured GET /api/customer/orders
2026-03-15T17:13:27.893+05:30 DEBUG 14944 --- [ecommerce-marketplace] [nio-8080-exec-9] o.s.web.servlet.DispatcherServlet        : GET "/api/customer/orders", parameters={}
2026-03-15T17:13:27.894+05:30 TRACE 14944 --- [ecommerce-marketplace] [nio-8080-exec-9] s.w.s.m.m.a.RequestMappingHandlerMapping : Mapped to com.ecommerce.backend.controller.CustomerController#getMyOrders(UserDetails)
2026-03-15T17:13:27.915+05:30 DEBUG 14944 --- [ecommerce-marketplace] [nio-8080-exec-9] o.s.w.s.m.m.a.HttpEntityMethodProcessor  : Using 'application/json', given [application/json, text/plain, */*] and supported [application/json, application/*+json]
2026-03-15T17:13:27.915+05:30 DEBUG 14944 --- [ecommerce-marketplace] [nio-8080-exec-9] o.s.w.s.m.m.a.HttpEntityMethodProcessor  : Writing [ApiResponse(success=true, message=Orders fetched, data=[OrderResponse(orderId=1, customerId=1, custo (truncated)...]
2026-03-15T17:13:27.916+05:30 DEBUG 14944 --- [ecommerce-marketplace] [nio-8080-exec-9] o.s.web.servlet.DispatcherServlet        : Completed 200 OK
